2.7928 	WARNING 	We strongly recommend you activate the PTB sound engine in PsychoPy prefs as the preferred audio engine. Its timing is vastly superior. Your prefs are currently set to use ['sounddevice', 'PTB', 'pyo', 'pygame'] (in that order).
9.9852 	WARNING 	User requested fullscreen with size [1920 1080], but screen is actually [1440, 900]. Using actual size
11.2706 	EXP 	Created window1 = Window(allowGUI=False, allowStencil=False, autoLog=True, backendConf=UNKNOWN, bitsMode=UNKNOWN, blendMode='avg', bpc=(8, 8, 8), color=array([-0.396, -0.396, -0.396]), colorSpace='rgb', depthBits=8, fullscr=<method-wrapper '__getattribute__' of attributeSetter object at 0x00000161B76B7D90>, gamma=None, gammaErrorPolicy='raise', lms=UNKNOWN, monitor=<psychopy.monitors.calibTools.Monitor object at 0x00000161918A24F0>, multiSample=False, name='window1', numSamples=2, pos=(1372, -900), screen=1, size=array([1440,  900]), stencilBits=0, stereo=False, units='norm', useFBO=True, useRetina=False, viewOri=0.0, viewPos=None, viewScale=None, waitBlanking=True, winType='pyglet')
11.2710 	EXP 	window1: mouseVisible = True
11.2711 	EXP 	window1: Attempting to measure frame rate of screen (1) ...
11.2711 	EXP 	window1: recordFrameIntervals = False
11.4370 	EXP 	window1: recordFrameIntervals = True
11.6208 	EXP 	Screen (1) actual frame rate measured at 59.95Hz
11.6208 	EXP 	window1: recordFrameIntervals = False
15.2225 	EXP 	Created Instructions = TextStim(__class__=<class 'psychopy.visual.text.TextStim'>, alignHoriz=method-wrapper(...), alignText='center', alignVert=method-wrapper(...), anchorHoriz='center', anchorVert='center', antialias=True, autoLog=True, bold=False, color=array([1., 1., 1.]), colorSpace='rgb', contrast=1.0, depth=0.0, flipHoriz=False, flipVert=False, font='Arial', fontFiles=[], height=0.1, italic=False, languageStyle='LTR', name='Instructions', opacity=1.0, ori=0, pos=array([0., 0.]), rgb=UNKNOWN, text=str(...), units='norm', win=Window(...), wrapWidth=1)
15.2226 	EXP 	window1: mouseVisible = True
15.2276 	EXP 	Created image = ImageStim(__class__=<class 'psychopy.visual.image.ImageStim'>, anchor=('center', 'center'), autoLog=True, color=array([1., 1., 1.]), colorSpace='rgb', contrast=1.0, depth=0.0, flipHoriz=False, flipVert=False, image='sin', interpolate=True, mask=None, maskParams=None, name='image', opacity=1.0, ori=0.0, pos=array([0., 0.]), size=array([0.6936, 0.4704]), texRes=128, units='height', win=Window(...))
15.2537 	EXP 	window1: mouseVisible = True
15.4180 	EXP 	Created slider = Slider(__class__=<class 'psychopy.visual.slider.Slider'>, autoDraw=False, autoLog=True, borderColor=None, color=None, colorSpace='rgb', depth=-1, fillColor=None, flip=False, font='Arial', granularity=1, labelColor=None, labelHeight=0.05, labelWrapWidth=None, labels=['HAPPY', 'SAD', 'ANGRY', 'FEARFUL'], lineColor=None, markerColor=None, name='slider', opacity=None, ori=0, pos=array([ 0. , -0.6]), readOnly=False, self=UNKNOWN, size=array([1. , 0.1]), startValue=None, style=['rating'], styleTweaks=[], ticks=array([1, 2, 3, 4]), units='norm', win=Window(...))
15.4272 	EXP 	Created next_button = TextStim(__class__=<class 'psychopy.visual.text.TextStim'>, alignHoriz=method-wrapper(...), alignText='center', alignVert=method-wrapper(...), anchorHoriz='center', anchorVert='center', antialias=True, autoLog=True, bold=False, color=array([1., 1., 1.]), colorSpace='rgb', contrast=1.0, depth=-2.0, flipHoriz=False, flipVert=False, font='Arial', fontFiles=[], height=0.1, italic=False, languageStyle='LTR', name='next_button', opacity=1.0, ori=0, pos=array([ 0.7, -0.6]), rgb=UNKNOWN, text='CONTINUE', units='norm', win=Window(...), wrapWidth=1)
15.4273 	EXP 	window1: mouseVisible = True
15.4404 	EXP 	slider: autoLog = True
15.4404 	EXP 	slider: markerPos = None
15.4404 	EXP 	slider: styleTweaks = []
15.4404 	EXP 	slider: styleTweaks = []
15.4404 	EXP 	slider: styleTweaks = []
15.4404 	EXP 	slider: styleTweaks = []
15.4404 	EXP 	slider: contrast = 1.0
15.4404 	EXP 	slider: autoLog = True
15.4404 	EXP 	Instructions: autoDraw = True
16.6851 	DATA 	Mouse: Left button down, pos=(1197,280)
16.6956 	EXP 	Imported facesBlock.csv as conditions, 24 conditions, 4 params
16.6964 	EXP 	Created sequence: sequential, trialTypes=24, nReps=1, seed=None
16.6969 	EXP 	New trial (rep=0, index=0): OrderedDict([('stimFile', 'stims\\IMG_0001.jpg'), ('correctAnswer', 1), ('intensity', 2), ('stimuliGender', 1)])
16.7764 	DATA 	Mouse:  Left button up, pos=(1197,280)
16.8086 	EXP 	Instructions: autoDraw = False
16.8086 	EXP 	image: image = 'stims\\IMG_0001.jpg'
16.8086 	EXP 	slider: markerPos = None
16.8086 	EXP 	slider: markerPos = None
16.8086 	EXP 	slider: autoDraw = True
16.8086 	EXP 	next_button: autoDraw = True
16.8919 	EXP 	image: autoDraw = True
17.4206 	DATA 	Mouse: Left button down, pos=(1086,184)
17.4592 	EXP 	slider: markerPos = 4.025
17.4926 	EXP 	slider: markerPos = 4.025
17.4933 	DATA 	Mouse:  Left button up, pos=(1086,184)
17.5260 	EXP 	slider: markerPos = 4
17.7576 	DATA 	Mouse: Left button down, pos=(1147,182)
17.7843 	EXP 	New trial (rep=0, index=1): OrderedDict([('stimFile', 'stims\\IMG_0002.jpg'), ('correctAnswer', 4), ('intensity', 1), ('stimuliGender', 1)])
17.8626 	DATA 	Mouse:  Left button up, pos=(1147,182)
17.8931 	EXP 	image: autoDraw = False
17.8931 	EXP 	slider: autoDraw = False
17.8931 	EXP 	next_button: autoDraw = False
17.8931 	EXP 	image: image = 'stims\\IMG_0002.jpg'
17.8931 	EXP 	slider: markerPos = None
17.8931 	EXP 	slider: markerPos = None
17.8931 	EXP 	slider: autoDraw = True
17.8931 	EXP 	next_button: autoDraw = True
17.9765 	EXP 	image: autoDraw = True
18.2937 	DATA 	Mouse: Left button down, pos=(1094,182)
18.3266 	EXP 	slider: markerPos = 4.058333333333334
18.3599 	EXP 	slider: markerPos = 4.058333333333334
18.3759 	DATA 	Mouse:  Left button up, pos=(1094,182)
18.3934 	EXP 	slider: markerPos = 4.058333333333334
18.4267 	EXP 	slider: markerPos = 4
18.5923 	DATA 	Mouse: Left button down, pos=(1121,178)
18.6165 	EXP 	New trial (rep=0, index=2): OrderedDict([('stimFile', 'stims\\IMG_0003.jpg'), ('correctAnswer', 3), ('intensity', 2), ('stimuliGender', 1)])
18.6771 	DATA 	Mouse:  Left button up, pos=(1121,178)
18.6936 	EXP 	image: autoDraw = False
18.6936 	EXP 	slider: autoDraw = False
18.6936 	EXP 	next_button: autoDraw = False
18.6936 	EXP 	image: image = 'stims\\IMG_0003.jpg'
18.6936 	EXP 	slider: markerPos = None
18.6936 	EXP 	slider: markerPos = None
18.6936 	EXP 	slider: autoDraw = True
18.6936 	EXP 	next_button: autoDraw = True
18.7769 	EXP 	image: autoDraw = True
18.9945 	DATA 	Mouse: Left button down, pos=(1073,175)
19.0274 	EXP 	slider: markerPos = 3.970833333333333
19.0607 	EXP 	slider: markerPos = 3.970833333333333
19.0612 	DATA 	Mouse:  Left button up, pos=(1073,175)
19.0941 	EXP 	slider: markerPos = 4
19.2779 	DATA 	Mouse: Left button down, pos=(1215,156)
19.2838 	EXP 	New trial (rep=0, index=3): OrderedDict([('stimFile', 'stims\\IMG_0004.jpg'), ('correctAnswer', 1), ('intensity', 1), ('stimuliGender', 1)])
19.4698 	DATA 	Mouse:  Left button up, pos=(1215,156)
19.4945 	EXP 	image: autoDraw = False
19.4945 	EXP 	slider: autoDraw = False
19.4945 	EXP 	next_button: autoDraw = False
19.4945 	EXP 	image: image = 'stims\\IMG_0004.jpg'
19.4945 	EXP 	slider: markerPos = None
19.4945 	EXP 	slider: markerPos = None
19.4945 	EXP 	slider: autoDraw = True
19.4945 	EXP 	next_button: autoDraw = True
19.7280 	EXP 	image: autoDraw = True
19.9958 	DATA 	Mouse: Left button down, pos=(1069,179)
20.0281 	EXP 	slider: markerPos = 3.9541666666666666
20.0615 	EXP 	slider: markerPos = 3.9541666666666666
20.0821 	DATA 	Mouse:  Left button up, pos=(1069,180)
20.0949 	EXP 	slider: markerPos = 3.9541666666666666
20.1283 	EXP 	slider: markerPos = 4
20.2775 	DATA 	Mouse: Left button down, pos=(1183,180)
20.3015 	EXP 	New trial (rep=0, index=4): OrderedDict([('stimFile', 'stims\\IMG_0005.jpg'), ('correctAnswer', 3), ('intensity', 1), ('stimuliGender', 1)])
20.3614 	DATA 	Mouse:  Left button up, pos=(1183,180)
20.3784 	EXP 	image: autoDraw = False
20.3784 	EXP 	slider: autoDraw = False
20.3784 	EXP 	next_button: autoDraw = False
20.3784 	EXP 	image: image = 'stims\\IMG_0005.jpg'
20.3784 	EXP 	slider: markerPos = None
20.3784 	EXP 	slider: markerPos = None
20.3784 	EXP 	slider: autoDraw = True
20.3784 	EXP 	next_button: autoDraw = True
20.5286 	EXP 	image: autoDraw = True
20.6769 	DATA 	Mouse: Left button down, pos=(1081,182)
20.7289 	EXP 	slider: markerPos = 4.004166666666666
20.7622 	EXP 	slider: markerPos = 4.004166666666666
20.7628 	DATA 	Mouse:  Left button up, pos=(1082,182)
20.7957 	EXP 	slider: markerPos = 4
20.9478 	DATA 	Mouse: Left button down, pos=(1263,168)
20.9687 	EXP 	New trial (rep=0, index=5): OrderedDict([('stimFile', 'stims\\IMG_0006.jpg'), ('correctAnswer', 2), ('intensity', 2), ('stimuliGender', 1)])
21.1515 	DATA 	Mouse:  Left button up, pos=(1263,168)
21.1793 	EXP 	image: autoDraw = False
21.1793 	EXP 	slider: autoDraw = False
21.1793 	EXP 	next_button: autoDraw = False
21.1793 	EXP 	image: image = 'stims\\IMG_0006.jpg'
21.1793 	EXP 	slider: markerPos = None
21.1793 	EXP 	slider: markerPos = None
21.1793 	EXP 	slider: autoDraw = True
21.1793 	EXP 	next_button: autoDraw = True
21.2963 	EXP 	image: autoDraw = True
21.5493 	DATA 	Mouse: Left button down, pos=(1095,177)
21.5964 	EXP 	slider: markerPos = 4.0625
21.6262 	DATA 	Mouse:  Left button up, pos=(1095,177)
21.6299 	EXP 	slider: markerPos = 4.0625
21.6632 	EXP 	slider: markerPos = 4
21.8154 	DATA 	Mouse: Left button down, pos=(1197,179)
21.8412 	EXP 	New trial (rep=0, index=6): OrderedDict([('stimFile', 'stims\\IMG_0007.jpg'), ('correctAnswer', 1), ('intensity', 1), ('stimuliGender', 1)])
21.9110 	DATA 	Mouse:  Left button up, pos=(1195,179)
21.9300 	EXP 	image: autoDraw = False
21.9300 	EXP 	slider: autoDraw = False
21.9300 	EXP 	next_button: autoDraw = False
21.9300 	EXP 	image: image = 'stims\\IMG_0007.jpg'
21.9300 	EXP 	slider: markerPos = None
21.9300 	EXP 	slider: markerPos = None
21.9300 	EXP 	slider: autoDraw = True
21.9300 	EXP 	next_button: autoDraw = True
22.1136 	EXP 	image: autoDraw = True
22.2747 	DATA 	Mouse: Left button down, pos=(1089,179)
22.3137 	EXP 	slider: markerPos = 4.0375
22.3469 	EXP 	slider: markerPos = 4.0375
22.3686 	DATA 	Mouse:  Left button up, pos=(1089,180)
22.3805 	EXP 	slider: markerPos = 4.0375
22.4138 	EXP 	slider: markerPos = 4
22.5675 	DATA 	Mouse: Left button down, pos=(1171,182)
22.5918 	EXP 	New trial (rep=0, index=7): OrderedDict([('stimFile', 'stims\\IMG_0008.jpg'), ('correctAnswer', 4), ('intensity', 1), ('stimuliGender', 1)])
22.7025 	DATA 	Mouse:  Left button up, pos=(1171,182)
22.7310 	EXP 	image: autoDraw = False
22.7310 	EXP 	slider: autoDraw = False
22.7310 	EXP 	next_button: autoDraw = False
22.7310 	EXP 	image: image = 'stims\\IMG_0008.jpg'
22.7310 	EXP 	slider: markerPos = None
22.7310 	EXP 	slider: markerPos = None
22.7310 	EXP 	slider: autoDraw = True
22.7310 	EXP 	next_button: autoDraw = True
22.8311 	EXP 	image: autoDraw = True
22.9842 	DATA 	Mouse: Left button down, pos=(1110,175)
23.0074 	EXP 	New trial (rep=0, index=8): OrderedDict([('stimFile', 'stims\\IMG_0009.jpg'), ('correctAnswer', 4), ('intensity', 2), ('stimuliGender', 1)])
23.0850 	DATA 	Mouse:  Left button up, pos=(1110,175)
23.1145 	EXP 	image: autoDraw = False
23.1145 	EXP 	slider: autoDraw = False
23.1145 	EXP 	next_button: autoDraw = False
23.1145 	EXP 	image: image = 'stims\\IMG_0009.jpg'
23.1145 	EXP 	slider: markerPos = None
23.1145 	EXP 	slider: markerPos = None
23.1145 	EXP 	slider: autoDraw = True
23.1145 	EXP 	next_button: autoDraw = True
23.1980 	EXP 	image: autoDraw = True
23.7324 	DATA 	Mouse: Left button down, pos=(1086,182)
23.7649 	EXP 	slider: markerPos = 4.025
23.7984 	EXP 	slider: markerPos = 4.025
23.7994 	DATA 	Mouse:  Left button up, pos=(1086,182)
23.8317 	EXP 	slider: markerPos = 4
23.9940 	DATA 	Mouse: Left button down, pos=(1152,180)
24.0047 	EXP 	New trial (rep=0, index=9): OrderedDict([('stimFile', 'stims\\IMG_0010.jpg'), ('correctAnswer', 1), ('intensity', 1), ('stimuliGender', 1)])
24.0662 	DATA 	Mouse:  Left button up, pos=(1152,180)
24.0820 	EXP 	image: autoDraw = False
24.0820 	EXP 	slider: autoDraw = False
24.0820 	EXP 	next_button: autoDraw = False
24.0820 	EXP 	image: image = 'stims\\IMG_0010.jpg'
24.0820 	EXP 	slider: markerPos = None
24.0820 	EXP 	slider: markerPos = None
24.0820 	EXP 	slider: autoDraw = True
24.0820 	EXP 	next_button: autoDraw = True
24.1653 	EXP 	image: autoDraw = True
24.3934 	DATA 	Mouse: Left button down, pos=(1077,181)
24.4323 	EXP 	slider: markerPos = 3.9875
24.4480 	DATA 	Mouse:  Left button up, pos=(1077,181)
24.4656 	EXP 	slider: markerPos = 3.9875
24.4993 	EXP 	slider: markerPos = 4
24.6330 	DATA 	Mouse: Left button down, pos=(1161,177)
24.6390 	EXP 	New trial (rep=0, index=10): OrderedDict([('stimFile', 'stims\\IMG_0011.jpg'), ('correctAnswer', 2), ('intensity', 2), ('stimuliGender', 1)])
24.7159 	EXP 	image: autoDraw = False
24.7159 	EXP 	slider: autoDraw = False
24.7159 	EXP 	next_button: autoDraw = False
24.7159 	EXP 	image: image = 'stims\\IMG_0011.jpg'
24.7159 	EXP 	slider: markerPos = None
24.7159 	EXP 	slider: markerPos = None
24.7159 	EXP 	slider: autoDraw = True
24.7159 	EXP 	next_button: autoDraw = True
24.7164 	DATA 	Mouse:  Left button up, pos=(1161,177)
24.7993 	EXP 	image: autoDraw = True
25.0100 	DATA 	Mouse: Left button down, pos=(1058,175)
25.0495 	EXP 	slider: markerPos = 3.908333333333333
25.0831 	EXP 	slider: markerPos = 3.908333333333333
25.0996 	DATA 	Mouse:  Left button up, pos=(1058,176)
25.1164 	EXP 	slider: markerPos = 3.908333333333333
25.1496 	EXP 	slider: markerPos = 4
25.3274 	DATA 	Mouse: Left button down, pos=(1180,180)
25.3397 	EXP 	New trial (rep=0, index=11): OrderedDict([('stimFile', 'stims\\IMG_0012.jpg'), ('correctAnswer', 3), ('intensity', 1), ('stimuliGender', 1)])
25.4165 	EXP 	image: autoDraw = False
25.4165 	EXP 	slider: autoDraw = False
25.4165 	EXP 	next_button: autoDraw = False
25.4165 	EXP 	image: image = 'stims\\IMG_0012.jpg'
25.4165 	EXP 	slider: markerPos = None
25.4165 	EXP 	slider: markerPos = None
25.4165 	EXP 	slider: autoDraw = True
25.4165 	EXP 	next_button: autoDraw = True
25.4173 	DATA 	Mouse:  Left button up, pos=(1180,181)
25.4833 	EXP 	image: autoDraw = True
25.9009 	DATA 	Mouse: Left button down, pos=(1087,181)
25.9337 	EXP 	slider: markerPos = 4.029166666666667
25.9671 	EXP 	slider: markerPos = 4.029166666666667
25.9835 	DATA 	Mouse:  Left button up, pos=(1087,181)
26.0004 	EXP 	slider: markerPos = 4.029166666666667
26.0338 	EXP 	slider: markerPos = 4
26.1621 	DATA 	Mouse: Left button down, pos=(1152,178)
26.1734 	EXP 	New trial (rep=0, index=12): OrderedDict([('stimFile', 'stims\\IMG_0013.jpg'), ('correctAnswer', 2), ('intensity', 1), ('stimuliGender', 2)])
26.2388 	DATA 	Mouse:  Left button up, pos=(1152,178)
26.2507 	EXP 	image: autoDraw = False
26.2507 	EXP 	slider: autoDraw = False
26.2507 	EXP 	next_button: autoDraw = False
26.2507 	EXP 	image: image = 'stims\\IMG_0013.jpg'
26.2507 	EXP 	slider: markerPos = None
26.2507 	EXP 	slider: markerPos = None
26.2507 	EXP 	slider: autoDraw = True
26.2507 	EXP 	next_button: autoDraw = True
26.3177 	EXP 	image: autoDraw = True
26.6207 	DATA 	Mouse: Left button down, pos=(1070,175)
26.6680 	EXP 	slider: markerPos = 3.9583333333333335
26.6930 	DATA 	Mouse:  Left button up, pos=(1071,175)
26.7013 	EXP 	slider: markerPos = 3.9583333333333335
26.7347 	EXP 	slider: markerPos = 4
26.9023 	DATA 	Mouse: Left button down, pos=(1177,178)
26.9089 	EXP 	New trial (rep=0, index=13): OrderedDict([('stimFile', 'stims\\IMG_0014.jpg'), ('correctAnswer', 2), ('intensity', 1), ('stimuliGender', 2)])
26.9922 	DATA 	Mouse:  Left button up, pos=(1177,179)
27.0013 	EXP 	image: autoDraw = False
27.0013 	EXP 	slider: autoDraw = False
27.0013 	EXP 	next_button: autoDraw = False
27.0013 	EXP 	image: image = 'stims\\IMG_0014.jpg'
27.0013 	EXP 	slider: markerPos = None
27.0013 	EXP 	slider: markerPos = None
27.0013 	EXP 	slider: autoDraw = True
27.0013 	EXP 	next_button: autoDraw = True
27.0681 	EXP 	image: autoDraw = True
27.4994 	DATA 	Mouse: Left button down, pos=(1097,179)
27.5522 	EXP 	slider: markerPos = 4.070833333333334
27.5855 	EXP 	slider: markerPos = 4.070833333333334
27.6150 	DATA 	Mouse:  Left button up, pos=(1097,179)
27.6189 	EXP 	slider: markerPos = 4.070833333333334
27.6523 	EXP 	slider: markerPos = 4
27.8366 	DATA 	Mouse: Left button down, pos=(1142,178)
27.8630 	EXP 	New trial (rep=0, index=14): OrderedDict([('stimFile', 'stims\\IMG_0015.jpg'), ('correctAnswer', 3), ('intensity', 2), ('stimuliGender', 2)])
27.9310 	DATA 	Mouse:  Left button up, pos=(1142,178)
27.9525 	EXP 	image: autoDraw = False
27.9525 	EXP 	slider: autoDraw = False
27.9525 	EXP 	next_button: autoDraw = False
27.9525 	EXP 	image: image = 'stims\\IMG_0015.jpg'
27.9525 	EXP 	slider: markerPos = None
27.9525 	EXP 	slider: markerPos = None
27.9525 	EXP 	slider: autoDraw = True
27.9525 	EXP 	next_button: autoDraw = True
28.0360 	EXP 	image: autoDraw = True
28.2886 	DATA 	Mouse: Left button down, pos=(1092,181)
28.3193 	EXP 	slider: markerPos = 4.05
28.3528 	EXP 	slider: markerPos = 4.05
28.3690 	DATA 	Mouse:  Left button up, pos=(1092,181)
28.3861 	EXP 	slider: markerPos = 4.05
28.4195 	EXP 	slider: markerPos = 4
28.6140 	DATA 	Mouse: Left button down, pos=(1137,183)
28.6257 	EXP 	New trial (rep=0, index=15): OrderedDict([('stimFile', 'stims\\IMG_0016.jpg'), ('correctAnswer', 4), ('intensity', 1), ('stimuliGender', 2)])
28.6834 	DATA 	Mouse:  Left button up, pos=(1137,183)
28.7030 	EXP 	image: autoDraw = False
28.7030 	EXP 	slider: autoDraw = False
28.7030 	EXP 	next_button: autoDraw = False
28.7030 	EXP 	image: image = 'stims\\IMG_0016.jpg'
28.7030 	EXP 	slider: markerPos = None
28.7030 	EXP 	slider: markerPos = None
28.7030 	EXP 	slider: autoDraw = True
28.7030 	EXP 	next_button: autoDraw = True
28.7865 	EXP 	image: autoDraw = True
29.0491 	DATA 	Mouse: Left button down, pos=(1095,181)
29.0867 	EXP 	slider: markerPos = 4.0625
29.1202 	EXP 	slider: markerPos = 4.0625
29.1212 	DATA 	Mouse:  Left button up, pos=(1095,181)
29.1535 	EXP 	slider: markerPos = 4
29.3209 	DATA 	Mouse: Left button down, pos=(1158,175)
29.3268 	EXP 	New trial (rep=0, index=16): OrderedDict([('stimFile', 'stims\\IMG_0017.jpg'), ('correctAnswer', 2), ('intensity', 1), ('stimuliGender', 2)])
29.4038 	EXP 	image: autoDraw = False
29.4038 	EXP 	slider: autoDraw = False
29.4038 	EXP 	next_button: autoDraw = False
29.4038 	EXP 	image: image = 'stims\\IMG_0017.jpg'
29.4038 	EXP 	slider: markerPos = None
29.4038 	EXP 	slider: markerPos = None
29.4038 	EXP 	slider: autoDraw = True
29.4038 	EXP 	next_button: autoDraw = True
29.4044 	DATA 	Mouse:  Left button up, pos=(1158,175)
29.4871 	EXP 	image: autoDraw = True
29.7053 	DATA 	Mouse: Left button down, pos=(1075,176)
29.7373 	EXP 	slider: markerPos = 3.979166666666667
29.7708 	EXP 	slider: markerPos = 3.979166666666667
29.8042 	EXP 	slider: markerPos = 3.979166666666667
29.8056 	DATA 	Mouse:  Left button up, pos=(1079,175)
29.8375 	EXP 	slider: markerPos = 4
29.9826 	DATA 	Mouse: Left button down, pos=(1238,173)
29.9941 	EXP 	New trial (rep=0, index=17): OrderedDict([('stimFile', 'stims\\IMG_0018.jpg'), ('correctAnswer', 2), ('intensity', 2), ('stimuliGender', 2)])
30.0713 	EXP 	image: autoDraw = False
30.0713 	EXP 	slider: autoDraw = False
30.0713 	EXP 	next_button: autoDraw = False
30.0713 	EXP 	image: image = 'stims\\IMG_0018.jpg'
30.0713 	EXP 	slider: markerPos = None
30.0713 	EXP 	slider: markerPos = None
30.0713 	EXP 	slider: autoDraw = True
30.0713 	EXP 	next_button: autoDraw = True
30.0883 	DATA 	Mouse:  Left button up, pos=(1238,173)
30.1544 	EXP 	image: autoDraw = True
30.4490 	DATA 	Mouse: Left button down, pos=(1089,182)
30.4880 	EXP 	slider: markerPos = 4.0375
30.5214 	EXP 	slider: markerPos = 4.0375
30.5222 	DATA 	Mouse:  Left button up, pos=(1089,182)
30.5548 	EXP 	slider: markerPos = 4
30.7323 	DATA 	Mouse: Left button down, pos=(1139,182)
30.7442 	EXP 	New trial (rep=0, index=18): OrderedDict([('stimFile', 'stims\\IMG_0019.jpg'), ('correctAnswer', 4), ('intensity', 2), ('stimuliGender', 2)])
30.8119 	DATA 	Mouse:  Left button up, pos=(1139,182)
30.8217 	EXP 	image: autoDraw = False
30.8217 	EXP 	slider: autoDraw = False
30.8217 	EXP 	next_button: autoDraw = False
30.8217 	EXP 	image: image = 'stims\\IMG_0019.jpg'
30.8217 	EXP 	slider: markerPos = None
30.8217 	EXP 	slider: markerPos = None
30.8217 	EXP 	slider: autoDraw = True
30.8217 	EXP 	next_button: autoDraw = True
30.8884 	EXP 	image: autoDraw = True
31.1227 	DATA 	Mouse: Left button down, pos=(1066,175)
31.1555 	EXP 	slider: markerPos = 3.941666666666667
31.1888 	EXP 	slider: markerPos = 3.941666666666667
31.2223 	EXP 	slider: markerPos = 3.941666666666667
31.2230 	DATA 	Mouse:  Left button up, pos=(1066,175)
31.2555 	EXP 	slider: markerPos = 4
31.3902 	DATA 	Mouse: Left button down, pos=(1171,180)
31.3996 	EXP 	New trial (rep=0, index=19): OrderedDict([('stimFile', 'stims\\IMG_0020.jpg'), ('correctAnswer', 3), ('intensity', 1), ('stimuliGender', 2)])
31.5112 	DATA 	Mouse:  Left button up, pos=(1171,180)
31.5393 	EXP 	image: autoDraw = False
31.5393 	EXP 	slider: autoDraw = False
31.5393 	EXP 	next_button: autoDraw = False
31.5393 	EXP 	image: image = 'stims\\IMG_0020.jpg'
31.5393 	EXP 	slider: markerPos = None
31.5393 	EXP 	slider: markerPos = None
31.5393 	EXP 	slider: autoDraw = True
31.5393 	EXP 	next_button: autoDraw = True
31.6061 	EXP 	image: autoDraw = True
31.8735 	DATA 	Mouse: Left button down, pos=(1081,183)
31.9063 	EXP 	slider: markerPos = 4.004166666666666
31.9398 	EXP 	slider: markerPos = 4.004166666666666
31.9641 	DATA 	Mouse:  Left button up, pos=(1081,183)
31.9731 	EXP 	slider: markerPos = 4.004166666666666
32.0064 	EXP 	slider: markerPos = 4
32.2247 	DATA 	Mouse: Left button down, pos=(1156,181)
32.2307 	EXP 	New trial (rep=0, index=20): OrderedDict([('stimFile', 'stims\\IMG_0021.jpg'), ('correctAnswer', 4), ('intensity', 2), ('stimuliGender', 2)])
32.2963 	DATA 	Mouse:  Left button up, pos=(1156,182)
32.3065 	EXP 	image: autoDraw = False
32.3065 	EXP 	slider: autoDraw = False
32.3065 	EXP 	next_button: autoDraw = False
32.3065 	EXP 	image: image = 'stims\\IMG_0021.jpg'
32.3065 	EXP 	slider: markerPos = None
32.3065 	EXP 	slider: markerPos = None
32.3065 	EXP 	slider: autoDraw = True
32.3065 	EXP 	next_button: autoDraw = True
32.3900 	EXP 	image: autoDraw = True
32.7745 	DATA 	Mouse: Left button down, pos=(1093,179)
32.8071 	EXP 	slider: markerPos = 4.054166666666667
32.8344 	DATA 	Mouse:  Left button up, pos=(1093,179)
32.8406 	EXP 	slider: markerPos = 4.054166666666667
32.8738 	EXP 	slider: markerPos = 4
33.0365 	DATA 	Mouse: Left button down, pos=(1171,178)
33.0471 	EXP 	New trial (rep=0, index=21): OrderedDict([('stimFile', 'stims\\IMG_0022.jpg'), ('correctAnswer', 3), ('intensity', 2), ('stimuliGender', 2)])
33.1141 	DATA 	Mouse:  Left button up, pos=(1170,178)
33.1408 	EXP 	image: autoDraw = False
33.1408 	EXP 	slider: autoDraw = False
33.1408 	EXP 	next_button: autoDraw = False
33.1408 	EXP 	image: image = 'stims\\IMG_0022.jpg'
33.1408 	EXP 	slider: markerPos = None
33.1408 	EXP 	slider: markerPos = None
33.1408 	EXP 	slider: autoDraw = True
33.1408 	EXP 	next_button: autoDraw = True
33.2243 	EXP 	image: autoDraw = True
33.5532 	DATA 	Mouse: Left button down, pos=(1083,178)
33.5911 	EXP 	slider: markerPos = 4.0125
33.6246 	EXP 	slider: markerPos = 4.0125
33.6425 	DATA 	Mouse:  Left button up, pos=(1083,178)
33.6579 	EXP 	slider: markerPos = 4.0125
33.6911 	EXP 	slider: markerPos = 4
33.8252 	DATA 	Mouse: Left button down, pos=(1174,178)
33.8315 	EXP 	New trial (rep=0, index=22): OrderedDict([('stimFile', 'stims\\IMG_0023.jpg'), ('correctAnswer', 1), ('intensity', 2), ('stimuliGender', 2)])
33.9081 	EXP 	image: autoDraw = False
33.9081 	EXP 	slider: autoDraw = False
33.9081 	EXP 	next_button: autoDraw = False
33.9081 	EXP 	image: image = 'stims\\IMG_0023.jpg'
33.9081 	EXP 	slider: markerPos = None
33.9081 	EXP 	slider: markerPos = None
33.9081 	EXP 	slider: autoDraw = True
33.9081 	EXP 	next_button: autoDraw = True
33.9090 	DATA 	Mouse:  Left button up, pos=(1174,178)
33.9914 	EXP 	image: autoDraw = True
34.2107 	DATA 	Mouse: Left button down, pos=(1077,177)
34.2418 	EXP 	slider: markerPos = 3.9875
34.2751 	EXP 	slider: markerPos = 3.9875
34.3083 	EXP 	slider: markerPos = 3.9875
34.3095 	DATA 	Mouse:  Left button up, pos=(1079,178)
34.3420 	EXP 	slider: markerPos = 4
34.4865 	DATA 	Mouse: Left button down, pos=(1168,184)
34.4979 	EXP 	New trial (rep=0, index=23): OrderedDict([('stimFile', 'stims\\IMG_0024.jpg'), ('correctAnswer', 1), ('intensity', 2), ('stimuliGender', 2)])
34.5753 	EXP 	image: autoDraw = False
34.5753 	EXP 	slider: autoDraw = False
34.5753 	EXP 	next_button: autoDraw = False
34.5753 	EXP 	image: image = 'stims\\IMG_0024.jpg'
34.5753 	EXP 	slider: markerPos = None
34.5753 	EXP 	slider: markerPos = None
34.5753 	EXP 	slider: autoDraw = True
34.5753 	EXP 	next_button: autoDraw = True
34.5862 	DATA 	Mouse:  Left button up, pos=(1168,184)
34.6421 	EXP 	image: autoDraw = True
34.9930 	DATA 	Mouse: Left button down, pos=(1090,178)
35.0258 	EXP 	slider: markerPos = 4.041666666666666
35.0590 	EXP 	slider: markerPos = 4.041666666666666
35.0925 	EXP 	slider: markerPos = 4.041666666666666
35.0932 	DATA 	Mouse:  Left button up, pos=(1090,178)
35.1260 	EXP 	slider: markerPos = 4
35.3106 	DATA 	Mouse: Left button down, pos=(1164,184)
35.3261 	EXP 	image: autoDraw = False
35.3261 	EXP 	slider: autoDraw = False
35.3261 	EXP 	next_button: autoDraw = False
55.6182 	EXP 	window1: mouseVisible = True
