2.7881 	WARNING 	We strongly recommend you activate the PTB sound engine in PsychoPy prefs as the preferred audio engine. Its timing is vastly superior. Your prefs are currently set to use ['sounddevice', 'PTB', 'pyo', 'pygame'] (in that order).
12.4567 	WARNING 	User requested fullscreen with size [1920 1080], but screen is actually [1440, 900]. Using actual size
13.7789 	EXP 	Created window1 = Window(allowGUI=False, allowStencil=False, autoLog=True, backendConf=UNKNOWN, bitsMode=UNKNOWN, blendMode='avg', bpc=(8, 8, 8), color=array([-0.396, -0.396, -0.396]), colorSpace='rgb', depthBits=8, fullscr=<method-wrapper '__getattribute__' of attributeSetter object at 0x00000144D2B7EDC0>, gamma=None, gammaErrorPolicy='raise', lms=UNKNOWN, monitor=<psychopy.monitors.calibTools.Monitor object at 0x00000144ACE6A4C0>, multiSample=False, name='window1', numSamples=2, pos=(1372, -900), screen=1, size=array([1440,  900]), stencilBits=0, stereo=False, units='norm', useFBO=True, useRetina=False, viewOri=0.0, viewPos=None, viewScale=None, waitBlanking=True, winType='pyglet')
13.7793 	EXP 	window1: mouseVisible = True
13.7794 	EXP 	window1: Attempting to measure frame rate of screen (1) ...
13.7794 	EXP 	window1: recordFrameIntervals = False
13.9450 	EXP 	window1: recordFrameIntervals = True
14.1284 	EXP 	Screen (1) actual frame rate measured at 60.04Hz
14.1285 	EXP 	window1: recordFrameIntervals = False
17.7536 	EXP 	Created Instructions = TextStim(__class__=<class 'psychopy.visual.text.TextStim'>, alignHoriz=method-wrapper(...), alignText='center', alignVert=method-wrapper(...), anchorHoriz='center', anchorVert='center', antialias=True, autoLog=True, bold=False, color=array([1., 1., 1.]), colorSpace='rgb', contrast=1.0, depth=0.0, flipHoriz=False, flipVert=False, font='Arial', fontFiles=[], height=0.1, italic=False, languageStyle='LTR', name='Instructions', opacity=1.0, ori=0, pos=array([0., 0.]), rgb=UNKNOWN, text=str(...), units='norm', win=Window(...), wrapWidth=1)
17.7538 	EXP 	window1: mouseVisible = True
17.7605 	EXP 	Created image = ImageStim(__class__=<class 'psychopy.visual.image.ImageStim'>, anchor=('center', 'center'), autoLog=True, color=array([1., 1., 1.]), colorSpace='rgb', contrast=1.0, depth=0.0, flipHoriz=False, flipVert=False, image='sin', interpolate=True, mask=None, maskParams=None, name='image', opacity=1.0, ori=0.0, pos=array([0., 0.]), size=array([0.6936, 0.4704]), texRes=128, units='height', win=Window(...))
17.7875 	EXP 	window1: mouseVisible = True
17.9196 	EXP 	Created slider = Slider(__class__=<class 'psychopy.visual.slider.Slider'>, autoDraw=False, autoLog=True, borderColor=None, color=None, colorSpace='rgb', depth=-1, fillColor=None, flip=False, font='Arial', granularity=1, labelColor=None, labelHeight=0.05, labelWrapWidth=None, labels=['HAPPY', 'SAD', 'ANGRY', 'FEARFUL'], lineColor=None, markerColor=None, name='slider', opacity=None, ori=0, pos=array([ 0. , -0.6]), readOnly=False, self=UNKNOWN, size=array([1. , 0.1]), startValue=None, style=['rating'], styleTweaks=[], ticks=array([1, 2, 3, 4]), units='norm', win=Window(...))
17.9291 	EXP 	Created next_button = TextStim(__class__=<class 'psychopy.visual.text.TextStim'>, alignHoriz=method-wrapper(...), alignText='center', alignVert=method-wrapper(...), anchorHoriz='center', anchorVert='center', antialias=True, autoLog=True, bold=False, color=array([1., 1., 1.]), colorSpace='rgb', contrast=1.0, depth=-2.0, flipHoriz=False, flipVert=False, font='Arial', fontFiles=[], height=0.1, italic=False, languageStyle='LTR', name='next_button', opacity=1.0, ori=0, pos=array([ 0.7, -0.6]), rgb=UNKNOWN, text='CONTINUE', units='norm', win=Window(...), wrapWidth=1)
17.9292 	EXP 	window1: mouseVisible = True
17.9480 	EXP 	slider: autoLog = True
17.9480 	EXP 	slider: markerPos = None
17.9480 	EXP 	slider: styleTweaks = []
17.9480 	EXP 	slider: styleTweaks = []
17.9480 	EXP 	slider: styleTweaks = []
17.9480 	EXP 	slider: styleTweaks = []
17.9480 	EXP 	slider: contrast = 1.0
17.9480 	EXP 	slider: autoLog = True
17.9480 	EXP 	Instructions: autoDraw = True
18.3003 	DATA 	Mouse: Left button down, pos=(698,168)
18.3075 	EXP 	Imported facesBlock.csv as conditions, 24 conditions, 4 params
18.3080 	EXP 	Created sequence: sequential, trialTypes=24, nReps=1, seed=None
18.3083 	EXP 	New trial (rep=0, index=0): OrderedDict([('stimFile', 'stims\\IMG_0001.jpg'), ('correctAnswer', 1), ('intensity', 2), ('stimuliGender', 1)])
18.4123 	DATA 	Mouse:  Left button up, pos=(698,169)
18.4318 	EXP 	Instructions: autoDraw = False
18.4318 	EXP 	image: image = 'stims\\IMG_0001.jpg'
18.4318 	EXP 	slider: markerPos = None
18.4318 	EXP 	slider: markerPos = None
18.4318 	EXP 	slider: autoDraw = True
18.4318 	EXP 	next_button: autoDraw = True
18.4318 	EXP 	slider: markerPos = 2.408333333333333
18.4651 	EXP 	slider: markerPos = 2
18.4983 	EXP 	image: autoDraw = True
19.3632 	DATA 	Mouse: Left button down, pos=(1081,182)
19.4093 	DATA 	Mouse:  Left button up, pos=(1081,182)
19.4160 	EXP 	slider: markerPos = 4.004166666666666
19.4492 	EXP 	slider: markerPos = 4
19.6824 	DATA 	Mouse: Left button down, pos=(1159,184)
19.7071 	EXP 	New trial (rep=0, index=1): OrderedDict([('stimFile', 'stims\\IMG_0002.jpg'), ('correctAnswer', 4), ('intensity', 1), ('stimuliGender', 1)])
19.7713 	DATA 	Mouse:  Left button up, pos=(1159,184)
19.7997 	EXP 	image: autoDraw = False
19.7997 	EXP 	slider: autoDraw = False
19.7997 	EXP 	next_button: autoDraw = False
19.7997 	EXP 	image: image = 'stims\\IMG_0002.jpg'
19.7997 	EXP 	slider: markerPos = None
19.7997 	EXP 	slider: markerPos = None
19.7997 	EXP 	slider: autoDraw = True
19.7997 	EXP 	next_button: autoDraw = True
19.8830 	EXP 	image: autoDraw = True
20.1117 	DATA 	Mouse: Left button down, pos=(1071,178)
20.1499 	EXP 	slider: markerPos = 3.9625000000000004
20.1833 	EXP 	slider: markerPos = 3.9625000000000004
20.1843 	DATA 	Mouse:  Left button up, pos=(1072,178)
20.2166 	EXP 	slider: markerPos = 4
20.3674 	DATA 	Mouse: Left button down, pos=(1160,189)
20.3742 	EXP 	New trial (rep=0, index=2): OrderedDict([('stimFile', 'stims\\IMG_0003.jpg'), ('correctAnswer', 3), ('intensity', 2), ('stimuliGender', 1)])
20.4332 	DATA 	Mouse:  Left button up, pos=(1160,189)
20.4670 	EXP 	image: autoDraw = False
20.4670 	EXP 	slider: autoDraw = False
20.4670 	EXP 	next_button: autoDraw = False
20.4670 	EXP 	image: image = 'stims\\IMG_0003.jpg'
20.4670 	EXP 	slider: markerPos = None
20.4670 	EXP 	slider: markerPos = None
20.4670 	EXP 	slider: autoDraw = True
20.4670 	EXP 	next_button: autoDraw = True
20.5504 	EXP 	image: autoDraw = True
20.7117 	DATA 	Mouse: Left button down, pos=(1089,179)
20.7504 	EXP 	slider: markerPos = 4.0375
20.7839 	EXP 	slider: markerPos = 4.0375
20.7856 	DATA 	Mouse:  Left button up, pos=(1089,179)
20.8172 	EXP 	slider: markerPos = 4
20.9345 	DATA 	Mouse: Left button down, pos=(1178,187)
20.9407 	EXP 	New trial (rep=0, index=3): OrderedDict([('stimFile', 'stims\\IMG_0004.jpg'), ('correctAnswer', 1), ('intensity', 1), ('stimuliGender', 1)])
21.1178 	DATA 	Mouse:  Left button up, pos=(1178,187)
21.1510 	EXP 	image: autoDraw = False
21.1510 	EXP 	slider: autoDraw = False
21.1510 	EXP 	next_button: autoDraw = False
21.1510 	EXP 	image: image = 'stims\\IMG_0004.jpg'
21.1510 	EXP 	slider: markerPos = None
21.1510 	EXP 	slider: markerPos = None
21.1510 	EXP 	slider: autoDraw = True
21.1510 	EXP 	next_button: autoDraw = True
21.3566 	DATA 	Mouse: Left button down, pos=(1071,182)
21.3844 	EXP 	image: autoDraw = True
21.3844 	EXP 	slider: markerPos = 3.9625000000000004
21.4019 	DATA 	Mouse:  Left button up, pos=(1072,182)
21.4179 	EXP 	slider: markerPos = 3.9625000000000004
21.4512 	EXP 	slider: markerPos = 4
21.5624 	DATA 	Mouse: Left button down, pos=(1184,182)
21.5741 	EXP 	New trial (rep=0, index=4): OrderedDict([('stimFile', 'stims\\IMG_0005.jpg'), ('correctAnswer', 3), ('intensity', 1), ('stimuliGender', 1)])
21.6513 	EXP 	image: autoDraw = False
21.6513 	EXP 	slider: autoDraw = False
21.6513 	EXP 	next_button: autoDraw = False
21.6513 	EXP 	image: image = 'stims\\IMG_0005.jpg'
21.6513 	EXP 	slider: markerPos = None
21.6513 	EXP 	slider: markerPos = None
21.6513 	EXP 	slider: autoDraw = True
21.6513 	EXP 	next_button: autoDraw = True
21.6518 	DATA 	Mouse:  Left button up, pos=(1182,182)
21.8014 	EXP 	image: autoDraw = True
21.9128 	DATA 	Mouse: Left button down, pos=(1055,170)
21.9515 	EXP 	slider: markerPos = 3.8958333333333335
21.9850 	EXP 	slider: markerPos = 3.8958333333333335
22.0183 	EXP 	slider: markerPos = 3.8958333333333335
22.0192 	DATA 	Mouse:  Left button up, pos=(1055,170)
22.0518 	EXP 	slider: markerPos = 4
22.2483 	DATA 	Mouse: Left button down, pos=(1176,180)
22.2582 	EXP 	New trial (rep=0, index=5): OrderedDict([('stimFile', 'stims\\IMG_0006.jpg'), ('correctAnswer', 2), ('intensity', 2), ('stimuliGender', 1)])
22.4404 	DATA 	Mouse:  Left button up, pos=(1164,179)
22.4690 	EXP 	image: autoDraw = False
22.4690 	EXP 	slider: autoDraw = False
22.4690 	EXP 	next_button: autoDraw = False
22.4690 	EXP 	image: image = 'stims\\IMG_0006.jpg'
22.4690 	EXP 	slider: markerPos = None
22.4690 	EXP 	slider: markerPos = None
22.4690 	EXP 	slider: autoDraw = True
22.4690 	EXP 	next_button: autoDraw = True
22.6191 	EXP 	image: autoDraw = True
22.8361 	DATA 	Mouse: Left button down, pos=(857,182)
22.8693 	EXP 	slider: markerPos = 3.0708333333333333
22.9027 	EXP 	slider: markerPos = 3.0708333333333333
22.9213 	DATA 	Mouse:  Left button up, pos=(857,182)
22.9359 	EXP 	slider: markerPos = 3.0708333333333333
22.9695 	EXP 	slider: markerPos = 3
23.1033 	DATA 	Mouse: Left button down, pos=(1307,172)
23.1096 	EXP 	New trial (rep=0, index=6): OrderedDict([('stimFile', 'stims\\IMG_0007.jpg'), ('correctAnswer', 1), ('intensity', 1), ('stimuliGender', 1)])
23.1860 	EXP 	image: autoDraw = False
23.1860 	EXP 	slider: autoDraw = False
23.1860 	EXP 	next_button: autoDraw = False
23.1860 	EXP 	image: image = 'stims\\IMG_0007.jpg'
23.1860 	EXP 	slider: markerPos = None
23.1860 	EXP 	slider: markerPos = None
23.1860 	EXP 	slider: autoDraw = True
23.1860 	EXP 	next_button: autoDraw = True
23.1870 	DATA 	Mouse:  Left button up, pos=(1306,172)
23.3362 	EXP 	image: autoDraw = True
23.6482 	DATA 	Mouse: Left button down, pos=(824,173)
23.6868 	EXP 	slider: markerPos = 2.933333333333333
23.7200 	EXP 	slider: markerPos = 2.933333333333333
23.7204 	DATA 	Mouse:  Left button up, pos=(824,173)
23.7533 	EXP 	slider: markerPos = 3
23.9541 	DATA 	Mouse: Left button down, pos=(1220,177)
23.9604 	EXP 	New trial (rep=0, index=7): OrderedDict([('stimFile', 'stims\\IMG_0008.jpg'), ('correctAnswer', 4), ('intensity', 1), ('stimuliGender', 1)])
24.0272 	DATA 	Mouse:  Left button up, pos=(1220,178)
24.0369 	EXP 	image: autoDraw = False
24.0369 	EXP 	slider: autoDraw = False
24.0369 	EXP 	next_button: autoDraw = False
24.0369 	EXP 	image: image = 'stims\\IMG_0008.jpg'
24.0369 	EXP 	slider: markerPos = None
24.0369 	EXP 	slider: markerPos = None
24.0369 	EXP 	slider: autoDraw = True
24.0369 	EXP 	next_button: autoDraw = True
24.1036 	EXP 	image: autoDraw = True
24.5572 	DATA 	Mouse: Left button down, pos=(864,168)
24.6043 	EXP 	slider: markerPos = 3.0999999999999996
24.6376 	EXP 	slider: markerPos = 3.0999999999999996
24.6628 	DATA 	Mouse:  Left button up, pos=(866,168)
24.6710 	EXP 	slider: markerPos = 3.0999999999999996
24.7044 	EXP 	slider: markerPos = 3
24.8722 	DATA 	Mouse: Left button down, pos=(1307,166)
24.8788 	EXP 	New trial (rep=0, index=8): OrderedDict([('stimFile', 'stims\\IMG_0009.jpg'), ('correctAnswer', 4), ('intensity', 2), ('stimuliGender', 1)])
24.9544 	EXP 	image: autoDraw = False
24.9544 	EXP 	slider: autoDraw = False
24.9544 	EXP 	next_button: autoDraw = False
24.9544 	EXP 	image: image = 'stims\\IMG_0009.jpg'
24.9544 	EXP 	slider: markerPos = None
24.9544 	EXP 	slider: markerPos = None
24.9544 	EXP 	slider: autoDraw = True
24.9544 	EXP 	next_button: autoDraw = True
24.9661 	DATA 	Mouse:  Left button up, pos=(1307,166)
25.0546 	EXP 	image: autoDraw = True
25.6000 	DATA 	Mouse: Left button down, pos=(637,170)
25.6384 	EXP 	slider: markerPos = 2.154166666666667
25.6718 	EXP 	slider: markerPos = 2.154166666666667
25.6890 	DATA 	Mouse:  Left button up, pos=(639,171)
25.7053 	EXP 	slider: markerPos = 2.154166666666667
25.7385 	EXP 	slider: markerPos = 2
26.0840 	DATA 	Mouse: Left button down, pos=(1246,200)
26.0952 	EXP 	New trial (rep=0, index=9): OrderedDict([('stimFile', 'stims\\IMG_0010.jpg'), ('correctAnswer', 1), ('intensity', 1), ('stimuliGender', 1)])
26.1532 	DATA 	Mouse:  Left button up, pos=(1246,200)
26.1722 	EXP 	image: autoDraw = False
26.1722 	EXP 	slider: autoDraw = False
26.1722 	EXP 	next_button: autoDraw = False
26.1722 	EXP 	image: image = 'stims\\IMG_0010.jpg'
26.1722 	EXP 	slider: markerPos = None
26.1722 	EXP 	slider: markerPos = None
26.1722 	EXP 	slider: autoDraw = True
26.1722 	EXP 	next_button: autoDraw = True
26.2556 	EXP 	image: autoDraw = True
26.7677 	DATA 	Mouse: Left button down, pos=(545,172)
26.8061 	EXP 	slider: markerPos = 1.7708333333333333
26.8396 	EXP 	slider: markerPos = 1.7708333333333333
26.8414 	DATA 	Mouse:  Left button up, pos=(545,172)
26.8730 	EXP 	slider: markerPos = 2
27.2517 	DATA 	Mouse: Left button down, pos=(1304,197)
27.2628 	EXP 	New trial (rep=0, index=10): OrderedDict([('stimFile', 'stims\\IMG_0011.jpg'), ('correctAnswer', 2), ('intensity', 2), ('stimuliGender', 1)])
27.3341 	DATA 	Mouse:  Left button up, pos=(1304,197)
27.3400 	EXP 	image: autoDraw = False
27.3400 	EXP 	slider: autoDraw = False
27.3400 	EXP 	next_button: autoDraw = False
27.3400 	EXP 	image: image = 'stims\\IMG_0011.jpg'
27.3400 	EXP 	slider: markerPos = None
27.3400 	EXP 	slider: markerPos = None
27.3400 	EXP 	slider: autoDraw = True
27.3400 	EXP 	next_button: autoDraw = True
27.4234 	EXP 	image: autoDraw = True
27.9580 	DATA 	Mouse: Left button down, pos=(617,170)
27.9907 	EXP 	slider: markerPos = 2.0708333333333333
28.0241 	EXP 	slider: markerPos = 2.0708333333333333
28.0575 	EXP 	slider: markerPos = 2.0708333333333333
28.0591 	DATA 	Mouse:  Left button up, pos=(620,171)
28.0909 	EXP 	slider: markerPos = 2
28.4084 	DATA 	Mouse: Left button down, pos=(1186,164)
28.4155 	EXP 	New trial (rep=0, index=11): OrderedDict([('stimFile', 'stims\\IMG_0012.jpg'), ('correctAnswer', 3), ('intensity', 1), ('stimuliGender', 1)])
28.4771 	DATA 	Mouse:  Left button up, pos=(1186,164)
28.4913 	EXP 	image: autoDraw = False
28.4913 	EXP 	slider: autoDraw = False
28.4913 	EXP 	next_button: autoDraw = False
28.4913 	EXP 	image: image = 'stims\\IMG_0012.jpg'
28.4913 	EXP 	slider: markerPos = None
28.4913 	EXP 	slider: markerPos = None
28.4913 	EXP 	slider: autoDraw = True
28.4913 	EXP 	next_button: autoDraw = True
28.5916 	EXP 	image: autoDraw = True
29.0029 	DATA 	Mouse: Left button down, pos=(360,173)
29.0416 	EXP 	slider: markerPos = 1.0
29.0750 	EXP 	slider: markerPos = 1.0
29.0917 	DATA 	Mouse:  Left button up, pos=(360,173)
29.1085 	EXP 	slider: markerPos = 1.0
29.1417 	EXP 	slider: markerPos = 1
29.6876 	DATA 	Mouse: Left button down, pos=(1218,168)
29.6988 	EXP 	New trial (rep=0, index=12): OrderedDict([('stimFile', 'stims\\IMG_0013.jpg'), ('correctAnswer', 2), ('intensity', 1), ('stimuliGender', 2)])
29.7632 	DATA 	Mouse:  Left button up, pos=(1218,169)
29.7927 	EXP 	image: autoDraw = False
29.7927 	EXP 	slider: autoDraw = False
29.7927 	EXP 	next_button: autoDraw = False
29.7927 	EXP 	image: image = 'stims\\IMG_0013.jpg'
29.7927 	EXP 	slider: markerPos = None
29.7927 	EXP 	slider: markerPos = None
29.7927 	EXP 	slider: autoDraw = True
29.7927 	EXP 	next_button: autoDraw = True
29.8762 	EXP 	image: autoDraw = True
30.2369 	DATA 	Mouse: Left button down, pos=(360,161)
30.2763 	EXP 	slider: markerPos = 1.0
30.3096 	EXP 	slider: markerPos = 1.0
30.3429 	EXP 	slider: markerPos = 1.0
30.3434 	DATA 	Mouse:  Left button up, pos=(360,162)
30.3763 	EXP 	slider: markerPos = 1
30.8442 	DATA 	Mouse: Left button down, pos=(1126,186)
30.8504 	EXP 	New trial (rep=0, index=13): OrderedDict([('stimFile', 'stims\\IMG_0014.jpg'), ('correctAnswer', 2), ('intensity', 1), ('stimuliGender', 2)])
30.9092 	DATA 	Mouse:  Left button up, pos=(1126,186)
30.9268 	EXP 	image: autoDraw = False
30.9268 	EXP 	slider: autoDraw = False
30.9268 	EXP 	next_button: autoDraw = False
30.9268 	EXP 	image: image = 'stims\\IMG_0014.jpg'
30.9268 	EXP 	slider: markerPos = None
30.9268 	EXP 	slider: markerPos = None
30.9268 	EXP 	slider: autoDraw = True
30.9268 	EXP 	next_button: autoDraw = True
31.0102 	EXP 	image: autoDraw = True
31.7885 	DATA 	Mouse: Left button down, pos=(382,174)
31.8276 	EXP 	slider: markerPos = 1.0916666666666668
31.8611 	EXP 	slider: markerPos = 1.0916666666666668
31.8616 	DATA 	Mouse:  Left button up, pos=(382,174)
31.8944 	EXP 	slider: markerPos = 1
32.3562 	DATA 	Mouse: Left button down, pos=(1175,179)
32.3678 	EXP 	New trial (rep=0, index=14): OrderedDict([('stimFile', 'stims\\IMG_0015.jpg'), ('correctAnswer', 3), ('intensity', 2), ('stimuliGender', 2)])
32.4422 	DATA 	Mouse:  Left button up, pos=(1175,180)
32.4616 	EXP 	image: autoDraw = False
32.4616 	EXP 	slider: autoDraw = False
32.4616 	EXP 	next_button: autoDraw = False
32.4616 	EXP 	image: image = 'stims\\IMG_0015.jpg'
32.4616 	EXP 	slider: markerPos = None
32.4616 	EXP 	slider: markerPos = None
32.4616 	EXP 	slider: autoDraw = True
32.4616 	EXP 	next_button: autoDraw = True
32.5618 	EXP 	image: autoDraw = True
32.6293 	DATA 	Mouse: Left button down, pos=(1177,181)
32.6359 	EXP 	New trial (rep=0, index=15): OrderedDict([('stimFile', 'stims\\IMG_0016.jpg'), ('correctAnswer', 4), ('intensity', 1), ('stimuliGender', 2)])
32.6949 	DATA 	Mouse:  Left button up, pos=(1177,181)
32.7120 	EXP 	image: autoDraw = False
32.7120 	EXP 	slider: autoDraw = False
32.7120 	EXP 	next_button: autoDraw = False
32.7120 	EXP 	image: image = 'stims\\IMG_0016.jpg'
32.7120 	EXP 	slider: markerPos = None
32.7120 	EXP 	slider: markerPos = None
32.7120 	EXP 	slider: autoDraw = True
32.7120 	EXP 	next_button: autoDraw = True
32.8121 	EXP 	image: autoDraw = True
32.8133 	DATA 	Mouse: Left button down, pos=(1177,182)
32.8224 	EXP 	New trial (rep=0, index=16): OrderedDict([('stimFile', 'stims\\IMG_0017.jpg'), ('correctAnswer', 2), ('intensity', 1), ('stimuliGender', 2)])
32.8909 	DATA 	Mouse:  Left button up, pos=(1177,182)
32.9122 	EXP 	image: autoDraw = False
32.9122 	EXP 	slider: autoDraw = False
32.9122 	EXP 	next_button: autoDraw = False
32.9122 	EXP 	image: image = 'stims\\IMG_0017.jpg'
32.9122 	EXP 	slider: markerPos = None
32.9122 	EXP 	slider: markerPos = None
32.9122 	EXP 	slider: autoDraw = True
32.9122 	EXP 	next_button: autoDraw = True
32.9749 	DATA 	Mouse: Left button down, pos=(1177,182)
32.9786 	EXP 	image: autoDraw = True
32.9849 	EXP 	New trial (rep=0, index=17): OrderedDict([('stimFile', 'stims\\IMG_0018.jpg'), ('correctAnswer', 2), ('intensity', 2), ('stimuliGender', 2)])
33.0789 	EXP 	image: autoDraw = False
33.0789 	EXP 	slider: autoDraw = False
33.0789 	EXP 	next_button: autoDraw = False
33.0789 	EXP 	image: image = 'stims\\IMG_0018.jpg'
33.0789 	EXP 	slider: markerPos = None
33.0789 	EXP 	slider: markerPos = None
33.0789 	EXP 	slider: autoDraw = True
33.0789 	EXP 	next_button: autoDraw = True
33.0796 	DATA 	Mouse:  Left button up, pos=(1177,182)
33.1455 	EXP 	image: autoDraw = True
33.1737 	DATA 	Mouse: Left button down, pos=(1177,182)
33.1854 	EXP 	New trial (rep=0, index=18): OrderedDict([('stimFile', 'stims\\IMG_0019.jpg'), ('correctAnswer', 4), ('intensity', 2), ('stimuliGender', 2)])
33.2625 	EXP 	image: autoDraw = False
33.2625 	EXP 	slider: autoDraw = False
33.2625 	EXP 	next_button: autoDraw = False
33.2625 	EXP 	image: image = 'stims\\IMG_0019.jpg'
33.2625 	EXP 	slider: markerPos = None
33.2625 	EXP 	slider: markerPos = None
33.2625 	EXP 	slider: autoDraw = True
33.2625 	EXP 	next_button: autoDraw = True
33.2738 	DATA 	Mouse:  Left button up, pos=(1177,182)
33.3290 	EXP 	image: autoDraw = True
33.3801 	DATA 	Mouse: Left button down, pos=(1177,182)
33.3884 	EXP 	New trial (rep=0, index=19): OrderedDict([('stimFile', 'stims\\IMG_0020.jpg'), ('correctAnswer', 3), ('intensity', 1), ('stimuliGender', 2)])
33.4625 	EXP 	image: autoDraw = False
33.4625 	EXP 	slider: autoDraw = False
33.4625 	EXP 	next_button: autoDraw = False
33.4625 	EXP 	image: image = 'stims\\IMG_0020.jpg'
33.4625 	EXP 	slider: markerPos = None
33.4625 	EXP 	slider: markerPos = None
33.4625 	EXP 	slider: autoDraw = True
33.4625 	EXP 	next_button: autoDraw = True
33.4805 	DATA 	Mouse:  Left button up, pos=(1177,182)
33.5459 	EXP 	image: autoDraw = True
33.5804 	DATA 	Mouse: Left button down, pos=(1177,183)
33.5867 	EXP 	New trial (rep=0, index=20): OrderedDict([('stimFile', 'stims\\IMG_0021.jpg'), ('correctAnswer', 4), ('intensity', 2), ('stimuliGender', 2)])
33.6626 	EXP 	image: autoDraw = False
33.6626 	EXP 	slider: autoDraw = False
33.6626 	EXP 	next_button: autoDraw = False
33.6626 	EXP 	image: image = 'stims\\IMG_0021.jpg'
33.6626 	EXP 	slider: markerPos = None
33.6626 	EXP 	slider: markerPos = None
33.6626 	EXP 	slider: autoDraw = True
33.6626 	EXP 	next_button: autoDraw = True
33.6797 	DATA 	Mouse:  Left button up, pos=(1177,183)
33.7461 	EXP 	image: autoDraw = True
33.8135 	DATA 	Mouse: Left button down, pos=(1177,184)
33.8196 	EXP 	New trial (rep=0, index=21): OrderedDict([('stimFile', 'stims\\IMG_0022.jpg'), ('correctAnswer', 3), ('intensity', 2), ('stimuliGender', 2)])
33.8963 	EXP 	image: autoDraw = False
33.8963 	EXP 	slider: autoDraw = False
33.8963 	EXP 	next_button: autoDraw = False
33.8963 	EXP 	image: image = 'stims\\IMG_0022.jpg'
33.8963 	EXP 	slider: markerPos = None
33.8963 	EXP 	slider: markerPos = None
33.8963 	EXP 	slider: autoDraw = True
33.8963 	EXP 	next_button: autoDraw = True
33.9074 	DATA 	Mouse:  Left button up, pos=(1177,184)
33.9629 	EXP 	image: autoDraw = True
34.0308 	DATA 	Mouse: Left button down, pos=(1177,184)
34.0372 	EXP 	New trial (rep=0, index=22): OrderedDict([('stimFile', 'stims\\IMG_0023.jpg'), ('correctAnswer', 1), ('intensity', 2), ('stimuliGender', 2)])
34.1132 	EXP 	image: autoDraw = False
34.1132 	EXP 	slider: autoDraw = False
34.1132 	EXP 	next_button: autoDraw = False
34.1132 	EXP 	image: image = 'stims\\IMG_0023.jpg'
34.1132 	EXP 	slider: markerPos = None
34.1132 	EXP 	slider: markerPos = None
34.1132 	EXP 	slider: autoDraw = True
34.1132 	EXP 	next_button: autoDraw = True
34.1240 	DATA 	Mouse:  Left button up, pos=(1177,184)
34.1800 	EXP 	image: autoDraw = True
34.2814 	DATA 	Mouse: Left button down, pos=(1177,185)
34.3068 	EXP 	New trial (rep=0, index=23): OrderedDict([('stimFile', 'stims\\IMG_0024.jpg'), ('correctAnswer', 1), ('intensity', 2), ('stimuliGender', 2)])
34.4176 	DATA 	Mouse:  Left button up, pos=(1177,185)
34.4470 	EXP 	image: autoDraw = False
34.4470 	EXP 	slider: autoDraw = False
34.4470 	EXP 	next_button: autoDraw = False
34.4470 	EXP 	image: image = 'stims\\IMG_0024.jpg'
34.4470 	EXP 	slider: markerPos = None
34.4470 	EXP 	slider: markerPos = None
34.4470 	EXP 	slider: autoDraw = True
34.4470 	EXP 	next_button: autoDraw = True
34.5138 	EXP 	image: autoDraw = True
34.7645 	DATA 	Mouse: Left button down, pos=(1177,185)
34.7806 	EXP 	image: autoDraw = False
34.7806 	EXP 	slider: autoDraw = False
34.7806 	EXP 	next_button: autoDraw = False
35.8799 	EXP 	window1: mouseVisible = True
