2.8238 	WARNING 	We strongly recommend you activate the PTB sound engine in PsychoPy prefs as the preferred audio engine. Its timing is vastly superior. Your prefs are currently set to use ['sounddevice', 'PTB', 'pyo', 'pygame'] (in that order).
25.1831 	WARNING 	User requested fullscreen with size [1920 1080], but screen is actually [1440, 900]. Using actual size
26.3799 	EXP 	Created window1 = Window(allowGUI=False, allowStencil=False, autoLog=True, backendConf=UNKNOWN, bitsMode=UNKNOWN, blendMode='avg', bpc=(8, 8, 8), color=array([-0.396, -0.396, -0.396]), colorSpace='rgb', depthBits=8, fullscr=<method-wrapper '__getattribute__' of attributeSetter object at 0x0000022F20BBAD00>, gamma=None, gammaErrorPolicy='raise', lms=UNKNOWN, monitor=<psychopy.monitors.calibTools.Monitor object at 0x0000022F1F34C4C0>, multiSample=False, name='window1', numSamples=2, pos=(1372, -900), screen=1, size=array([1440,  900]), stencilBits=0, stereo=False, units='norm', useFBO=True, useRetina=False, viewOri=0.0, viewPos=None, viewScale=None, waitBlanking=True, winType='pyglet')
26.3800 	EXP 	window1: mouseVisible = True
26.3800 	EXP 	window1: Attempting to measure frame rate of screen (1) ...
26.3800 	EXP 	window1: recordFrameIntervals = False
26.5461 	EXP 	window1: recordFrameIntervals = True
26.7297 	EXP 	Screen (1) actual frame rate measured at 59.96Hz
26.7298 	EXP 	window1: recordFrameIntervals = False
30.5232 	EXP 	Created Instructions = TextStim(__class__=<class 'psychopy.visual.text.TextStim'>, alignHoriz=method-wrapper(...), alignText='center', alignVert=method-wrapper(...), anchorHoriz='center', anchorVert='center', antialias=True, autoLog=True, bold=False, color=array([1., 1., 1.]), colorSpace='rgb', contrast=1.0, depth=0.0, flipHoriz=False, flipVert=False, font='Arial', fontFiles=[], height=0.1, italic=False, languageStyle='LTR', name='Instructions', opacity=1.0, ori=0, pos=array([0., 0.]), rgb=UNKNOWN, text=str(...), units='norm', win=Window(...), wrapWidth=1)
30.5233 	EXP 	window1: mouseVisible = True
30.5281 	EXP 	Created image = ImageStim(__class__=<class 'psychopy.visual.image.ImageStim'>, anchor=('center', 'center'), autoLog=True, color=array([1., 1., 1.]), colorSpace='rgb', contrast=1.0, depth=0.0, flipHoriz=False, flipVert=False, image='sin', interpolate=True, mask=None, maskParams=None, name='image', opacity=1.0, ori=0.0, pos=array([0., 0.]), size=array([0.6936, 0.4704]), texRes=128, units='height', win=Window(...))
30.5539 	EXP 	window1: mouseVisible = True
30.7349 	EXP 	Created slider = Slider(__class__=<class 'psychopy.visual.slider.Slider'>, autoDraw=False, autoLog=True, borderColor=None, color=None, colorSpace='rgb', depth=-1, fillColor=None, flip=False, font='Arial', granularity=1, labelColor=None, labelHeight=0.05, labelWrapWidth=None, labels=['HAPPY', 'SAD', 'ANGRY', 'FEARFUL'], lineColor=None, markerColor=None, name='slider', opacity=None, ori=0, pos=array([ 0. , -0.6]), readOnly=False, self=UNKNOWN, size=array([1. , 0.1]), startValue=None, style=['rating'], styleTweaks=[], ticks=array([1, 2, 3, 4]), units='norm', win=Window(...))
30.7439 	EXP 	Created next_button = TextStim(__class__=<class 'psychopy.visual.text.TextStim'>, alignHoriz=method-wrapper(...), alignText='center', alignVert=method-wrapper(...), anchorHoriz='center', anchorVert='center', antialias=True, autoLog=True, bold=False, color=array([1., 1., 1.]), colorSpace='rgb', contrast=1.0, depth=-2.0, flipHoriz=False, flipVert=False, font='Arial', fontFiles=[], height=0.1, italic=False, languageStyle='LTR', name='next_button', opacity=1.0, ori=0, pos=array([ 0.7, -0.6]), rgb=UNKNOWN, text='CONTINUE', units='norm', win=Window(...), wrapWidth=1)
30.7440 	EXP 	window1: mouseVisible = True
30.7500 	EXP 	slider: autoLog = True
30.7500 	EXP 	slider: markerPos = None
30.7500 	EXP 	slider: styleTweaks = []
30.7500 	EXP 	slider: styleTweaks = []
30.7500 	EXP 	slider: styleTweaks = []
30.7500 	EXP 	slider: styleTweaks = []
30.7500 	EXP 	slider: contrast = 1.0
30.7500 	EXP 	slider: autoLog = True
30.7500 	EXP 	Instructions: autoDraw = True
31.2854 	DATA 	Mouse: Left button down, pos=(506,237)
31.2916 	EXP 	Imported facesBlock.csv as conditions, 24 conditions, 4 params
31.2921 	EXP 	Created sequence: sequential, trialTypes=24, nReps=1, seed=None
31.2924 	EXP 	New trial (rep=0, index=0): OrderedDict([('stimFile', 'stims\\IMG_0001.jpg'), ('correctAnswer', 1), ('intensity', 2), ('stimuliGender', 1)])
31.3841 	EXP 	Instructions: autoDraw = False
31.3841 	EXP 	image: image = 'stims\\IMG_0001.jpg'
31.3841 	EXP 	slider: markerPos = None
31.3841 	EXP 	slider: markerPos = None
31.3841 	EXP 	slider: autoDraw = True
31.3841 	EXP 	next_button: autoDraw = True
31.3846 	DATA 	Mouse:  Left button up, pos=(506,237)
31.4674 	EXP 	image: autoDraw = True
32.5525 	DATA 	Mouse: Left button down, pos=(1086,169)
32.5860 	EXP 	slider: markerPos = 4.025
32.6188 	EXP 	slider: markerPos = 4.025
32.6371 	DATA 	Mouse:  Left button up, pos=(1088,171)
32.6521 	EXP 	slider: markerPos = 4.033333333333333
32.6855 	EXP 	slider: markerPos = 4
32.8300 	DATA 	Mouse: Left button down, pos=(1142,182)
32.8423 	EXP 	New trial (rep=0, index=1): OrderedDict([('stimFile', 'stims\\IMG_0002.jpg'), ('correctAnswer', 4), ('intensity', 1), ('stimuliGender', 1)])
32.9188 	EXP 	image: autoDraw = False
32.9188 	EXP 	slider: autoDraw = False
32.9188 	EXP 	next_button: autoDraw = False
32.9188 	EXP 	image: image = 'stims\\IMG_0002.jpg'
32.9188 	EXP 	slider: markerPos = None
32.9188 	EXP 	slider: markerPos = None
32.9188 	EXP 	slider: autoDraw = True
32.9188 	EXP 	next_button: autoDraw = True
32.9297 	DATA 	Mouse:  Left button up, pos=(1142,182)
33.0022 	EXP 	image: autoDraw = True
33.2032 	DATA 	Mouse: Left button down, pos=(1062,173)
33.2358 	EXP 	slider: markerPos = 3.925
33.2691 	EXP 	slider: markerPos = 3.9291666666666667
33.2871 	DATA 	Mouse:  Left button up, pos=(1067,173)
33.3025 	EXP 	slider: markerPos = 3.941666666666667
33.3359 	EXP 	slider: markerPos = 4
33.4808 	DATA 	Mouse: Left button down, pos=(1179,171)
33.4926 	EXP 	New trial (rep=0, index=2): OrderedDict([('stimFile', 'stims\\IMG_0003.jpg'), ('correctAnswer', 3), ('intensity', 2), ('stimuliGender', 1)])
33.5648 	DATA 	Mouse:  Left button up, pos=(1179,171)
33.5695 	EXP 	image: autoDraw = False
33.5695 	EXP 	slider: autoDraw = False
33.5695 	EXP 	next_button: autoDraw = False
33.5695 	EXP 	image: image = 'stims\\IMG_0003.jpg'
33.5695 	EXP 	slider: markerPos = None
33.5695 	EXP 	slider: markerPos = None
33.5695 	EXP 	slider: autoDraw = True
33.5695 	EXP 	next_button: autoDraw = True
33.6697 	EXP 	image: autoDraw = True
34.0375 	DATA 	Mouse: Left button down, pos=(1086,164)
34.0701 	EXP 	slider: markerPos = 4.025
34.1036 	EXP 	slider: markerPos = 4.025
34.1249 	DATA 	Mouse:  Left button up, pos=(1087,164)
34.1370 	EXP 	slider: markerPos = 4.025
34.1703 	EXP 	slider: markerPos = 4
34.3497 	DATA 	Mouse: Left button down, pos=(1160,175)
34.3601 	EXP 	New trial (rep=0, index=3): OrderedDict([('stimFile', 'stims\\IMG_0004.jpg'), ('correctAnswer', 1), ('intensity', 1), ('stimuliGender', 1)])
34.5471 	DATA 	Mouse:  Left button up, pos=(1160,175)
34.5704 	EXP 	image: autoDraw = False
34.5704 	EXP 	slider: autoDraw = False
34.5704 	EXP 	next_button: autoDraw = False
34.5704 	EXP 	image: image = 'stims\\IMG_0004.jpg'
34.5704 	EXP 	slider: markerPos = None
34.5704 	EXP 	slider: markerPos = None
34.5704 	EXP 	slider: autoDraw = True
34.5704 	EXP 	next_button: autoDraw = True
34.8040 	EXP 	image: autoDraw = True
34.8380 	DATA 	Mouse: Left button down, pos=(1080,172)
34.8707 	EXP 	slider: markerPos = 4.0
34.9041 	EXP 	slider: markerPos = 4.0
34.9207 	DATA 	Mouse:  Left button up, pos=(1080,172)
34.9373 	EXP 	slider: markerPos = 4.0
34.9707 	EXP 	slider: markerPos = 4
35.1004 	DATA 	Mouse: Left button down, pos=(1243,174)
35.1107 	EXP 	New trial (rep=0, index=4): OrderedDict([('stimFile', 'stims\\IMG_0005.jpg'), ('correctAnswer', 3), ('intensity', 1), ('stimuliGender', 1)])
35.1689 	DATA 	Mouse:  Left button up, pos=(1243,174)
35.1876 	EXP 	image: autoDraw = False
35.1876 	EXP 	slider: autoDraw = False
35.1876 	EXP 	next_button: autoDraw = False
35.1876 	EXP 	image: image = 'stims\\IMG_0005.jpg'
35.1876 	EXP 	slider: markerPos = None
35.1876 	EXP 	slider: markerPos = None
35.1876 	EXP 	slider: autoDraw = True
35.1876 	EXP 	next_button: autoDraw = True
35.3378 	EXP 	image: autoDraw = True
35.5842 	DATA 	Mouse: Left button down, pos=(1097,175)
35.6215 	EXP 	slider: markerPos = 4.070833333333334
35.6548 	EXP 	slider: markerPos = 4.070833333333334
35.6883 	EXP 	slider: markerPos = 4.070833333333334
35.6890 	DATA 	Mouse:  Left button up, pos=(1097,175)
35.7217 	EXP 	slider: markerPos = 4
35.8496 	DATA 	Mouse: Left button down, pos=(1185,172)
35.8615 	EXP 	New trial (rep=0, index=5): OrderedDict([('stimFile', 'stims\\IMG_0006.jpg'), ('correctAnswer', 2), ('intensity', 2), ('stimuliGender', 1)])
36.0290 	DATA 	Mouse:  Left button up, pos=(1185,172)
36.0551 	EXP 	image: autoDraw = False
36.0551 	EXP 	slider: autoDraw = False
36.0551 	EXP 	next_button: autoDraw = False
36.0551 	EXP 	image: image = 'stims\\IMG_0006.jpg'
36.0551 	EXP 	slider: markerPos = None
36.0551 	EXP 	slider: markerPos = None
36.0551 	EXP 	slider: autoDraw = True
36.0551 	EXP 	next_button: autoDraw = True
36.1718 	EXP 	image: autoDraw = True
36.2496 	DATA 	Mouse: Left button down, pos=(1076,171)
36.2887 	EXP 	slider: markerPos = 3.9833333333333334
36.3220 	EXP 	slider: markerPos = 3.9833333333333334
36.3227 	DATA 	Mouse:  Left button up, pos=(1076,171)
36.3554 	EXP 	slider: markerPos = 4
36.5672 	DATA 	Mouse: Left button down, pos=(1178,181)
36.5785 	EXP 	New trial (rep=0, index=6): OrderedDict([('stimFile', 'stims\\IMG_0007.jpg'), ('correctAnswer', 1), ('intensity', 1), ('stimuliGender', 1)])
36.6428 	DATA 	Mouse:  Left button up, pos=(1178,181)
36.6556 	EXP 	image: autoDraw = False
36.6556 	EXP 	slider: autoDraw = False
36.6556 	EXP 	next_button: autoDraw = False
36.6556 	EXP 	image: image = 'stims\\IMG_0007.jpg'
36.6556 	EXP 	slider: markerPos = None
36.6556 	EXP 	slider: markerPos = None
36.6556 	EXP 	slider: autoDraw = True
36.6556 	EXP 	next_button: autoDraw = True
36.8225 	EXP 	image: autoDraw = True
36.9406 	DATA 	Mouse: Left button down, pos=(1086,173)
36.9728 	EXP 	slider: markerPos = 4.025
37.0060 	EXP 	slider: markerPos = 4.025
37.0229 	DATA 	Mouse:  Left button up, pos=(1086,173)
37.0394 	EXP 	slider: markerPos = 4.025
37.0728 	EXP 	slider: markerPos = 4
37.2071 	DATA 	Mouse: Left button down, pos=(1177,176)
37.2163 	EXP 	New trial (rep=0, index=7): OrderedDict([('stimFile', 'stims\\IMG_0008.jpg'), ('correctAnswer', 4), ('intensity', 1), ('stimuliGender', 1)])
37.3188 	DATA 	Mouse:  Left button up, pos=(1177,176)
37.3567 	EXP 	image: autoDraw = False
37.3567 	EXP 	slider: autoDraw = False
37.3567 	EXP 	next_button: autoDraw = False
37.3567 	EXP 	image: image = 'stims\\IMG_0008.jpg'
37.3567 	EXP 	slider: markerPos = None
37.3567 	EXP 	slider: markerPos = None
37.3567 	EXP 	slider: autoDraw = True
37.3567 	EXP 	next_button: autoDraw = True
37.4233 	EXP 	image: autoDraw = True
37.5865 	DATA 	Mouse: Left button down, pos=(1097,178)
37.6233 	EXP 	slider: markerPos = 4.070833333333334
37.6568 	EXP 	slider: markerPos = 4.070833333333334
37.6575 	DATA 	Mouse:  Left button up, pos=(1097,178)
37.6901 	EXP 	slider: markerPos = 4
37.8517 	DATA 	Mouse: Left button down, pos=(1202,186)
37.8630 	EXP 	New trial (rep=0, index=8): OrderedDict([('stimFile', 'stims\\IMG_0009.jpg'), ('correctAnswer', 4), ('intensity', 2), ('stimuliGender', 1)])
37.9291 	DATA 	Mouse:  Left button up, pos=(1202,186)
37.9570 	EXP 	image: autoDraw = False
37.9570 	EXP 	slider: autoDraw = False
37.9570 	EXP 	next_button: autoDraw = False
37.9570 	EXP 	image: image = 'stims\\IMG_0009.jpg'
37.9570 	EXP 	slider: markerPos = None
37.9570 	EXP 	slider: markerPos = None
37.9570 	EXP 	slider: autoDraw = True
37.9570 	EXP 	next_button: autoDraw = True
38.0235 	EXP 	image: autoDraw = True
38.2022 	DATA 	Mouse: Left button down, pos=(1203,186)
38.2134 	EXP 	New trial (rep=0, index=9): OrderedDict([('stimFile', 'stims\\IMG_0010.jpg'), ('correctAnswer', 1), ('intensity', 1), ('stimuliGender', 1)])
38.2691 	DATA 	Mouse:  Left button up, pos=(1203,186)
38.2906 	EXP 	image: autoDraw = False
38.2906 	EXP 	slider: autoDraw = False
38.2906 	EXP 	next_button: autoDraw = False
38.2906 	EXP 	image: image = 'stims\\IMG_0010.jpg'
38.2906 	EXP 	slider: markerPos = None
38.2906 	EXP 	slider: markerPos = None
38.2906 	EXP 	slider: autoDraw = True
38.2906 	EXP 	next_button: autoDraw = True
38.3573 	EXP 	image: autoDraw = True
38.3577 	DATA 	Mouse: Left button down, pos=(1203,186)
38.3641 	EXP 	New trial (rep=0, index=10): OrderedDict([('stimFile', 'stims\\IMG_0011.jpg'), ('correctAnswer', 2), ('intensity', 2), ('stimuliGender', 1)])
38.4409 	EXP 	image: autoDraw = False
38.4409 	EXP 	slider: autoDraw = False
38.4409 	EXP 	next_button: autoDraw = False
38.4409 	EXP 	image: image = 'stims\\IMG_0011.jpg'
38.4409 	EXP 	slider: markerPos = None
38.4409 	EXP 	slider: markerPos = None
38.4409 	EXP 	slider: autoDraw = True
38.4409 	EXP 	next_button: autoDraw = True
38.4419 	DATA 	Mouse:  Left button up, pos=(1203,186)
38.5240 	EXP 	image: autoDraw = True
38.5345 	DATA 	Mouse: Left button down, pos=(1203,186)
38.5470 	EXP 	New trial (rep=0, index=11): OrderedDict([('stimFile', 'stims\\IMG_0012.jpg'), ('correctAnswer', 3), ('intensity', 1), ('stimuliGender', 1)])
38.6243 	EXP 	image: autoDraw = False
38.6243 	EXP 	slider: autoDraw = False
38.6243 	EXP 	next_button: autoDraw = False
38.6243 	EXP 	image: image = 'stims\\IMG_0012.jpg'
38.6243 	EXP 	slider: markerPos = None
38.6243 	EXP 	slider: markerPos = None
38.6243 	EXP 	slider: autoDraw = True
38.6243 	EXP 	next_button: autoDraw = True
38.6249 	DATA 	Mouse:  Left button up, pos=(1203,186)
38.6909 	EXP 	image: autoDraw = True
38.7014 	DATA 	Mouse: Left button down, pos=(1203,186)
38.7144 	EXP 	New trial (rep=0, index=12): OrderedDict([('stimFile', 'stims\\IMG_0013.jpg'), ('correctAnswer', 2), ('intensity', 1), ('stimuliGender', 2)])
38.7711 	DATA 	Mouse:  Left button up, pos=(1203,186)
38.7910 	EXP 	image: autoDraw = False
38.7910 	EXP 	slider: autoDraw = False
38.7910 	EXP 	next_button: autoDraw = False
38.7910 	EXP 	image: image = 'stims\\IMG_0013.jpg'
38.7910 	EXP 	slider: markerPos = None
38.7910 	EXP 	slider: markerPos = None
38.7910 	EXP 	slider: autoDraw = True
38.7910 	EXP 	next_button: autoDraw = True
38.8512 	DATA 	Mouse: Left button down, pos=(1203,186)
38.8676 	EXP 	New trial (rep=0, index=13): OrderedDict([('stimFile', 'stims\\IMG_0014.jpg'), ('correctAnswer', 2), ('intensity', 1), ('stimuliGender', 2)])
38.9334 	DATA 	Mouse:  Left button up, pos=(1203,186)
38.9581 	EXP 	image: autoDraw = True
38.9581 	EXP 	image: autoDraw = False
38.9581 	EXP 	slider: autoDraw = False
38.9581 	EXP 	next_button: autoDraw = False
38.9581 	EXP 	image: image = 'stims\\IMG_0014.jpg'
38.9581 	EXP 	slider: markerPos = None
38.9581 	EXP 	slider: markerPos = None
38.9581 	EXP 	slider: autoDraw = True
38.9581 	EXP 	next_button: autoDraw = True
38.9770 	DATA 	Mouse: Left button down, pos=(1203,186)
39.0010 	EXP 	New trial (rep=0, index=14): OrderedDict([('stimFile', 'stims\\IMG_0015.jpg'), ('correctAnswer', 3), ('intensity', 2), ('stimuliGender', 2)])
39.0657 	DATA 	Mouse:  Left button up, pos=(1203,186)
39.0916 	EXP 	image: autoDraw = False
39.0916 	EXP 	slider: autoDraw = False
39.0916 	EXP 	next_button: autoDraw = False
39.0916 	EXP 	image: image = 'stims\\IMG_0015.jpg'
39.0916 	EXP 	slider: markerPos = None
39.0916 	EXP 	slider: markerPos = None
39.0916 	EXP 	slider: autoDraw = True
39.0916 	EXP 	next_button: autoDraw = True
39.0930 	DATA 	Mouse: Left button down, pos=(1203,186)
39.1318 	EXP 	New trial (rep=0, index=15): OrderedDict([('stimFile', 'stims\\IMG_0016.jpg'), ('correctAnswer', 4), ('intensity', 1), ('stimuliGender', 2)])
39.1961 	DATA 	Mouse:  Left button up, pos=(1203,186)
39.2249 	EXP 	image: autoDraw = True
39.2249 	EXP 	image: autoDraw = False
39.2249 	EXP 	slider: autoDraw = False
39.2249 	EXP 	next_button: autoDraw = False
39.2249 	EXP 	image: image = 'stims\\IMG_0016.jpg'
39.2249 	EXP 	slider: markerPos = None
39.2249 	EXP 	slider: markerPos = None
39.2249 	EXP 	slider: autoDraw = True
39.2249 	EXP 	next_button: autoDraw = True
39.2259 	DATA 	Mouse: Left button down, pos=(1203,186)
39.2323 	EXP 	New trial (rep=0, index=16): OrderedDict([('stimFile', 'stims\\IMG_0017.jpg'), ('correctAnswer', 2), ('intensity', 1), ('stimuliGender', 2)])
39.2904 	DATA 	Mouse:  Left button up, pos=(1203,186)
39.3084 	EXP 	image: autoDraw = False
39.3084 	EXP 	slider: autoDraw = False
39.3084 	EXP 	next_button: autoDraw = False
39.3084 	EXP 	image: image = 'stims\\IMG_0017.jpg'
39.3084 	EXP 	slider: markerPos = None
39.3084 	EXP 	slider: markerPos = None
39.3084 	EXP 	slider: autoDraw = True
39.3084 	EXP 	next_button: autoDraw = True
39.3425 	DATA 	Mouse: Left button down, pos=(1203,186)
39.3497 	EXP 	New trial (rep=0, index=17): OrderedDict([('stimFile', 'stims\\IMG_0018.jpg'), ('correctAnswer', 2), ('intensity', 2), ('stimuliGender', 2)])
39.4249 	EXP 	image: autoDraw = False
39.4249 	EXP 	slider: autoDraw = False
39.4249 	EXP 	next_button: autoDraw = False
39.4249 	EXP 	image: image = 'stims\\IMG_0018.jpg'
39.4249 	EXP 	slider: markerPos = None
39.4249 	EXP 	slider: markerPos = None
39.4249 	EXP 	slider: autoDraw = True
39.4249 	EXP 	next_button: autoDraw = True
39.4254 	DATA 	Mouse:  Left button up, pos=(1203,186)
39.4756 	DATA 	Mouse: Left button down, pos=(1203,186)
39.4817 	EXP 	New trial (rep=0, index=18): OrderedDict([('stimFile', 'stims\\IMG_0019.jpg'), ('correctAnswer', 4), ('intensity', 2), ('stimuliGender', 2)])
39.5371 	DATA 	Mouse:  Left button up, pos=(1203,186)
39.5583 	EXP 	image: autoDraw = False
39.5583 	EXP 	slider: autoDraw = False
39.5583 	EXP 	next_button: autoDraw = False
39.5583 	EXP 	image: image = 'stims\\IMG_0019.jpg'
39.5583 	EXP 	slider: markerPos = None
39.5583 	EXP 	slider: markerPos = None
39.5583 	EXP 	slider: autoDraw = True
39.5583 	EXP 	next_button: autoDraw = True
39.5852 	DATA 	Mouse: Left button down, pos=(1203,186)
39.5979 	EXP 	New trial (rep=0, index=19): OrderedDict([('stimFile', 'stims\\IMG_0020.jpg'), ('correctAnswer', 3), ('intensity', 1), ('stimuliGender', 2)])
39.6752 	EXP 	image: autoDraw = False
39.6752 	EXP 	slider: autoDraw = False
39.6752 	EXP 	next_button: autoDraw = False
39.6752 	EXP 	image: image = 'stims\\IMG_0020.jpg'
39.6752 	EXP 	slider: markerPos = None
39.6752 	EXP 	slider: markerPos = None
39.6752 	EXP 	slider: autoDraw = True
39.6752 	EXP 	next_button: autoDraw = True
39.6758 	DATA 	Mouse:  Left button up, pos=(1203,186)
39.7258 	DATA 	Mouse: Left button down, pos=(1203,186)
39.7319 	EXP 	New trial (rep=0, index=20): OrderedDict([('stimFile', 'stims\\IMG_0021.jpg'), ('correctAnswer', 4), ('intensity', 2), ('stimuliGender', 2)])
39.7973 	DATA 	Mouse:  Left button up, pos=(1203,186)
39.8089 	EXP 	image: autoDraw = True
39.8089 	EXP 	image: autoDraw = False
39.8089 	EXP 	slider: autoDraw = False
39.8089 	EXP 	next_button: autoDraw = False
39.8089 	EXP 	image: image = 'stims\\IMG_0021.jpg'
39.8089 	EXP 	slider: markerPos = None
39.8089 	EXP 	slider: markerPos = None
39.8089 	EXP 	slider: autoDraw = True
39.8089 	EXP 	next_button: autoDraw = True
39.8754 	EXP 	image: autoDraw = True
40.2695 	DATA 	Mouse: Left button down, pos=(1203,186)
40.2822 	EXP 	New trial (rep=0, index=21): OrderedDict([('stimFile', 'stims\\IMG_0022.jpg'), ('correctAnswer', 3), ('intensity', 2), ('stimuliGender', 2)])
40.3382 	DATA 	Mouse:  Left button up, pos=(1203,186)
40.3591 	EXP 	image: autoDraw = False
40.3591 	EXP 	slider: autoDraw = False
40.3591 	EXP 	next_button: autoDraw = False
40.3591 	EXP 	image: image = 'stims\\IMG_0022.jpg'
40.3591 	EXP 	slider: markerPos = None
40.3591 	EXP 	slider: markerPos = None
40.3591 	EXP 	slider: autoDraw = True
40.3591 	EXP 	next_button: autoDraw = True
40.4221 	DATA 	Mouse: Left button down, pos=(1203,186)
40.4258 	EXP 	image: autoDraw = True
40.4321 	EXP 	New trial (rep=0, index=22): OrderedDict([('stimFile', 'stims\\IMG_0023.jpg'), ('correctAnswer', 1), ('intensity', 2), ('stimuliGender', 2)])
40.4969 	DATA 	Mouse:  Left button up, pos=(1203,186)
40.5093 	EXP 	image: autoDraw = False
40.5093 	EXP 	slider: autoDraw = False
40.5093 	EXP 	next_button: autoDraw = False
40.5093 	EXP 	image: image = 'stims\\IMG_0023.jpg'
40.5093 	EXP 	slider: markerPos = None
40.5093 	EXP 	slider: markerPos = None
40.5093 	EXP 	slider: autoDraw = True
40.5093 	EXP 	next_button: autoDraw = True
40.5896 	DATA 	Mouse: Left button down, pos=(1203,186)
40.5927 	EXP 	image: autoDraw = True
40.5990 	EXP 	New trial (rep=0, index=23): OrderedDict([('stimFile', 'stims\\IMG_0024.jpg'), ('correctAnswer', 1), ('intensity', 2), ('stimuliGender', 2)])
40.6668 	DATA 	Mouse:  Left button up, pos=(1203,186)
40.6928 	EXP 	image: autoDraw = False
40.6928 	EXP 	slider: autoDraw = False
40.6928 	EXP 	next_button: autoDraw = False
40.6928 	EXP 	image: image = 'stims\\IMG_0024.jpg'
40.6928 	EXP 	slider: markerPos = None
40.6928 	EXP 	slider: markerPos = None
40.6928 	EXP 	slider: autoDraw = True
40.6928 	EXP 	next_button: autoDraw = True
40.7596 	EXP 	image: autoDraw = True
40.9607 	DATA 	Mouse: Left button down, pos=(1203,186)
40.9765 	EXP 	image: autoDraw = False
40.9765 	EXP 	slider: autoDraw = False
40.9765 	EXP 	next_button: autoDraw = False
46.6675 	EXP 	window1: mouseVisible = True
