3.1243 	WARNING 	We strongly recommend you activate the PTB sound engine in PsychoPy prefs as the preferred audio engine. Its timing is vastly superior. Your prefs are currently set to use ['sounddevice', 'PTB', 'pyo', 'pygame'] (in that order).
12.9276 	WARNING 	User requested fullscreen with size [1920 1080], but screen is actually [1440, 900]. Using actual size
14.0903 	EXP 	Created window1 = Window(allowGUI=False, allowStencil=False, autoLog=True, backendConf=UNKNOWN, bitsMode=UNKNOWN, blendMode='avg', bpc=(8, 8, 8), color=array([-0.396, -0.396, -0.396]), colorSpace='rgb', depthBits=8, fullscr=<method-wrapper '__getattribute__' of attributeSetter object at 0x0000024063F49D00>, gamma=None, gammaErrorPolicy='raise', lms=UNKNOWN, monitor=<psychopy.monitors.calibTools.Monitor object at 0x000002403E22A4C0>, multiSample=False, name='window1', numSamples=2, pos=(1372, -900), screen=1, size=array([1440,  900]), stencilBits=0, stereo=False, units='norm', useFBO=True, useRetina=False, viewOri=0.0, viewPos=None, viewScale=None, waitBlanking=True, winType='pyglet')
14.0904 	EXP 	window1: mouseVisible = True
14.0904 	EXP 	window1: Attempting to measure frame rate of screen (1) ...
14.0905 	EXP 	window1: recordFrameIntervals = False
14.2562 	EXP 	window1: recordFrameIntervals = True
14.4400 	EXP 	Screen (1) actual frame rate measured at 59.95Hz
14.4400 	EXP 	window1: recordFrameIntervals = False
18.1753 	EXP 	Created Instructions = TextStim(__class__=<class 'psychopy.visual.text.TextStim'>, alignHoriz=method-wrapper(...), alignText='center', alignVert=method-wrapper(...), anchorHoriz='center', anchorVert='center', antialias=True, autoLog=True, bold=False, color=array([1., 1., 1.]), colorSpace='rgb', contrast=1.0, depth=0.0, flipHoriz=False, flipVert=False, font='Arial', fontFiles=[], height=0.1, italic=False, languageStyle='LTR', name='Instructions', opacity=1.0, ori=0, pos=array([0., 0.]), rgb=UNKNOWN, text=str(...), units='norm', win=Window(...), wrapWidth=1)
18.1755 	EXP 	window1: mouseVisible = True
18.1837 	EXP 	Created image = ImageStim(__class__=<class 'psychopy.visual.image.ImageStim'>, anchor=('center', 'center'), autoLog=True, color=array([1., 1., 1.]), colorSpace='rgb', contrast=1.0, depth=0.0, flipHoriz=False, flipVert=False, image='sin', interpolate=True, mask=None, maskParams=None, name='image', opacity=1.0, ori=0.0, pos=array([0., 0.]), size=array([0.6936, 0.4704]), texRes=128, units='height', win=Window(...))
18.2279 	EXP 	window1: mouseVisible = True
18.4242 	EXP 	Created slider = Slider(__class__=<class 'psychopy.visual.slider.Slider'>, autoDraw=False, autoLog=True, borderColor=None, color=None, colorSpace='rgb', depth=-1, fillColor=None, flip=False, font='Arial', granularity=1, labelColor=None, labelHeight=0.05, labelWrapWidth=None, labels=['HAPPY', 'SAD', 'ANGRY', 'FEARFUL'], lineColor=None, markerColor=None, name='slider', opacity=None, ori=0, pos=array([ 0. , -0.6]), readOnly=False, self=UNKNOWN, size=array([1. , 0.1]), startValue=None, style=['rating'], styleTweaks=[], ticks=array([1, 2, 3, 4]), units='norm', win=Window(...))
18.4333 	EXP 	Created next_button = TextStim(__class__=<class 'psychopy.visual.text.TextStim'>, alignHoriz=method-wrapper(...), alignText='center', alignVert=method-wrapper(...), anchorHoriz='center', anchorVert='center', antialias=True, autoLog=True, bold=False, color=array([1., 1., 1.]), colorSpace='rgb', contrast=1.0, depth=-2.0, flipHoriz=False, flipVert=False, font='Arial', fontFiles=[], height=0.1, italic=False, languageStyle='LTR', name='next_button', opacity=1.0, ori=0, pos=array([ 0.7, -0.6]), rgb=UNKNOWN, text='CONTINUE', units='norm', win=Window(...), wrapWidth=1)
18.4334 	EXP 	window1: mouseVisible = True
18.4436 	EXP 	slider: autoLog = True
18.4436 	EXP 	slider: markerPos = None
18.4436 	EXP 	slider: styleTweaks = []
18.4436 	EXP 	slider: styleTweaks = []
18.4436 	EXP 	slider: styleTweaks = []
18.4436 	EXP 	slider: styleTweaks = []
18.4436 	EXP 	slider: contrast = 1.0
18.4436 	EXP 	slider: autoLog = True
18.4436 	EXP 	Instructions: autoDraw = True
19.7299 	DATA 	Mouse: Left button down, pos=(553,173)
19.7360 	EXP 	Imported facesBlock.csv as conditions, 24 conditions, 4 params
19.7365 	EXP 	Created sequence: sequential, trialTypes=24, nReps=1, seed=None
19.7368 	EXP 	New trial (rep=0, index=0): OrderedDict([('stimFile', 'stims\\IMG_0001.jpg'), ('correctAnswer', 1), ('intensity', 2), ('stimuliGender', 1)])
19.8250 	DATA 	Mouse:  Left button up, pos=(553,173)
19.8292 	EXP 	Instructions: autoDraw = False
19.8292 	EXP 	image: image = 'stims\\IMG_0001.jpg'
19.8292 	EXP 	slider: markerPos = None
19.8292 	EXP 	slider: markerPos = None
19.8292 	EXP 	slider: autoDraw = True
19.8292 	EXP 	next_button: autoDraw = True
19.8292 	EXP 	slider: markerPos = 1.8041666666666667
19.8627 	EXP 	slider: markerPos = 2
19.9291 	EXP 	image: autoDraw = True
20.6079 	DATA 	Mouse: Left button down, pos=(1082,184)
20.6455 	EXP 	slider: markerPos = 4.008333333333333
20.6789 	EXP 	slider: markerPos = 4.008333333333333
20.6955 	DATA 	Mouse:  Left button up, pos=(1082,184)
20.7122 	EXP 	slider: markerPos = 4.008333333333333
20.7456 	EXP 	slider: markerPos = 4
20.9295 	DATA 	Mouse: Left button down, pos=(1138,177)
20.9367 	EXP 	New trial (rep=0, index=1): OrderedDict([('stimFile', 'stims\\IMG_0002.jpg'), ('correctAnswer', 4), ('intensity', 1), ('stimuliGender', 1)])
21.0062 	DATA 	Mouse:  Left button up, pos=(1138,177)
21.0125 	EXP 	image: autoDraw = False
21.0125 	EXP 	slider: autoDraw = False
21.0125 	EXP 	next_button: autoDraw = False
21.0125 	EXP 	image: image = 'stims\\IMG_0002.jpg'
21.0125 	EXP 	slider: markerPos = None
21.0125 	EXP 	slider: markerPos = None
21.0125 	EXP 	slider: autoDraw = True
21.0125 	EXP 	next_button: autoDraw = True
21.0959 	EXP 	image: autoDraw = True
23.1148 	EXP 	image: autoDraw = False
24.4499 	DATA 	Keypress: escape
25.4118 	EXP 	window1: mouseVisible = True
