9.1830 	WARNING 	We strongly recommend you activate the PTB sound engine in PsychoPy prefs as the preferred audio engine. Its timing is vastly superior. Your prefs are currently set to use ['sounddevice', 'PTB', 'pyo', 'pygame'] (in that order).
26.0047 	WARNING 	User requested fullscreen with size [1920 1080], but screen is actually [1440, 900]. Using actual size
28.7447 	EXP 	Created window1 = Window(allowGUI=False, allowStencil=False, autoLog=True, backendConf=UNKNOWN, bitsMode=UNKNOWN, blendMode='avg', bpc=(8, 8, 8), color=array([-0.396, -0.396, -0.396]), colorSpace='rgb', depthBits=8, fullscr=<method-wrapper '__getattribute__' of attributeSetter object at 0x000001E17A15DD60>, gamma=None, gammaErrorPolicy='raise', lms=UNKNOWN, monitor=<psychopy.monitors.calibTools.Monitor object at 0x000001E154019E50>, multiSample=False, name='window1', numSamples=2, pos=(1372, -900), screen=1, size=array([1440,  900]), stencilBits=0, stereo=False, units='norm', useFBO=True, useRetina=False, viewOri=0.0, viewPos=None, viewScale=None, waitBlanking=True, winType='pyglet')
28.7452 	EXP 	window1: mouseVisible = True
28.7452 	EXP 	window1: Attempting to measure frame rate of screen (1) ...
28.7452 	EXP 	window1: recordFrameIntervals = False
28.9095 	EXP 	window1: recordFrameIntervals = True
28.9466 	WARNING 	t of last frame was 20.43ms (=1/48)
29.0493 	WARNING 	t of last frame was 23.18ms (=1/43)
29.2257 	EXP 	Screen (1) actual frame rate measured at 60.72Hz
29.2258 	EXP 	window1: recordFrameIntervals = False
33.3938 	EXP 	Created Instructions = TextStim(__class__=<class 'psychopy.visual.text.TextStim'>, alignHoriz=method-wrapper(...), alignText='center', alignVert=method-wrapper(...), anchorHoriz='center', anchorVert='center', antialias=True, autoLog=True, bold=False, color=array([1., 1., 1.]), colorSpace='rgb', contrast=1.0, depth=0.0, flipHoriz=False, flipVert=False, font='Arial', fontFiles=[], height=0.1, italic=False, languageStyle='LTR', name='Instructions', opacity=1.0, ori=0, pos=array([0., 0.]), rgb=UNKNOWN, text=str(...), units='norm', win=Window(...), wrapWidth=1)
33.3939 	EXP 	window1: mouseVisible = True
33.4038 	EXP 	Created image = ImageStim(__class__=<class 'psychopy.visual.image.ImageStim'>, anchor=('center', 'center'), autoLog=True, color=array([1., 1., 1.]), colorSpace='rgb', contrast=1.0, depth=0.0, flipHoriz=False, flipVert=False, image='sin', interpolate=True, mask=None, maskParams=None, name='image', opacity=1.0, ori=0.0, pos=array([0., 0.]), size=array([0.6936, 0.4704]), texRes=128, units='height', win=Window(...))
33.4626 	EXP 	window1: mouseVisible = True
33.7613 	WARNING 	Font b'HelveticaBold' was requested. No similar font found.
34.0011 	WARNING 	Font b'HelveticaBold' was requested. No similar font found.
34.2051 	WARNING 	Font b'HelveticaBold' was requested. No similar font found.
34.4052 	WARNING 	Font b'HelveticaBold' was requested. No similar font found.
34.4898 	EXP 	Created slider = Slider(__class__=<class 'psychopy.visual.slider.Slider'>, autoDraw=False, autoLog=True, borderColor=None, color=None, colorSpace='rgb', depth=-1, fillColor=None, flip=False, font='HelveticaBold', granularity=1, labelColor=None, labelHeight=0.05, labelWrapWidth=None, labels=['HAPPY', 'SAD', 'ANGRY', 'FEARFUL'], lineColor=None, markerColor=None, name='slider', opacity=None, ori=0, pos=array([ 0. , -0.6]), readOnly=False, self=UNKNOWN, size=array([1. , 0.1]), startValue=None, style=['rating'], styleTweaks=[], ticks=array([1, 2, 3, 4]), units='norm', win=Window(...))
34.5013 	EXP 	Created next_button = TextStim(__class__=<class 'psychopy.visual.text.TextStim'>, alignHoriz=method-wrapper(...), alignText='center', alignVert=method-wrapper(...), anchorHoriz='center', anchorVert='center', antialias=True, autoLog=True, bold=False, color=array([1., 1., 1.]), colorSpace='rgb', contrast=1.0, depth=-2.0, flipHoriz=False, flipVert=False, font='Arial', fontFiles=[], height=0.1, italic=False, languageStyle='LTR', name='next_button', opacity=1.0, ori=0, pos=array([ 0.7, -0.6]), rgb=UNKNOWN, text='CONTINUE', units='norm', win=Window(...), wrapWidth=1)
34.5014 	EXP 	window1: mouseVisible = True
34.5305 	EXP 	slider: autoLog = True
34.5305 	EXP 	slider: markerPos = None
34.5305 	EXP 	slider: styleTweaks = []
34.5305 	EXP 	slider: styleTweaks = []
34.5305 	EXP 	slider: styleTweaks = []
34.5305 	EXP 	slider: styleTweaks = []
34.5305 	EXP 	slider: contrast = 1.0
34.5305 	EXP 	slider: autoLog = True
34.5305 	EXP 	Instructions: autoDraw = True
35.0489 	DATA 	Mouse: Left button down, pos=(639,244)
35.0762 	EXP 	Imported facesBlock.csv as conditions, 24 conditions, 4 params
35.0776 	EXP 	Created sequence: sequential, trialTypes=24, nReps=1, seed=None
35.0781 	EXP 	New trial (rep=0, index=0): OrderedDict([('stimFile', 'stims\\IMG_0001.jpg'), ('correctAnswer', 1), ('intensity', 2), ('stimuliGender', 1)])
35.1754 	DATA 	Mouse:  Left button up, pos=(639,244)
35.2146 	EXP 	Instructions: autoDraw = False
35.2146 	EXP 	image: image = 'stims\\IMG_0001.jpg'
35.2146 	EXP 	slider: markerPos = None
35.2146 	EXP 	slider: markerPos = None
35.2146 	EXP 	slider: autoDraw = True
35.2146 	EXP 	next_button: autoDraw = True
35.2812 	EXP 	image: autoDraw = True
36.5658 	DATA 	Mouse: Left button down, pos=(1086,187)
36.6159 	EXP 	slider: markerPos = 4.025
36.6494 	EXP 	slider: markerPos = 4.025
36.6501 	DATA 	Mouse:  Left button up, pos=(1086,187)
36.6825 	EXP 	slider: markerPos = 4
36.8772 	DATA 	Mouse: Left button down, pos=(1129,189)
36.8902 	EXP 	New trial (rep=0, index=1): OrderedDict([('stimFile', 'stims\\IMG_0002.jpg'), ('correctAnswer', 4), ('intensity', 1), ('stimuliGender', 1)])
36.9626 	DATA 	Mouse:  Left button up, pos=(1129,189)
36.9828 	EXP 	image: autoDraw = False
36.9828 	EXP 	slider: autoDraw = False
36.9828 	EXP 	next_button: autoDraw = False
36.9828 	EXP 	image: image = 'stims\\IMG_0002.jpg'
36.9828 	EXP 	slider: markerPos = None
36.9828 	EXP 	slider: markerPos = None
36.9828 	EXP 	slider: autoDraw = True
36.9828 	EXP 	next_button: autoDraw = True
37.0830 	EXP 	image: autoDraw = True
37.2613 	DATA 	Mouse: Left button down, pos=(1054,182)
37.2999 	EXP 	slider: markerPos = 3.8916666666666666
37.3331 	EXP 	slider: markerPos = 3.8916666666666666
37.3556 	DATA 	Mouse:  Left button up, pos=(1055,182)
37.3666 	EXP 	slider: markerPos = 3.8916666666666666
37.3999 	EXP 	slider: markerPos = 4
37.5670 	DATA 	Mouse: Left button down, pos=(1203,168)
37.5729 	EXP 	New trial (rep=0, index=2): OrderedDict([('stimFile', 'stims\\IMG_0003.jpg'), ('correctAnswer', 3), ('intensity', 2), ('stimuliGender', 1)])
37.6464 	DATA 	Mouse:  Left button up, pos=(1203,168)
37.6667 	EXP 	image: autoDraw = False
37.6667 	EXP 	slider: autoDraw = False
37.6667 	EXP 	next_button: autoDraw = False
37.6667 	EXP 	image: image = 'stims\\IMG_0003.jpg'
37.6667 	EXP 	slider: markerPos = None
37.6667 	EXP 	slider: markerPos = None
37.6667 	EXP 	slider: autoDraw = True
37.6667 	EXP 	next_button: autoDraw = True
37.7501 	EXP 	image: autoDraw = True
38.0343 	DATA 	Mouse: Left button down, pos=(1074,170)
38.0672 	EXP 	slider: markerPos = 3.975
38.1005 	EXP 	slider: markerPos = 3.975
38.1339 	EXP 	slider: markerPos = 3.975
38.1344 	DATA 	Mouse:  Left button up, pos=(1074,170)
38.1673 	EXP 	slider: markerPos = 4
38.3181 	DATA 	Mouse: Left button down, pos=(1190,174)
38.3253 	EXP 	New trial (rep=0, index=3): OrderedDict([('stimFile', 'stims\\IMG_0004.jpg'), ('correctAnswer', 1), ('intensity', 1), ('stimuliGender', 1)])
38.5078 	DATA 	Mouse:  Left button up, pos=(1190,174)
38.5342 	EXP 	image: autoDraw = False
38.5342 	EXP 	slider: autoDraw = False
38.5342 	EXP 	next_button: autoDraw = False
38.5342 	EXP 	image: image = 'stims\\IMG_0004.jpg'
38.5342 	EXP 	slider: markerPos = None
38.5342 	EXP 	slider: markerPos = None
38.5342 	EXP 	slider: autoDraw = True
38.5342 	EXP 	next_button: autoDraw = True
38.7418 	DATA 	Mouse: Left button down, pos=(1072,174)
38.7678 	EXP 	image: autoDraw = True
38.7678 	EXP 	slider: markerPos = 3.966666666666667
38.8010 	EXP 	slider: markerPos = 3.966666666666667
38.8346 	EXP 	slider: markerPos = 3.966666666666667
38.8350 	DATA 	Mouse:  Left button up, pos=(1072,174)
38.8680 	EXP 	slider: markerPos = 4
39.0186 	DATA 	Mouse: Left button down, pos=(1166,177)
39.0251 	EXP 	New trial (rep=0, index=4): OrderedDict([('stimFile', 'stims\\IMG_0005.jpg'), ('correctAnswer', 3), ('intensity', 1), ('stimuliGender', 1)])
39.1063 	DATA 	Mouse:  Left button up, pos=(1166,177)
39.1349 	EXP 	image: autoDraw = False
39.1349 	EXP 	slider: autoDraw = False
39.1349 	EXP 	next_button: autoDraw = False
39.1349 	EXP 	image: image = 'stims\\IMG_0005.jpg'
39.1349 	EXP 	slider: markerPos = None
39.1349 	EXP 	slider: markerPos = None
39.1349 	EXP 	slider: autoDraw = True
39.1349 	EXP 	next_button: autoDraw = True
39.3018 	EXP 	image: autoDraw = True
39.6707 	DATA 	Mouse: Left button down, pos=(1068,184)
39.7019 	EXP 	slider: markerPos = 3.95
39.7353 	EXP 	slider: markerPos = 3.95
39.7358 	DATA 	Mouse:  Left button up, pos=(1068,184)
39.7690 	EXP 	slider: markerPos = 4
39.9639 	DATA 	Mouse: Left button down, pos=(1142,180)
39.9754 	EXP 	New trial (rep=0, index=5): OrderedDict([('stimFile', 'stims\\IMG_0006.jpg'), ('correctAnswer', 2), ('intensity', 2), ('stimuliGender', 1)])
40.2621 	DATA 	Mouse:  Left button up, pos=(1142,180)
40.2861 	EXP 	image: autoDraw = False
40.2861 	EXP 	slider: autoDraw = False
40.2861 	EXP 	next_button: autoDraw = False
40.2861 	EXP 	image: image = 'stims\\IMG_0006.jpg'
40.2861 	EXP 	slider: markerPos = None
40.2861 	EXP 	slider: markerPos = None
40.2861 	EXP 	slider: autoDraw = True
40.2861 	EXP 	next_button: autoDraw = True
40.4194 	EXP 	image: autoDraw = True
40.4972 	DATA 	Mouse: Left button down, pos=(1080,173)
40.5360 	EXP 	slider: markerPos = 4.0
40.5696 	EXP 	slider: markerPos = 4.0
40.5863 	DATA 	Mouse:  Left button up, pos=(1080,173)
40.6030 	EXP 	slider: markerPos = 4.0
40.6365 	EXP 	slider: markerPos = 4
40.8140 	DATA 	Mouse: Left button down, pos=(1159,172)
40.8257 	EXP 	New trial (rep=0, index=6): OrderedDict([('stimFile', 'stims\\IMG_0007.jpg'), ('correctAnswer', 1), ('intensity', 1), ('stimuliGender', 1)])
40.8838 	DATA 	Mouse:  Left button up, pos=(1159,172)
40.9030 	EXP 	image: autoDraw = False
40.9030 	EXP 	slider: autoDraw = False
40.9030 	EXP 	next_button: autoDraw = False
40.9030 	EXP 	image: image = 'stims\\IMG_0007.jpg'
40.9030 	EXP 	slider: markerPos = None
40.9030 	EXP 	slider: markerPos = None
40.9030 	EXP 	slider: autoDraw = True
40.9030 	EXP 	next_button: autoDraw = True
41.0699 	EXP 	image: autoDraw = True
41.1837 	DATA 	Mouse: Left button down, pos=(1074,184)
41.2202 	EXP 	slider: markerPos = 3.975
41.2538 	EXP 	slider: markerPos = 3.975
41.2544 	DATA 	Mouse:  Left button up, pos=(1074,184)
41.2872 	EXP 	slider: markerPos = 4
41.4543 	DATA 	Mouse: Left button down, pos=(1180,175)
41.4608 	EXP 	New trial (rep=0, index=7): OrderedDict([('stimFile', 'stims\\IMG_0008.jpg'), ('correctAnswer', 4), ('intensity', 1), ('stimuliGender', 1)])
41.5176 	DATA 	Mouse:  Left button up, pos=(1180,175)
41.5371 	EXP 	image: autoDraw = False
41.5371 	EXP 	slider: autoDraw = False
41.5371 	EXP 	next_button: autoDraw = False
41.5371 	EXP 	image: image = 'stims\\IMG_0008.jpg'
41.5371 	EXP 	slider: markerPos = None
41.5371 	EXP 	slider: markerPos = None
41.5371 	EXP 	slider: autoDraw = True
41.5371 	EXP 	next_button: autoDraw = True
41.6539 	EXP 	image: autoDraw = True
42.0721 	DATA 	Mouse: Left button down, pos=(1079,190)
42.1042 	EXP 	slider: markerPos = 3.9958333333333336
42.1377 	EXP 	slider: markerPos = 3.9958333333333336
42.1534 	DATA 	Mouse:  Left button up, pos=(1080,190)
42.1711 	EXP 	slider: markerPos = 4.0
42.2044 	EXP 	slider: markerPos = 4
42.3417 	DATA 	Mouse: Left button down, pos=(1198,180)
42.3775 	EXP 	New trial (rep=0, index=8): OrderedDict([('stimFile', 'stims\\IMG_0009.jpg'), ('correctAnswer', 4), ('intensity', 2), ('stimuliGender', 1)])
42.4365 	DATA 	Mouse:  Left button up, pos=(1198,180)
42.4546 	EXP 	image: autoDraw = False
42.4546 	EXP 	slider: autoDraw = False
42.4546 	EXP 	next_button: autoDraw = False
42.4546 	EXP 	image: image = 'stims\\IMG_0009.jpg'
42.4546 	EXP 	slider: markerPos = None
42.4546 	EXP 	slider: markerPos = None
42.4546 	EXP 	slider: autoDraw = True
42.4546 	EXP 	next_button: autoDraw = True
42.5379 	EXP 	image: autoDraw = True
42.7655 	DATA 	Mouse: Left button down, pos=(1075,175)
42.8051 	EXP 	slider: markerPos = 3.979166666666667
42.8384 	EXP 	slider: markerPos = 3.979166666666667
42.8542 	DATA 	Mouse:  Left button up, pos=(1075,175)
42.8716 	EXP 	slider: markerPos = 3.979166666666667
42.9050 	EXP 	slider: markerPos = 4
43.0400 	DATA 	Mouse: Left button down, pos=(1169,176)
43.0462 	EXP 	New trial (rep=0, index=9): OrderedDict([('stimFile', 'stims\\IMG_0010.jpg'), ('correctAnswer', 1), ('intensity', 1), ('stimuliGender', 1)])
43.1220 	EXP 	image: autoDraw = False
43.1220 	EXP 	slider: autoDraw = False
43.1220 	EXP 	next_button: autoDraw = False
43.1220 	EXP 	image: image = 'stims\\IMG_0010.jpg'
43.1220 	EXP 	slider: markerPos = None
43.1220 	EXP 	slider: markerPos = None
43.1220 	EXP 	slider: autoDraw = True
43.1220 	EXP 	next_button: autoDraw = True
43.1227 	DATA 	Mouse:  Left button up, pos=(1169,177)
43.2071 	EXP 	image: autoDraw = True
43.4563 	DATA 	Mouse: Left button down, pos=(1080,181)
43.4890 	EXP 	slider: markerPos = 4.0
43.5223 	EXP 	slider: markerPos = 4.0
43.5383 	DATA 	Mouse:  Left button up, pos=(1080,181)
43.5566 	EXP 	slider: markerPos = 4.0
43.5890 	EXP 	slider: markerPos = 4
43.7013 	DATA 	Mouse: Left button down, pos=(1157,182)
43.7120 	EXP 	New trial (rep=0, index=10): OrderedDict([('stimFile', 'stims\\IMG_0011.jpg'), ('correctAnswer', 2), ('intensity', 2), ('stimuliGender', 1)])
43.7892 	EXP 	image: autoDraw = False
43.7892 	EXP 	slider: autoDraw = False
43.7892 	EXP 	next_button: autoDraw = False
43.7892 	EXP 	image: image = 'stims\\IMG_0011.jpg'
43.7892 	EXP 	slider: markerPos = None
43.7892 	EXP 	slider: markerPos = None
43.7892 	EXP 	slider: autoDraw = True
43.7892 	EXP 	next_button: autoDraw = True
43.7904 	DATA 	Mouse:  Left button up, pos=(1157,181)
43.8726 	EXP 	image: autoDraw = True
44.1332 	DATA 	Mouse: Left button down, pos=(1069,185)
44.1729 	EXP 	slider: markerPos = 3.9541666666666666
44.2062 	EXP 	slider: markerPos = 3.9541666666666666
44.2067 	DATA 	Mouse:  Left button up, pos=(1069,185)
44.2397 	EXP 	slider: markerPos = 4
44.4009 	DATA 	Mouse: Left button down, pos=(1171,174)
44.4124 	EXP 	New trial (rep=0, index=11): OrderedDict([('stimFile', 'stims\\IMG_0012.jpg'), ('correctAnswer', 3), ('intensity', 1), ('stimuliGender', 1)])
44.4688 	DATA 	Mouse:  Left button up, pos=(1171,174)
44.4898 	EXP 	image: autoDraw = False
44.4898 	EXP 	slider: autoDraw = False
44.4898 	EXP 	next_button: autoDraw = False
44.4898 	EXP 	image: image = 'stims\\IMG_0012.jpg'
44.4898 	EXP 	slider: markerPos = None
44.4898 	EXP 	slider: markerPos = None
44.4898 	EXP 	slider: autoDraw = True
44.4898 	EXP 	next_button: autoDraw = True
44.5732 	EXP 	image: autoDraw = True
44.8011 	DATA 	Mouse: Left button down, pos=(1072,174)
44.8402 	EXP 	slider: markerPos = 3.966666666666667
44.8735 	EXP 	slider: markerPos = 3.966666666666667
44.8896 	DATA 	Mouse:  Left button up, pos=(1072,174)
44.9071 	EXP 	slider: markerPos = 3.966666666666667
44.9403 	EXP 	slider: markerPos = 4
45.0595 	DATA 	Mouse: Left button down, pos=(1170,173)
45.1008 	EXP 	New trial (rep=0, index=12): OrderedDict([('stimFile', 'stims\\IMG_0013.jpg'), ('correctAnswer', 2), ('intensity', 1), ('stimuliGender', 2)])
45.2124 	DATA 	Mouse:  Left button up, pos=(1170,173)
45.2409 	EXP 	image: autoDraw = False
45.2409 	EXP 	slider: autoDraw = False
45.2409 	EXP 	next_button: autoDraw = False
45.2409 	EXP 	image: image = 'stims\\IMG_0013.jpg'
45.2409 	EXP 	slider: markerPos = None
45.2409 	EXP 	slider: markerPos = None
45.2409 	EXP 	slider: autoDraw = True
45.2409 	EXP 	next_button: autoDraw = True
45.3409 	EXP 	image: autoDraw = True
45.6435 	DATA 	Mouse: Left button down, pos=(1089,187)
45.6743 	EXP 	slider: markerPos = 4.0375
45.7077 	EXP 	slider: markerPos = 4.0375
45.7410 	EXP 	slider: markerPos = 4.0375
45.7415 	DATA 	Mouse:  Left button up, pos=(1089,187)
45.7743 	EXP 	slider: markerPos = 4
45.9532 	DATA 	Mouse: Left button down, pos=(1141,187)
45.9646 	EXP 	New trial (rep=0, index=13): OrderedDict([('stimFile', 'stims\\IMG_0014.jpg'), ('correctAnswer', 2), ('intensity', 1), ('stimuliGender', 2)])
46.0416 	EXP 	image: autoDraw = False
46.0416 	EXP 	slider: autoDraw = False
46.0416 	EXP 	next_button: autoDraw = False
46.0416 	EXP 	image: image = 'stims\\IMG_0014.jpg'
46.0416 	EXP 	slider: markerPos = None
46.0416 	EXP 	slider: markerPos = None
46.0416 	EXP 	slider: autoDraw = True
46.0416 	EXP 	next_button: autoDraw = True
46.0421 	DATA 	Mouse:  Left button up, pos=(1141,187)
46.1247 	EXP 	image: autoDraw = True
46.4111 	DATA 	Mouse: Left button down, pos=(1085,180)
46.4586 	EXP 	slider: markerPos = 4.020833333333333
46.4883 	DATA 	Mouse:  Left button up, pos=(1085,180)
46.4919 	EXP 	slider: markerPos = 4.020833333333333
46.5253 	EXP 	slider: markerPos = 4
46.6717 	DATA 	Mouse: Left button down, pos=(1138,179)
46.6822 	EXP 	New trial (rep=0, index=14): OrderedDict([('stimFile', 'stims\\IMG_0015.jpg'), ('correctAnswer', 3), ('intensity', 2), ('stimuliGender', 2)])
46.7756 	EXP 	image: autoDraw = False
46.7756 	EXP 	slider: autoDraw = False
46.7756 	EXP 	next_button: autoDraw = False
46.7756 	EXP 	image: image = 'stims\\IMG_0015.jpg'
46.7756 	EXP 	slider: markerPos = None
46.7756 	EXP 	slider: markerPos = None
46.7756 	EXP 	slider: autoDraw = True
46.7756 	EXP 	next_button: autoDraw = True
46.7762 	DATA 	Mouse:  Left button up, pos=(1138,179)
46.8420 	EXP 	image: autoDraw = True
47.0928 	DATA 	Mouse: Left button down, pos=(1083,175)
47.1257 	EXP 	slider: markerPos = 4.0125
47.1593 	EXP 	slider: markerPos = 4.0125
47.1752 	DATA 	Mouse:  Left button up, pos=(1083,175)
47.1923 	EXP 	slider: markerPos = 4.0125
47.2259 	EXP 	slider: markerPos = 4
47.3704 	DATA 	Mouse: Left button down, pos=(1135,186)
47.3821 	EXP 	New trial (rep=0, index=15): OrderedDict([('stimFile', 'stims\\IMG_0016.jpg'), ('correctAnswer', 4), ('intensity', 1), ('stimuliGender', 2)])
47.4594 	EXP 	image: autoDraw = False
47.4594 	EXP 	slider: autoDraw = False
47.4594 	EXP 	next_button: autoDraw = False
47.4594 	EXP 	image: image = 'stims\\IMG_0016.jpg'
47.4594 	EXP 	slider: markerPos = None
47.4594 	EXP 	slider: markerPos = None
47.4594 	EXP 	slider: autoDraw = True
47.4594 	EXP 	next_button: autoDraw = True
47.4603 	DATA 	Mouse:  Left button up, pos=(1135,186)
47.5427 	EXP 	image: autoDraw = True
47.8102 	DATA 	Mouse: Left button down, pos=(1094,180)
47.8429 	EXP 	slider: markerPos = 4.058333333333334
47.8767 	EXP 	slider: markerPos = 4.058333333333334
47.9098 	EXP 	slider: markerPos = 4.058333333333334
47.9103 	DATA 	Mouse:  Left button up, pos=(1094,180)
47.9433 	EXP 	slider: markerPos = 4
48.0797 	DATA 	Mouse: Left button down, pos=(1161,175)
48.0993 	EXP 	New trial (rep=0, index=16): OrderedDict([('stimFile', 'stims\\IMG_0017.jpg'), ('correctAnswer', 2), ('intensity', 1), ('stimuliGender', 2)])
48.1767 	EXP 	image: autoDraw = False
48.1767 	EXP 	slider: autoDraw = False
48.1767 	EXP 	next_button: autoDraw = False
48.1767 	EXP 	image: image = 'stims\\IMG_0017.jpg'
48.1767 	EXP 	slider: markerPos = None
48.1767 	EXP 	slider: markerPos = None
48.1767 	EXP 	slider: autoDraw = True
48.1767 	EXP 	next_button: autoDraw = True
48.1870 	DATA 	Mouse:  Left button up, pos=(1161,175)
48.2601 	EXP 	image: autoDraw = True
48.5710 	DATA 	Mouse: Left button down, pos=(1090,175)
48.6104 	EXP 	slider: markerPos = 4.041666666666666
48.6439 	EXP 	slider: markerPos = 4.041666666666666
48.6609 	DATA 	Mouse:  Left button up, pos=(1090,175)
48.6772 	EXP 	slider: markerPos = 4.041666666666666
48.7107 	EXP 	slider: markerPos = 4
48.8611 	DATA 	Mouse: Left button down, pos=(1170,186)
48.8669 	EXP 	New trial (rep=0, index=17): OrderedDict([('stimFile', 'stims\\IMG_0018.jpg'), ('correctAnswer', 2), ('intensity', 2), ('stimuliGender', 2)])
48.9406 	DATA 	Mouse:  Left button up, pos=(1170,186)
48.9440 	EXP 	image: autoDraw = False
48.9440 	EXP 	slider: autoDraw = False
48.9440 	EXP 	next_button: autoDraw = False
48.9440 	EXP 	image: image = 'stims\\IMG_0018.jpg'
48.9440 	EXP 	slider: markerPos = None
48.9440 	EXP 	slider: markerPos = None
48.9440 	EXP 	slider: autoDraw = True
48.9440 	EXP 	next_button: autoDraw = True
49.0107 	EXP 	image: autoDraw = True
49.2783 	DATA 	Mouse: Left button down, pos=(1087,178)
49.3111 	EXP 	slider: markerPos = 4.029166666666667
49.3446 	EXP 	slider: markerPos = 4.029166666666667
49.3604 	DATA 	Mouse:  Left button up, pos=(1087,178)
49.3778 	EXP 	slider: markerPos = 4.029166666666667
49.4112 	EXP 	slider: markerPos = 4
49.5740 	DATA 	Mouse: Left button down, pos=(1142,179)
49.5848 	EXP 	New trial (rep=0, index=18): OrderedDict([('stimFile', 'stims\\IMG_0019.jpg'), ('correctAnswer', 4), ('intensity', 2), ('stimuliGender', 2)])
49.6616 	EXP 	image: autoDraw = False
49.6616 	EXP 	slider: autoDraw = False
49.6616 	EXP 	next_button: autoDraw = False
49.6616 	EXP 	image: image = 'stims\\IMG_0019.jpg'
49.6616 	EXP 	slider: markerPos = None
49.6616 	EXP 	slider: markerPos = None
49.6616 	EXP 	slider: autoDraw = True
49.6616 	EXP 	next_button: autoDraw = True
49.6628 	DATA 	Mouse:  Left button up, pos=(1142,180)
49.7281 	EXP 	image: autoDraw = True
50.0633 	DATA 	Mouse: Left button down, pos=(1076,181)
50.1120 	EXP 	slider: markerPos = 3.9833333333333334
50.1420 	DATA 	Mouse:  Left button up, pos=(1076,181)
50.1453 	EXP 	slider: markerPos = 3.9833333333333334
50.1788 	EXP 	slider: markerPos = 4
50.3346 	DATA 	Mouse: Left button down, pos=(1138,184)
50.3564 	EXP 	New trial (rep=0, index=19): OrderedDict([('stimFile', 'stims\\IMG_0020.jpg'), ('correctAnswer', 3), ('intensity', 1), ('stimuliGender', 2)])
50.4299 	DATA 	Mouse:  Left button up, pos=(1138,184)
50.4456 	EXP 	image: autoDraw = False
50.4456 	EXP 	slider: autoDraw = False
50.4456 	EXP 	next_button: autoDraw = False
50.4456 	EXP 	image: image = 'stims\\IMG_0020.jpg'
50.4456 	EXP 	slider: markerPos = None
50.4456 	EXP 	slider: markerPos = None
50.4456 	EXP 	slider: autoDraw = True
50.4456 	EXP 	next_button: autoDraw = True
50.5457 	EXP 	image: autoDraw = True
50.7130 	DATA 	Mouse: Left button down, pos=(1075,179)
50.7457 	EXP 	slider: markerPos = 3.979166666666667
50.7791 	EXP 	slider: markerPos = 3.979166666666667
50.7951 	DATA 	Mouse:  Left button up, pos=(1075,179)
50.8126 	EXP 	slider: markerPos = 3.979166666666667
50.8459 	EXP 	slider: markerPos = 4
50.9914 	DATA 	Mouse: Left button down, pos=(1135,179)
51.0022 	EXP 	New trial (rep=0, index=20): OrderedDict([('stimFile', 'stims\\IMG_0021.jpg'), ('correctAnswer', 4), ('intensity', 2), ('stimuliGender', 2)])
51.0794 	EXP 	image: autoDraw = False
51.0794 	EXP 	slider: autoDraw = False
51.0794 	EXP 	next_button: autoDraw = False
51.0794 	EXP 	image: image = 'stims\\IMG_0021.jpg'
51.0794 	EXP 	slider: markerPos = None
51.0794 	EXP 	slider: markerPos = None
51.0794 	EXP 	slider: autoDraw = True
51.0794 	EXP 	next_button: autoDraw = True
51.0802 	DATA 	Mouse:  Left button up, pos=(1135,180)
51.1628 	EXP 	image: autoDraw = True
51.4507 	DATA 	Mouse: Left button down, pos=(1071,177)
51.4967 	EXP 	slider: markerPos = 3.9625000000000004
51.5300 	EXP 	slider: markerPos = 3.9625000000000004
51.5585 	DATA 	Mouse:  Left button up, pos=(1072,177)
51.5634 	EXP 	slider: markerPos = 3.9625000000000004
51.5968 	EXP 	slider: markerPos = 4
51.7257 	DATA 	Mouse: Left button down, pos=(1152,194)
51.7365 	EXP 	New trial (rep=0, index=21): OrderedDict([('stimFile', 'stims\\IMG_0022.jpg'), ('correctAnswer', 3), ('intensity', 2), ('stimuliGender', 2)])
51.8054 	DATA 	Mouse:  Left button up, pos=(1152,194)
51.8138 	EXP 	image: autoDraw = False
51.8138 	EXP 	slider: autoDraw = False
51.8138 	EXP 	next_button: autoDraw = False
51.8138 	EXP 	image: image = 'stims\\IMG_0022.jpg'
51.8138 	EXP 	slider: markerPos = None
51.8138 	EXP 	slider: markerPos = None
51.8138 	EXP 	slider: autoDraw = True
51.8138 	EXP 	next_button: autoDraw = True
51.8970 	EXP 	image: autoDraw = True
52.1085 	DATA 	Mouse: Left button down, pos=(1059,186)
52.1472 	EXP 	slider: markerPos = 3.9125
52.1805 	EXP 	slider: markerPos = 3.9125
52.2141 	EXP 	slider: markerPos = 3.9125
52.2146 	DATA 	Mouse:  Left button up, pos=(1059,186)
52.2473 	EXP 	slider: markerPos = 4
52.4080 	DATA 	Mouse: Left button down, pos=(1194,166)
52.4217 	EXP 	New trial (rep=0, index=22): OrderedDict([('stimFile', 'stims\\IMG_0023.jpg'), ('correctAnswer', 1), ('intensity', 2), ('stimuliGender', 2)])
52.4975 	EXP 	image: autoDraw = False
52.4975 	EXP 	slider: autoDraw = False
52.4975 	EXP 	next_button: autoDraw = False
52.4975 	EXP 	image: image = 'stims\\IMG_0023.jpg'
52.4975 	EXP 	slider: markerPos = None
52.4975 	EXP 	slider: markerPos = None
52.4975 	EXP 	slider: autoDraw = True
52.4975 	EXP 	next_button: autoDraw = True
52.4984 	DATA 	Mouse:  Left button up, pos=(1194,166)
52.5809 	EXP 	image: autoDraw = True
52.9319 	DATA 	Mouse: Left button down, pos=(1087,166)
52.9646 	EXP 	slider: markerPos = 4.029166666666667
52.9979 	EXP 	slider: markerPos = 4.029166666666667
53.0313 	EXP 	slider: markerPos = 4.029166666666667
53.0321 	DATA 	Mouse:  Left button up, pos=(1087,166)
53.0647 	EXP 	slider: markerPos = 4
53.2154 	DATA 	Mouse: Left button down, pos=(1180,167)
53.2213 	EXP 	New trial (rep=0, index=23): OrderedDict([('stimFile', 'stims\\IMG_0024.jpg'), ('correctAnswer', 1), ('intensity', 2), ('stimuliGender', 2)])
53.2983 	EXP 	image: autoDraw = False
53.2983 	EXP 	slider: autoDraw = False
53.2983 	EXP 	next_button: autoDraw = False
53.2983 	EXP 	image: image = 'stims\\IMG_0024.jpg'
53.2983 	EXP 	slider: markerPos = None
53.2983 	EXP 	slider: markerPos = None
53.2983 	EXP 	slider: autoDraw = True
53.2983 	EXP 	next_button: autoDraw = True
53.3093 	DATA 	Mouse:  Left button up, pos=(1180,167)
53.3649 	EXP 	image: autoDraw = True
53.6424 	DATA 	Mouse: Left button down, pos=(1074,177)
53.6819 	EXP 	slider: markerPos = 3.975
53.7153 	EXP 	slider: markerPos = 3.975
53.7488 	EXP 	slider: markerPos = 3.975
53.7493 	DATA 	Mouse:  Left button up, pos=(1074,177)
53.7820 	EXP 	slider: markerPos = 4
53.9430 	DATA 	Mouse: Left button down, pos=(1147,185)
54.4439 	DATA 	Mouse:  Left button up, pos=(1147,185)
54.4496 	EXP 	image: autoDraw = False
54.4496 	EXP 	slider: autoDraw = False
54.4496 	EXP 	next_button: autoDraw = False
54.9262 	EXP 	window1: mouseVisible = True
