3.3530 	WARNING 	We strongly recommend you activate the PTB sound engine in PsychoPy prefs as the preferred audio engine. Its timing is vastly superior. Your prefs are currently set to use ['sounddevice', 'PTB', 'pyo', 'pygame'] (in that order).
11.4995 	WARNING 	User requested fullscreen with size [1920 1080], but screen is actually [1440, 900]. Using actual size
12.8416 	EXP 	Created window1 = Window(allowGUI=False, allowStencil=False, autoLog=True, backendConf=UNKNOWN, bitsMode=UNKNOWN, blendMode='avg', bpc=(8, 8, 8), color=array([-0.396, -0.396, -0.396]), colorSpace='rgb', depthBits=8, fullscr=<method-wrapper '__getattribute__' of attributeSetter object at 0x000001C1760B0D30>, gamma=None, gammaErrorPolicy='raise', lms=UNKNOWN, monitor=<psychopy.monitors.calibTools.Monitor object at 0x000001C1503AC430>, multiSample=False, name='window1', numSamples=2, pos=(1372, -900), screen=1, size=array([1440,  900]), stencilBits=0, stereo=False, units='norm', useFBO=True, useRetina=False, viewOri=0.0, viewPos=None, viewScale=None, waitBlanking=True, winType='pyglet')
12.8417 	EXP 	window1: mouseVisible = True
12.8418 	EXP 	window1: Attempting to measure frame rate of screen (1) ...
12.8418 	EXP 	window1: recordFrameIntervals = False
13.0078 	EXP 	window1: recordFrameIntervals = True
13.1919 	EXP 	Screen (1) actual frame rate measured at 59.81Hz
13.1920 	EXP 	window1: recordFrameIntervals = False
17.0953 	EXP 	Created Instructions = TextStim(__class__=<class 'psychopy.visual.text.TextStim'>, alignHoriz=method-wrapper(...), alignText='center', alignVert=method-wrapper(...), anchorHoriz='center', anchorVert='center', antialias=True, autoLog=True, bold=False, color=array([1., 1., 1.]), colorSpace='rgb', contrast=1.0, depth=0.0, flipHoriz=False, flipVert=False, font='Arial', fontFiles=[], height=0.1, italic=False, languageStyle='LTR', name='Instructions', opacity=1.0, ori=0, pos=array([0., 0.]), rgb=UNKNOWN, text=str(...), units='norm', win=Window(...), wrapWidth=1)
17.0955 	EXP 	window1: mouseVisible = True
17.1003 	EXP 	Created image = ImageStim(__class__=<class 'psychopy.visual.image.ImageStim'>, anchor=('center', 'center'), autoLog=True, color=array([1., 1., 1.]), colorSpace='rgb', contrast=1.0, depth=0.0, flipHoriz=False, flipVert=False, image='sin', interpolate=True, mask=None, maskParams=None, name='image', opacity=1.0, ori=0.0, pos=array([0., 0.]), size=array([0.6936, 0.4704]), texRes=128, units='height', win=Window(...))
17.1271 	EXP 	window1: mouseVisible = True
17.2587 	EXP 	Created slider = Slider(__class__=<class 'psychopy.visual.slider.Slider'>, autoDraw=False, autoLog=True, borderColor=None, color=None, colorSpace='rgb', depth=-1, fillColor=None, flip=False, font='Arial', granularity=1, labelColor=None, labelHeight=0.05, labelWrapWidth=None, labels=['HAPPY', 'SAD', 'ANGRY', 'FEARFUL'], lineColor=None, markerColor=None, name='slider', opacity=None, ori=0, pos=array([ 0. , -0.6]), readOnly=False, self=UNKNOWN, size=array([1. , 0.1]), startValue=None, style=['rating'], styleTweaks=[], ticks=array([1, 2, 3, 4]), units='norm', win=Window(...))
17.2689 	EXP 	Created next_button = TextStim(__class__=<class 'psychopy.visual.text.TextStim'>, alignHoriz=method-wrapper(...), alignText='center', alignVert=method-wrapper(...), anchorHoriz='center', anchorVert='center', antialias=True, autoLog=True, bold=False, color=array([1., 1., 1.]), colorSpace='rgb', contrast=1.0, depth=-2.0, flipHoriz=False, flipVert=False, font='Arial', fontFiles=[], height=0.1, italic=False, languageStyle='LTR', name='next_button', opacity=1.0, ori=0, pos=array([ 0.7, -0.6]), rgb=UNKNOWN, text='CONTINUE', units='norm', win=Window(...), wrapWidth=1)
17.2690 	EXP 	window1: mouseVisible = True
17.2749 	DATA 	Mouse: Left button down, pos=(1012,255)
17.2757 	DATA 	Mouse:  Left button up, pos=(1012,255)
17.2963 	EXP 	slider: autoLog = True
17.2963 	EXP 	slider: markerPos = None
17.2963 	EXP 	slider: styleTweaks = []
17.2963 	EXP 	slider: styleTweaks = []
17.2963 	EXP 	slider: styleTweaks = []
17.2963 	EXP 	slider: styleTweaks = []
17.2963 	EXP 	slider: contrast = 1.0
17.2963 	EXP 	slider: autoLog = True
17.2963 	EXP 	Instructions: autoDraw = True
17.6802 	DATA 	Mouse: Left button down, pos=(1012,255)
17.6865 	EXP 	Imported facesBlock.csv as conditions, 24 conditions, 4 params
17.6869 	EXP 	Created sequence: sequential, trialTypes=24, nReps=1, seed=None
17.6873 	EXP 	New trial (rep=0, index=0): OrderedDict([('stimFile', 'stims\\IMG_0001.jpg'), ('correctAnswer', 1), ('intensity', 2), ('stimuliGender', 1)])
17.7506 	DATA 	Mouse:  Left button up, pos=(1012,255)
17.7793 	EXP 	Instructions: autoDraw = False
17.7793 	EXP 	image: image = 'stims\\IMG_0001.jpg'
17.7793 	EXP 	slider: markerPos = None
17.7793 	EXP 	slider: markerPos = None
17.7793 	EXP 	slider: autoDraw = True
17.7793 	EXP 	next_button: autoDraw = True
17.8793 	EXP 	image: autoDraw = True
18.4917 	DATA 	Mouse: Left button down, pos=(1084,165)
18.5296 	EXP 	slider: markerPos = 4.016666666666667
18.5630 	EXP 	slider: markerPos = 4.016666666666667
18.5636 	DATA 	Mouse:  Left button up, pos=(1084,165)
18.5964 	EXP 	slider: markerPos = 4
18.7304 	DATA 	Mouse: Left button down, pos=(1170,195)
18.7373 	EXP 	New trial (rep=0, index=1): OrderedDict([('stimFile', 'stims\\IMG_0002.jpg'), ('correctAnswer', 4), ('intensity', 1), ('stimuliGender', 1)])
18.8023 	DATA 	Mouse:  Left button up, pos=(1170,195)
18.8300 	EXP 	image: autoDraw = False
18.8300 	EXP 	slider: autoDraw = False
18.8300 	EXP 	next_button: autoDraw = False
18.8300 	EXP 	image: image = 'stims\\IMG_0002.jpg'
18.8300 	EXP 	slider: markerPos = None
18.8300 	EXP 	slider: markerPos = None
18.8300 	EXP 	slider: autoDraw = True
18.8300 	EXP 	next_button: autoDraw = True
18.8967 	EXP 	image: autoDraw = True
19.3265 	DATA 	Mouse: Left button down, pos=(1093,181)
19.3638 	EXP 	slider: markerPos = 4.054166666666667
19.3813 	DATA 	Mouse:  Left button up, pos=(1094,181)
19.3971 	EXP 	slider: markerPos = 4.058333333333334
19.4306 	EXP 	slider: markerPos = 4
19.5947 	DATA 	Mouse: Left button down, pos=(1165,192)
19.6226 	EXP 	New trial (rep=0, index=2): OrderedDict([('stimFile', 'stims\\IMG_0003.jpg'), ('correctAnswer', 3), ('intensity', 2), ('stimuliGender', 1)])
19.7004 	DATA 	Mouse:  Left button up, pos=(1165,192)
19.7310 	EXP 	image: autoDraw = False
19.7310 	EXP 	slider: autoDraw = False
19.7310 	EXP 	next_button: autoDraw = False
19.7310 	EXP 	image: image = 'stims\\IMG_0003.jpg'
19.7310 	EXP 	slider: markerPos = None
19.7310 	EXP 	slider: markerPos = None
19.7310 	EXP 	slider: autoDraw = True
19.7310 	EXP 	next_button: autoDraw = True
19.8147 	EXP 	image: autoDraw = True
19.9818 	DATA 	Mouse: Left button down, pos=(1073,179)
20.0148 	EXP 	slider: markerPos = 3.970833333333333
20.0479 	EXP 	slider: markerPos = 3.970833333333333
20.0649 	DATA 	Mouse:  Left button up, pos=(1073,179)
20.0811 	EXP 	slider: markerPos = 3.970833333333333
20.1145 	EXP 	slider: markerPos = 4
20.2271 	DATA 	Mouse: Left button down, pos=(1180,180)
20.2378 	EXP 	New trial (rep=0, index=3): OrderedDict([('stimFile', 'stims\\IMG_0004.jpg'), ('correctAnswer', 1), ('intensity', 1), ('stimuliGender', 1)])
20.4067 	DATA 	Mouse:  Left button up, pos=(1178,180)
20.4316 	EXP 	image: autoDraw = False
20.4316 	EXP 	slider: autoDraw = False
20.4316 	EXP 	next_button: autoDraw = False
20.4316 	EXP 	image: image = 'stims\\IMG_0004.jpg'
20.4316 	EXP 	slider: markerPos = None
20.4316 	EXP 	slider: markerPos = None
20.4316 	EXP 	slider: autoDraw = True
20.4316 	EXP 	next_button: autoDraw = True
20.6442 	DATA 	Mouse: Left button down, pos=(1078,175)
20.6651 	EXP 	image: autoDraw = True
20.6651 	EXP 	slider: markerPos = 3.9916666666666667
20.6822 	DATA 	Mouse:  Left button up, pos=(1078,175)
20.6985 	EXP 	slider: markerPos = 3.9916666666666667
20.7317 	EXP 	slider: markerPos = 4
20.8436 	DATA 	Mouse: Left button down, pos=(1174,190)
20.8549 	EXP 	New trial (rep=0, index=4): OrderedDict([('stimFile', 'stims\\IMG_0005.jpg'), ('correctAnswer', 3), ('intensity', 1), ('stimuliGender', 1)])
20.9155 	DATA 	Mouse:  Left button up, pos=(1174,187)
20.9320 	EXP 	image: autoDraw = False
20.9320 	EXP 	slider: autoDraw = False
20.9320 	EXP 	next_button: autoDraw = False
20.9320 	EXP 	image: image = 'stims\\IMG_0005.jpg'
20.9320 	EXP 	slider: markerPos = None
20.9320 	EXP 	slider: markerPos = None
20.9320 	EXP 	slider: autoDraw = True
20.9320 	EXP 	next_button: autoDraw = True
21.0822 	EXP 	image: autoDraw = True
21.2494 	DATA 	Mouse: Left button down, pos=(1075,181)
21.2825 	EXP 	slider: markerPos = 3.979166666666667
21.3156 	EXP 	slider: markerPos = 3.979166666666667
21.3336 	DATA 	Mouse:  Left button up, pos=(1075,181)
21.3491 	EXP 	slider: markerPos = 3.979166666666667
21.3825 	EXP 	slider: markerPos = 4
21.5284 	DATA 	Mouse: Left button down, pos=(1179,183)
21.5394 	EXP 	New trial (rep=0, index=5): OrderedDict([('stimFile', 'stims\\IMG_0006.jpg'), ('correctAnswer', 2), ('intensity', 2), ('stimuliGender', 1)])
21.7274 	DATA 	Mouse:  Left button up, pos=(1179,183)
21.7496 	EXP 	image: autoDraw = False
21.7496 	EXP 	slider: autoDraw = False
21.7496 	EXP 	next_button: autoDraw = False
21.7496 	EXP 	image: image = 'stims\\IMG_0006.jpg'
21.7496 	EXP 	slider: markerPos = None
21.7496 	EXP 	slider: markerPos = None
21.7496 	EXP 	slider: autoDraw = True
21.7496 	EXP 	next_button: autoDraw = True
21.8662 	EXP 	image: autoDraw = True
21.9777 	DATA 	Mouse: Left button down, pos=(1085,182)
22.0163 	EXP 	slider: markerPos = 4.020833333333333
22.0497 	EXP 	slider: markerPos = 4.020833333333333
22.0508 	DATA 	Mouse:  Left button up, pos=(1085,182)
22.0831 	EXP 	slider: markerPos = 4
22.2005 	DATA 	Mouse: Left button down, pos=(1161,180)
22.2067 	EXP 	New trial (rep=0, index=6): OrderedDict([('stimFile', 'stims\\IMG_0007.jpg'), ('correctAnswer', 1), ('intensity', 1), ('stimuliGender', 1)])
22.2775 	DATA 	Mouse:  Left button up, pos=(1161,180)
22.2834 	EXP 	image: autoDraw = False
22.2834 	EXP 	slider: autoDraw = False
22.2834 	EXP 	next_button: autoDraw = False
22.2834 	EXP 	image: image = 'stims\\IMG_0007.jpg'
22.2834 	EXP 	slider: markerPos = None
22.2834 	EXP 	slider: markerPos = None
22.2834 	EXP 	slider: autoDraw = True
22.2834 	EXP 	next_button: autoDraw = True
22.4501 	EXP 	image: autoDraw = True
22.5677 	DATA 	Mouse: Left button down, pos=(1075,179)
22.6002 	EXP 	slider: markerPos = 3.979166666666667
22.6335 	EXP 	slider: markerPos = 3.979166666666667
22.6341 	DATA 	Mouse:  Left button up, pos=(1075,179)
22.6670 	EXP 	slider: markerPos = 4
22.7789 	DATA 	Mouse: Left button down, pos=(1166,181)
22.7908 	EXP 	New trial (rep=0, index=7): OrderedDict([('stimFile', 'stims\\IMG_0008.jpg'), ('correctAnswer', 4), ('intensity', 1), ('stimuliGender', 1)])
22.8495 	DATA 	Mouse:  Left button up, pos=(1166,181)
22.8672 	EXP 	image: autoDraw = False
22.8672 	EXP 	slider: autoDraw = False
22.8672 	EXP 	next_button: autoDraw = False
22.8672 	EXP 	image: image = 'stims\\IMG_0008.jpg'
22.8672 	EXP 	slider: markerPos = None
22.8672 	EXP 	slider: markerPos = None
22.8672 	EXP 	slider: autoDraw = True
22.8672 	EXP 	next_button: autoDraw = True
22.9507 	EXP 	image: autoDraw = True
23.2809 	DATA 	Mouse: Left button down, pos=(1086,183)
23.3176 	EXP 	slider: markerPos = 4.025
23.3509 	EXP 	slider: markerPos = 4.025
23.3677 	DATA 	Mouse:  Left button up, pos=(1086,183)
23.3843 	EXP 	slider: markerPos = 4.025
23.4177 	EXP 	slider: markerPos = 4
23.4963 	DATA 	Mouse: Left button down, pos=(1155,185)
23.5074 	EXP 	New trial (rep=0, index=8): OrderedDict([('stimFile', 'stims\\IMG_0009.jpg'), ('correctAnswer', 4), ('intensity', 2), ('stimuliGender', 1)])
23.5653 	DATA 	Mouse:  Left button up, pos=(1155,185)
23.5845 	EXP 	image: autoDraw = False
23.5845 	EXP 	slider: autoDraw = False
23.5845 	EXP 	next_button: autoDraw = False
23.5845 	EXP 	image: image = 'stims\\IMG_0009.jpg'
23.5845 	EXP 	slider: markerPos = None
23.5845 	EXP 	slider: markerPos = None
23.5845 	EXP 	slider: autoDraw = True
23.5845 	EXP 	next_button: autoDraw = True
23.6679 	EXP 	image: autoDraw = True
23.8976 	DATA 	Mouse: Left button down, pos=(1065,178)
23.9350 	EXP 	slider: markerPos = 3.9375
23.9684 	EXP 	slider: markerPos = 3.9375
23.9861 	DATA 	Mouse:  Left button up, pos=(1066,178)
24.0015 	EXP 	slider: markerPos = 3.9375
24.0350 	EXP 	slider: markerPos = 4
24.1477 	DATA 	Mouse: Left button down, pos=(1180,188)
24.1579 	EXP 	New trial (rep=0, index=9): OrderedDict([('stimFile', 'stims\\IMG_0010.jpg'), ('correctAnswer', 1), ('intensity', 1), ('stimuliGender', 1)])
24.2142 	DATA 	Mouse:  Left button up, pos=(1180,188)
24.2352 	EXP 	image: autoDraw = False
24.2352 	EXP 	slider: autoDraw = False
24.2352 	EXP 	next_button: autoDraw = False
24.2352 	EXP 	image: image = 'stims\\IMG_0010.jpg'
24.2352 	EXP 	slider: markerPos = None
24.2352 	EXP 	slider: markerPos = None
24.2352 	EXP 	slider: autoDraw = True
24.2352 	EXP 	next_button: autoDraw = True
24.3018 	EXP 	image: autoDraw = True
24.6531 	DATA 	Mouse: Left button down, pos=(1087,181)
24.6857 	EXP 	slider: markerPos = 4.029166666666667
24.7152 	DATA 	Mouse:  Left button up, pos=(1087,181)
24.7191 	EXP 	slider: markerPos = 4.029166666666667
24.7525 	EXP 	slider: markerPos = 4
24.8743 	DATA 	Mouse: Left button down, pos=(1195,182)
24.8971 	EXP 	New trial (rep=0, index=10): OrderedDict([('stimFile', 'stims\\IMG_0011.jpg'), ('correctAnswer', 2), ('intensity', 2), ('stimuliGender', 1)])
24.9873 	DATA 	Mouse:  Left button up, pos=(1195,182)
25.0025 	EXP 	image: autoDraw = False
25.0025 	EXP 	slider: autoDraw = False
25.0025 	EXP 	next_button: autoDraw = False
25.0025 	EXP 	image: image = 'stims\\IMG_0011.jpg'
25.0025 	EXP 	slider: markerPos = None
25.0025 	EXP 	slider: markerPos = None
25.0025 	EXP 	slider: autoDraw = True
25.0025 	EXP 	next_button: autoDraw = True
25.0860 	EXP 	image: autoDraw = True
25.1670 	DATA 	Mouse: Left button down, pos=(1195,182)
25.1799 	EXP 	New trial (rep=0, index=11): OrderedDict([('stimFile', 'stims\\IMG_0012.jpg'), ('correctAnswer', 3), ('intensity', 1), ('stimuliGender', 1)])
25.2402 	DATA 	Mouse:  Left button up, pos=(1195,182)
25.2529 	EXP 	image: autoDraw = False
25.2529 	EXP 	slider: autoDraw = False
25.2529 	EXP 	next_button: autoDraw = False
25.2529 	EXP 	image: image = 'stims\\IMG_0012.jpg'
25.2529 	EXP 	slider: markerPos = None
25.2529 	EXP 	slider: markerPos = None
25.2529 	EXP 	slider: autoDraw = True
25.2529 	EXP 	next_button: autoDraw = True
25.3131 	DATA 	Mouse: Left button down, pos=(1195,182)
25.3261 	EXP 	New trial (rep=0, index=12): OrderedDict([('stimFile', 'stims\\IMG_0013.jpg'), ('correctAnswer', 2), ('intensity', 1), ('stimuliGender', 2)])
25.3814 	DATA 	Mouse:  Left button up, pos=(1195,183)
25.4029 	EXP 	image: autoDraw = True
25.4029 	EXP 	image: autoDraw = False
25.4029 	EXP 	slider: autoDraw = False
25.4029 	EXP 	next_button: autoDraw = False
25.4029 	EXP 	image: image = 'stims\\IMG_0013.jpg'
25.4029 	EXP 	slider: markerPos = None
25.4029 	EXP 	slider: markerPos = None
25.4029 	EXP 	slider: autoDraw = True
25.4029 	EXP 	next_button: autoDraw = True
25.4673 	DATA 	Mouse: Left button down, pos=(1195,183)
25.4695 	EXP 	image: autoDraw = True
25.4759 	EXP 	New trial (rep=0, index=13): OrderedDict([('stimFile', 'stims\\IMG_0014.jpg'), ('correctAnswer', 2), ('intensity', 1), ('stimuliGender', 2)])
25.5346 	DATA 	Mouse:  Left button up, pos=(1195,183)
25.5531 	EXP 	image: autoDraw = False
25.5531 	EXP 	slider: autoDraw = False
25.5531 	EXP 	next_button: autoDraw = False
25.5531 	EXP 	image: image = 'stims\\IMG_0014.jpg'
25.5531 	EXP 	slider: markerPos = None
25.5531 	EXP 	slider: markerPos = None
25.5531 	EXP 	slider: autoDraw = True
25.5531 	EXP 	next_button: autoDraw = True
25.6036 	DATA 	Mouse: Left button down, pos=(1195,183)
25.6100 	EXP 	New trial (rep=0, index=14): OrderedDict([('stimFile', 'stims\\IMG_0015.jpg'), ('correctAnswer', 3), ('intensity', 2), ('stimuliGender', 2)])
25.6655 	DATA 	Mouse:  Left button up, pos=(1195,183)
25.6864 	EXP 	image: autoDraw = False
25.6864 	EXP 	slider: autoDraw = False
25.6864 	EXP 	next_button: autoDraw = False
25.6864 	EXP 	image: image = 'stims\\IMG_0015.jpg'
25.6864 	EXP 	slider: markerPos = None
25.6864 	EXP 	slider: markerPos = None
25.6864 	EXP 	slider: autoDraw = True
25.6864 	EXP 	next_button: autoDraw = True
25.7204 	DATA 	Mouse: Left button down, pos=(1195,183)
25.7266 	EXP 	New trial (rep=0, index=15): OrderedDict([('stimFile', 'stims\\IMG_0016.jpg'), ('correctAnswer', 4), ('intensity', 1), ('stimuliGender', 2)])
25.8034 	EXP 	image: autoDraw = False
25.8034 	EXP 	slider: autoDraw = False
25.8034 	EXP 	next_button: autoDraw = False
25.8034 	EXP 	image: image = 'stims\\IMG_0016.jpg'
25.8034 	EXP 	slider: markerPos = None
25.8034 	EXP 	slider: markerPos = None
25.8034 	EXP 	slider: autoDraw = True
25.8034 	EXP 	next_button: autoDraw = True
25.8040 	DATA 	Mouse:  Left button up, pos=(1195,183)
25.8540 	DATA 	Mouse: Left button down, pos=(1195,183)
25.8606 	EXP 	New trial (rep=0, index=16): OrderedDict([('stimFile', 'stims\\IMG_0017.jpg'), ('correctAnswer', 2), ('intensity', 1), ('stimuliGender', 2)])
25.9223 	DATA 	Mouse:  Left button up, pos=(1195,183)
25.9370 	EXP 	image: autoDraw = False
25.9370 	EXP 	slider: autoDraw = False
25.9370 	EXP 	next_button: autoDraw = False
25.9370 	EXP 	image: image = 'stims\\IMG_0017.jpg'
25.9370 	EXP 	slider: markerPos = None
25.9370 	EXP 	slider: markerPos = None
25.9370 	EXP 	slider: autoDraw = True
25.9370 	EXP 	next_button: autoDraw = True
25.9708 	DATA 	Mouse: Left button down, pos=(1195,183)
25.9778 	EXP 	New trial (rep=0, index=17): OrderedDict([('stimFile', 'stims\\IMG_0018.jpg'), ('correctAnswer', 2), ('intensity', 2), ('stimuliGender', 2)])
26.0469 	DATA 	Mouse:  Left button up, pos=(1195,183)
26.0534 	EXP 	image: autoDraw = False
26.0534 	EXP 	slider: autoDraw = False
26.0534 	EXP 	next_button: autoDraw = False
26.0534 	EXP 	image: image = 'stims\\IMG_0018.jpg'
26.0534 	EXP 	slider: markerPos = None
26.0534 	EXP 	slider: markerPos = None
26.0534 	EXP 	slider: autoDraw = True
26.0534 	EXP 	next_button: autoDraw = True
26.1039 	DATA 	Mouse: Left button down, pos=(1195,183)
26.1101 	EXP 	New trial (rep=0, index=18): OrderedDict([('stimFile', 'stims\\IMG_0019.jpg'), ('correctAnswer', 4), ('intensity', 2), ('stimuliGender', 2)])
26.1770 	DATA 	Mouse:  Left button up, pos=(1195,183)
26.1869 	EXP 	image: autoDraw = False
26.1869 	EXP 	slider: autoDraw = False
26.1869 	EXP 	next_button: autoDraw = False
26.1869 	EXP 	image: image = 'stims\\IMG_0019.jpg'
26.1869 	EXP 	slider: markerPos = None
26.1869 	EXP 	slider: markerPos = None
26.1869 	EXP 	slider: autoDraw = True
26.1869 	EXP 	next_button: autoDraw = True
26.2212 	DATA 	Mouse: Left button down, pos=(1195,183)
26.2437 	EXP 	New trial (rep=0, index=19): OrderedDict([('stimFile', 'stims\\IMG_0020.jpg'), ('correctAnswer', 3), ('intensity', 1), ('stimuliGender', 2)])
26.3136 	DATA 	Mouse:  Left button up, pos=(1195,183)
26.3371 	EXP 	image: autoDraw = True
26.3371 	EXP 	image: autoDraw = False
26.3371 	EXP 	slider: autoDraw = False
26.3371 	EXP 	next_button: autoDraw = False
26.3371 	EXP 	image: image = 'stims\\IMG_0020.jpg'
26.3371 	EXP 	slider: markerPos = None
26.3371 	EXP 	slider: markerPos = None
26.3371 	EXP 	slider: autoDraw = True
26.3371 	EXP 	next_button: autoDraw = True
26.3542 	DATA 	Mouse: Left button down, pos=(1195,183)
26.3605 	EXP 	New trial (rep=0, index=20): OrderedDict([('stimFile', 'stims\\IMG_0021.jpg'), ('correctAnswer', 4), ('intensity', 2), ('stimuliGender', 2)])
26.4317 	DATA 	Mouse:  Left button up, pos=(1195,183)
26.4373 	EXP 	image: autoDraw = False
26.4373 	EXP 	slider: autoDraw = False
26.4373 	EXP 	next_button: autoDraw = False
26.4373 	EXP 	image: image = 'stims\\IMG_0021.jpg'
26.4373 	EXP 	slider: markerPos = None
26.4373 	EXP 	slider: markerPos = None
26.4373 	EXP 	slider: autoDraw = True
26.4373 	EXP 	next_button: autoDraw = True
26.4715 	DATA 	Mouse: Left button down, pos=(1195,183)
26.4820 	EXP 	New trial (rep=0, index=21): OrderedDict([('stimFile', 'stims\\IMG_0022.jpg'), ('correctAnswer', 3), ('intensity', 2), ('stimuliGender', 2)])
26.6027 	DATA 	Mouse:  Left button up, pos=(1195,183)
26.6225 	DATA 	Mouse: Left button down, pos=(1195,183)
26.6376 	EXP 	image: autoDraw = False
26.6376 	EXP 	slider: autoDraw = False
26.6376 	EXP 	next_button: autoDraw = False
26.6376 	EXP 	image: image = 'stims\\IMG_0022.jpg'
26.6376 	EXP 	slider: markerPos = None
26.6376 	EXP 	slider: markerPos = None
26.6376 	EXP 	slider: autoDraw = True
26.6376 	EXP 	next_button: autoDraw = True
26.6485 	EXP 	New trial (rep=0, index=22): OrderedDict([('stimFile', 'stims\\IMG_0023.jpg'), ('correctAnswer', 1), ('intensity', 2), ('stimuliGender', 2)])
26.7600 	DATA 	Mouse:  Left button up, pos=(1195,183)
26.7878 	EXP 	image: autoDraw = False
26.7878 	EXP 	slider: autoDraw = False
26.7878 	EXP 	next_button: autoDraw = False
26.7878 	EXP 	image: image = 'stims\\IMG_0023.jpg'
26.7878 	EXP 	slider: markerPos = None
26.7878 	EXP 	slider: markerPos = None
26.7878 	EXP 	slider: autoDraw = True
26.7878 	EXP 	next_button: autoDraw = True
26.8544 	EXP 	image: autoDraw = True
27.5157 	DATA 	Mouse: Left button down, pos=(1195,183)
27.5277 	EXP 	New trial (rep=0, index=23): OrderedDict([('stimFile', 'stims\\IMG_0024.jpg'), ('correctAnswer', 1), ('intensity', 2), ('stimuliGender', 2)])
27.5846 	DATA 	Mouse:  Left button up, pos=(1195,183)
27.6049 	EXP 	image: autoDraw = False
27.6049 	EXP 	slider: autoDraw = False
27.6049 	EXP 	next_button: autoDraw = False
27.6049 	EXP 	image: image = 'stims\\IMG_0024.jpg'
27.6049 	EXP 	slider: markerPos = None
27.6049 	EXP 	slider: markerPos = None
27.6049 	EXP 	slider: autoDraw = True
27.6049 	EXP 	next_button: autoDraw = True
27.6883 	EXP 	image: autoDraw = True
27.8835 	DATA 	Mouse: Left button down, pos=(1195,183)
27.9053 	EXP 	image: autoDraw = False
27.9053 	EXP 	slider: autoDraw = False
27.9053 	EXP 	next_button: autoDraw = False
28.8497 	EXP 	window1: mouseVisible = True
