4.3588 	WARNING 	We strongly recommend you activate the PTB sound engine in PsychoPy prefs as the preferred audio engine. Its timing is vastly superior. Your prefs are currently set to use ['sounddevice', 'PTB', 'pyo', 'pygame'] (in that order).
99.4959 	WARNING 	User requested fullscreen with size [1920 1080], but screen is actually [1440, 900]. Using actual size
101.0935 	EXP 	Created window1 = Window(allowGUI=False, allowStencil=False, autoLog=True, backendConf=UNKNOWN, bitsMode=UNKNOWN, blendMode='avg', bpc=(8, 8, 8), color=array([-0.396, -0.396, -0.396]), colorSpace='rgb', depthBits=8, fullscr=<method-wrapper '__getattribute__' of attributeSetter object at 0x000002E69EF1A730>, gamma=None, gammaErrorPolicy='raise', lms=UNKNOWN, monitor=<psychopy.monitors.calibTools.Monitor object at 0x000002E69C66A940>, multiSample=False, name='window1', numSamples=2, pos=(1372, -900), screen=1, size=array([1440,  900]), stencilBits=0, stereo=False, units='norm', useFBO=True, useRetina=False, viewOri=0.0, viewPos=None, viewScale=None, waitBlanking=True, winType='pyglet')
101.0938 	EXP 	window1: mouseVisible = True
101.0939 	EXP 	window1: Attempting to measure frame rate of screen (1) ...
101.0939 	EXP 	window1: recordFrameIntervals = False
101.2597 	EXP 	window1: recordFrameIntervals = True
101.4429 	EXP 	Screen (1) actual frame rate measured at 59.96Hz
101.4429 	EXP 	window1: recordFrameIntervals = False
107.6387 	EXP 	Created Instructions = TextStim(__class__=<class 'psychopy.visual.text.TextStim'>, alignHoriz=method-wrapper(...), alignText='center', alignVert=method-wrapper(...), anchorHoriz='center', anchorVert='center', antialias=True, autoLog=True, bold=False, color=array([1., 1., 1.]), colorSpace='rgb', contrast=1.0, depth=0.0, flipHoriz=False, flipVert=False, font='Arial', fontFiles=[], height=0.1, italic=False, languageStyle='LTR', name='Instructions', opacity=1.0, ori=0, pos=array([0., 0.]), rgb=UNKNOWN, text=str(...), units='norm', win=Window(...), wrapWidth=1)
107.6390 	EXP 	window1: mouseVisible = True
107.6480 	EXP 	Created image = ImageStim(__class__=<class 'psychopy.visual.image.ImageStim'>, anchor=('center', 'center'), autoLog=True, color=array([1., 1., 1.]), colorSpace='rgb', contrast=1.0, depth=0.0, flipHoriz=False, flipVert=False, image='sin', interpolate=True, mask=None, maskParams=None, name='image', opacity=1.0, ori=0.0, pos=array([0., 0.]), size=array([0.6936, 0.4704]), texRes=128, units='height', win=Window(...))
107.7002 	EXP 	window1: mouseVisible = True
107.9070 	WARNING 	Font b'HelveticaBold' was requested. No similar font found.
108.0859 	WARNING 	Font b'HelveticaBold' was requested. No similar font found.
108.2700 	WARNING 	Font b'HelveticaBold' was requested. No similar font found.
108.4687 	WARNING 	Font b'HelveticaBold' was requested. No similar font found.
108.6222 	EXP 	Created slider = Slider(__class__=<class 'psychopy.visual.slider.Slider'>, autoDraw=False, autoLog=True, borderColor=None, color=None, colorSpace='rgb', depth=-1, fillColor=None, flip=False, font='HelveticaBold', granularity=1, labelColor=None, labelHeight=0.05, labelWrapWidth=None, labels=['HAPPY', 'SAD', 'ANGRY', 'FEARFUL'], lineColor=None, markerColor=None, name='slider', opacity=None, ori=0, pos=array([ 0. , -0.6]), readOnly=False, self=UNKNOWN, size=array([1. , 0.1]), startValue=None, style=['rating'], styleTweaks=[], ticks=array([1, 2, 3, 4]), units='norm', win=Window(...))
108.6394 	EXP 	Created next_button = TextStim(__class__=<class 'psychopy.visual.text.TextStim'>, alignHoriz=method-wrapper(...), alignText='center', alignVert=method-wrapper(...), anchorHoriz='center', anchorVert='center', antialias=True, autoLog=True, bold=False, color=array([1., 1., 1.]), colorSpace='rgb', contrast=1.0, depth=-2.0, flipHoriz=False, flipVert=False, font='Arial', fontFiles=[], height=0.1, italic=False, languageStyle='LTR', name='next_button', opacity=1.0, ori=0, pos=array([ 0.7, -0.6]), rgb=UNKNOWN, text='CONTINUE', units='norm', win=Window(...), wrapWidth=1)
108.6396 	EXP 	window1: mouseVisible = True
108.6667 	EXP 	slider: autoLog = True
108.6667 	EXP 	slider: markerPos = None
108.6667 	EXP 	slider: styleTweaks = []
108.6667 	EXP 	slider: styleTweaks = []
108.6667 	EXP 	slider: styleTweaks = []
108.6667 	EXP 	slider: styleTweaks = []
108.6667 	EXP 	slider: contrast = 1.0
108.6667 	EXP 	slider: autoLog = True
108.6667 	EXP 	Instructions: autoDraw = True
117.8420 	DATA 	Mouse: Left button down, pos=(634,381)
117.8860 	EXP 	Imported facesBlock.csv as conditions, 24 conditions, 4 params
117.8879 	EXP 	Created sequence: sequential, trialTypes=24, nReps=1, seed=None
117.8897 	EXP 	New trial (rep=0, index=0): OrderedDict([('stimFile', 'stims\\IMG_0001.jpg'), ('correctAnswer', 1), ('intensity', 2), ('stimuliGender', 1)])
117.9841 	DATA 	Mouse:  Left button up, pos=(634,382)
118.0415 	EXP 	Instructions: autoDraw = False
118.0415 	EXP 	image: image = 'stims\\IMG_0001.jpg'
118.0415 	EXP 	slider: markerPos = None
118.0415 	EXP 	slider: markerPos = None
118.0415 	EXP 	slider: autoDraw = True
118.0415 	EXP 	next_button: autoDraw = True
118.1249 	EXP 	image: autoDraw = True
120.1602 	EXP 	image: autoDraw = False
128.6857 	DATA 	Mouse: Left button down, pos=(613,251)
128.7858 	DATA 	Mouse:  Left button up, pos=(613,252)
128.9902 	DATA 	Keypress: escape
130.5203 	EXP 	window1: mouseVisible = True
