2.7015 	WARNING 	We strongly recommend you activate the PTB sound engine in PsychoPy prefs as the preferred audio engine. Its timing is vastly superior. Your prefs are currently set to use ['sounddevice', 'PTB', 'pyo', 'pygame'] (in that order).
9.9228 	WARNING 	User requested fullscreen with size [1920 1080], but screen is actually [1440, 900]. Using actual size
11.1244 	EXP 	Created window1 = Window(allowGUI=False, allowStencil=False, autoLog=True, backendConf=UNKNOWN, bitsMode=UNKNOWN, blendMode='avg', bpc=(8, 8, 8), color=array([-0.396, -0.396, -0.396]), colorSpace='rgb', depthBits=8, fullscr=<method-wrapper '__getattribute__' of attributeSetter object at 0x00000267CF487D90>, gamma=None, gammaErrorPolicy='raise', lms=UNKNOWN, monitor=<psychopy.monitors.calibTools.Monitor object at 0x00000267A93CA550>, multiSample=False, name='window1', numSamples=2, pos=(1372, -900), screen=1, size=array([1440,  900]), stencilBits=0, stereo=False, units='norm', useFBO=True, useRetina=False, viewOri=0.0, viewPos=None, viewScale=None, waitBlanking=True, winType='pyglet')
11.1246 	EXP 	window1: mouseVisible = True
11.1246 	EXP 	window1: Attempting to measure frame rate of screen (1) ...
11.1246 	EXP 	window1: recordFrameIntervals = False
11.2911 	EXP 	window1: recordFrameIntervals = True
11.4748 	EXP 	Screen (1) actual frame rate measured at 59.96Hz
11.4748 	EXP 	window1: recordFrameIntervals = False
14.8856 	EXP 	Created Instructions = TextStim(__class__=<class 'psychopy.visual.text.TextStim'>, alignHoriz=method-wrapper(...), alignText='center', alignVert=method-wrapper(...), anchorHoriz='center', anchorVert='center', antialias=True, autoLog=True, bold=False, color=array([1., 1., 1.]), colorSpace='rgb', contrast=1.0, depth=0.0, flipHoriz=False, flipVert=False, font='Arial', fontFiles=[], height=0.1, italic=False, languageStyle='LTR', name='Instructions', opacity=1.0, ori=0, pos=array([0., 0.]), rgb=UNKNOWN, text=str(...), units='norm', win=Window(...), wrapWidth=1)
14.8858 	EXP 	window1: mouseVisible = True
14.8906 	EXP 	Created image = ImageStim(__class__=<class 'psychopy.visual.image.ImageStim'>, anchor=('center', 'center'), autoLog=True, color=array([1., 1., 1.]), colorSpace='rgb', contrast=1.0, depth=0.0, flipHoriz=False, flipVert=False, image='sin', interpolate=True, mask=None, maskParams=None, name='image', opacity=1.0, ori=0.0, pos=array([0., 0.]), size=array([0.6936, 0.4704]), texRes=128, units='height', win=Window(...))
14.9213 	EXP 	window1: mouseVisible = True
15.0591 	EXP 	Created slider = Slider(__class__=<class 'psychopy.visual.slider.Slider'>, autoDraw=False, autoLog=True, borderColor=None, color=None, colorSpace='rgb', depth=-1, fillColor=None, flip=False, font='Arial', granularity=1, labelColor=None, labelHeight=0.05, labelWrapWidth=None, labels=['HAPPY', 'SAD', 'ANGRY', 'FEARFUL'], lineColor=None, markerColor=None, name='slider', opacity=None, ori=0, pos=array([ 0. , -0.6]), readOnly=False, self=UNKNOWN, size=array([1. , 0.1]), startValue=None, style=['rating'], styleTweaks=[], ticks=array([1, 2, 3, 4]), units='norm', win=Window(...))
15.0683 	EXP 	Created next_button = TextStim(__class__=<class 'psychopy.visual.text.TextStim'>, alignHoriz=method-wrapper(...), alignText='center', alignVert=method-wrapper(...), anchorHoriz='center', anchorVert='center', antialias=True, autoLog=True, bold=False, color=array([1., 1., 1.]), colorSpace='rgb', contrast=1.0, depth=-2.0, flipHoriz=False, flipVert=False, font='Arial', fontFiles=[], height=0.1, italic=False, languageStyle='LTR', name='next_button', opacity=1.0, ori=0, pos=array([ 0.7, -0.6]), rgb=UNKNOWN, text='CONTINUE', units='norm', win=Window(...), wrapWidth=1)
15.0684 	EXP 	window1: mouseVisible = True
15.0787 	EXP 	slider: autoLog = True
15.0787 	EXP 	slider: markerPos = None
15.0787 	EXP 	slider: styleTweaks = []
15.0787 	EXP 	slider: styleTweaks = []
15.0787 	EXP 	slider: styleTweaks = []
15.0787 	EXP 	slider: styleTweaks = []
15.0787 	EXP 	slider: contrast = 1.0
15.0787 	EXP 	slider: autoLog = True
15.0787 	EXP 	Instructions: autoDraw = True
15.4467 	DATA 	Mouse: Left button down, pos=(582,171)
15.4527 	EXP 	Imported facesBlock.csv as conditions, 24 conditions, 4 params
15.4531 	EXP 	Created sequence: sequential, trialTypes=24, nReps=1, seed=None
15.4534 	EXP 	New trial (rep=0, index=0): OrderedDict([('stimFile', 'stims\\IMG_0001.jpg'), ('correctAnswer', 1), ('intensity', 2), ('stimuliGender', 1)])
15.5458 	EXP 	Instructions: autoDraw = False
15.5458 	EXP 	image: image = 'stims\\IMG_0001.jpg'
15.5458 	EXP 	slider: markerPos = None
15.5458 	EXP 	slider: markerPos = None
15.5458 	EXP 	slider: autoDraw = True
15.5458 	EXP 	next_button: autoDraw = True
15.5458 	EXP 	slider: markerPos = 1.925
15.5466 	DATA 	Mouse:  Left button up, pos=(582,172)
15.5788 	EXP 	slider: markerPos = 2
15.6283 	EXP 	image: autoDraw = True
16.6409 	DATA 	Mouse: Left button down, pos=(1085,175)
16.6794 	EXP 	slider: markerPos = 4.020833333333333
16.6991 	DATA 	Mouse:  Left button up, pos=(1085,175)
16.7126 	EXP 	slider: markerPos = 4.020833333333333
16.7458 	EXP 	slider: markerPos = 4
16.8908 	DATA 	Mouse: Left button down, pos=(1132,184)
16.9027 	EXP 	New trial (rep=0, index=1): OrderedDict([('stimFile', 'stims\\IMG_0002.jpg'), ('correctAnswer', 4), ('intensity', 1), ('stimuliGender', 1)])
16.9610 	DATA 	Mouse:  Left button up, pos=(1133,184)
16.9794 	EXP 	image: autoDraw = False
16.9794 	EXP 	slider: autoDraw = False
16.9794 	EXP 	next_button: autoDraw = False
16.9794 	EXP 	image: image = 'stims\\IMG_0002.jpg'
16.9794 	EXP 	slider: markerPos = None
16.9794 	EXP 	slider: markerPos = None
16.9794 	EXP 	slider: autoDraw = True
16.9794 	EXP 	next_button: autoDraw = True
17.0628 	EXP 	image: autoDraw = True
17.2401 	DATA 	Mouse: Left button down, pos=(1094,176)
17.2798 	EXP 	slider: markerPos = 4.058333333333334
17.3131 	EXP 	slider: markerPos = 4.058333333333334
17.3464 	EXP 	slider: markerPos = 4.058333333333334
17.3473 	DATA 	Mouse:  Left button up, pos=(1096,175)
17.3797 	EXP 	slider: markerPos = 4
17.4807 	DATA 	Mouse: Left button down, pos=(1164,185)
17.4869 	EXP 	New trial (rep=0, index=2): OrderedDict([('stimFile', 'stims\\IMG_0003.jpg'), ('correctAnswer', 3), ('intensity', 2), ('stimuliGender', 1)])
17.5635 	EXP 	image: autoDraw = False
17.5635 	EXP 	slider: autoDraw = False
17.5635 	EXP 	next_button: autoDraw = False
17.5635 	EXP 	image: image = 'stims\\IMG_0003.jpg'
17.5635 	EXP 	slider: markerPos = None
17.5635 	EXP 	slider: markerPos = None
17.5635 	EXP 	slider: autoDraw = True
17.5635 	EXP 	next_button: autoDraw = True
17.5642 	DATA 	Mouse:  Left button up, pos=(1164,185)
17.6467 	EXP 	image: autoDraw = True
17.8824 	DATA 	Mouse: Left button down, pos=(1057,177)
17.9135 	EXP 	slider: markerPos = 3.904166666666667
17.9471 	EXP 	slider: markerPos = 3.904166666666667
17.9804 	EXP 	slider: markerPos = 3.904166666666667
17.9819 	DATA 	Mouse:  Left button up, pos=(1058,177)
18.0137 	EXP 	slider: markerPos = 4
18.1644 	DATA 	Mouse: Left button down, pos=(1158,180)
18.1703 	EXP 	New trial (rep=0, index=3): OrderedDict([('stimFile', 'stims\\IMG_0004.jpg'), ('correctAnswer', 1), ('intensity', 1), ('stimuliGender', 1)])
18.3397 	DATA 	Mouse:  Left button up, pos=(1158,180)
18.3641 	EXP 	image: autoDraw = False
18.3641 	EXP 	slider: autoDraw = False
18.3641 	EXP 	next_button: autoDraw = False
18.3641 	EXP 	image: image = 'stims\\IMG_0004.jpg'
18.3641 	EXP 	slider: markerPos = None
18.3641 	EXP 	slider: markerPos = None
18.3641 	EXP 	slider: autoDraw = True
18.3641 	EXP 	next_button: autoDraw = True
18.5796 	DATA 	Mouse: Left button down, pos=(1073,169)
18.5975 	EXP 	image: autoDraw = True
18.5975 	EXP 	slider: markerPos = 3.970833333333333
18.6309 	EXP 	slider: markerPos = 3.970833333333333
18.6472 	DATA 	Mouse:  Left button up, pos=(1074,170)
18.6644 	EXP 	slider: markerPos = 3.970833333333333
18.6976 	EXP 	slider: markerPos = 4
18.7984 	DATA 	Mouse: Left button down, pos=(1133,173)
18.8044 	EXP 	New trial (rep=0, index=4): OrderedDict([('stimFile', 'stims\\IMG_0005.jpg'), ('correctAnswer', 3), ('intensity', 1), ('stimuliGender', 1)])
18.8812 	EXP 	image: autoDraw = False
18.8812 	EXP 	slider: autoDraw = False
18.8812 	EXP 	next_button: autoDraw = False
18.8812 	EXP 	image: image = 'stims\\IMG_0005.jpg'
18.8812 	EXP 	slider: markerPos = None
18.8812 	EXP 	slider: markerPos = None
18.8812 	EXP 	slider: autoDraw = True
18.8812 	EXP 	next_button: autoDraw = True
18.8986 	DATA 	Mouse:  Left button up, pos=(1134,174)
19.0314 	EXP 	image: autoDraw = True
19.3666 	DATA 	Mouse: Left button down, pos=(871,176)
19.3983 	EXP 	slider: markerPos = 3.129166666666667
19.4317 	EXP 	slider: markerPos = 3.129166666666667
19.4653 	EXP 	slider: markerPos = 3.129166666666667
19.4660 	DATA 	Mouse:  Left button up, pos=(872,176)
19.4984 	EXP 	slider: markerPos = 3
19.7267 	DATA 	Mouse: Left button down, pos=(1173,176)
19.7382 	EXP 	New trial (rep=0, index=5): OrderedDict([('stimFile', 'stims\\IMG_0006.jpg'), ('correctAnswer', 2), ('intensity', 2), ('stimuliGender', 1)])
19.9041 	DATA 	Mouse:  Left button up, pos=(1173,176)
19.9323 	EXP 	image: autoDraw = False
19.9323 	EXP 	slider: autoDraw = False
19.9323 	EXP 	next_button: autoDraw = False
19.9323 	EXP 	image: image = 'stims\\IMG_0006.jpg'
19.9323 	EXP 	slider: markerPos = None
19.9323 	EXP 	slider: markerPos = None
19.9323 	EXP 	slider: autoDraw = True
19.9323 	EXP 	next_button: autoDraw = True
20.0490 	EXP 	image: autoDraw = True
20.1997 	DATA 	Mouse: Left button down, pos=(826,165)
20.2325 	EXP 	slider: markerPos = 2.941666666666667
20.2659 	EXP 	slider: markerPos = 2.941666666666667
20.2678 	DATA 	Mouse:  Left button up, pos=(826,165)
20.2995 	EXP 	slider: markerPos = 3
20.5447 	DATA 	Mouse: Left button down, pos=(1156,162)
20.5554 	EXP 	New trial (rep=0, index=6): OrderedDict([('stimFile', 'stims\\IMG_0007.jpg'), ('correctAnswer', 1), ('intensity', 1), ('stimuliGender', 1)])
20.6328 	EXP 	image: autoDraw = False
20.6328 	EXP 	slider: autoDraw = False
20.6328 	EXP 	next_button: autoDraw = False
20.6328 	EXP 	image: image = 'stims\\IMG_0007.jpg'
20.6328 	EXP 	slider: markerPos = None
20.6328 	EXP 	slider: markerPos = None
20.6328 	EXP 	slider: autoDraw = True
20.6328 	EXP 	next_button: autoDraw = True
20.6502 	DATA 	Mouse:  Left button up, pos=(1156,162)
20.7829 	EXP 	image: autoDraw = True
20.9670 	DATA 	Mouse: Left button down, pos=(819,163)
20.9998 	EXP 	slider: markerPos = 2.9124999999999996
21.0334 	EXP 	slider: markerPos = 2.9124999999999996
21.0497 	DATA 	Mouse:  Left button up, pos=(819,164)
21.0667 	EXP 	slider: markerPos = 2.9124999999999996
21.0999 	EXP 	slider: markerPos = 3
21.3178 	DATA 	Mouse: Left button down, pos=(1214,183)
21.3247 	EXP 	New trial (rep=0, index=7): OrderedDict([('stimFile', 'stims\\IMG_0008.jpg'), ('correctAnswer', 4), ('intensity', 1), ('stimuliGender', 1)])
21.3949 	DATA 	Mouse:  Left button up, pos=(1214,183)
21.4169 	EXP 	image: autoDraw = False
21.4169 	EXP 	slider: autoDraw = False
21.4169 	EXP 	next_button: autoDraw = False
21.4169 	EXP 	image: image = 'stims\\IMG_0008.jpg'
21.4169 	EXP 	slider: markerPos = None
21.4169 	EXP 	slider: markerPos = None
21.4169 	EXP 	slider: autoDraw = True
21.4169 	EXP 	next_button: autoDraw = True
21.5172 	EXP 	image: autoDraw = True
21.7346 	DATA 	Mouse: Left button down, pos=(784,175)
21.7671 	EXP 	slider: markerPos = 2.7666666666666666
21.8005 	EXP 	slider: markerPos = 2.7666666666666666
21.8340 	EXP 	slider: markerPos = 2.7666666666666666
21.8348 	DATA 	Mouse:  Left button up, pos=(784,175)
21.8674 	EXP 	slider: markerPos = 3
22.1347 	DATA 	Mouse: Left button down, pos=(1194,171)
22.1408 	EXP 	New trial (rep=0, index=8): OrderedDict([('stimFile', 'stims\\IMG_0009.jpg'), ('correctAnswer', 4), ('intensity', 2), ('stimuliGender', 1)])
22.2176 	EXP 	image: autoDraw = False
22.2176 	EXP 	slider: autoDraw = False
22.2176 	EXP 	next_button: autoDraw = False
22.2176 	EXP 	image: image = 'stims\\IMG_0009.jpg'
22.2176 	EXP 	slider: markerPos = None
22.2176 	EXP 	slider: markerPos = None
22.2176 	EXP 	slider: autoDraw = True
22.2176 	EXP 	next_button: autoDraw = True
22.2184 	DATA 	Mouse:  Left button up, pos=(1194,171)
22.3011 	EXP 	image: autoDraw = True
22.4617 	DATA 	Mouse: Left button down, pos=(1190,172)
22.4742 	EXP 	New trial (rep=0, index=9): OrderedDict([('stimFile', 'stims\\IMG_0010.jpg'), ('correctAnswer', 1), ('intensity', 1), ('stimuliGender', 1)])
22.5303 	DATA 	Mouse:  Left button up, pos=(1190,172)
22.5513 	EXP 	image: autoDraw = False
22.5513 	EXP 	slider: autoDraw = False
22.5513 	EXP 	next_button: autoDraw = False
22.5513 	EXP 	image: image = 'stims\\IMG_0010.jpg'
22.5513 	EXP 	slider: markerPos = None
22.5513 	EXP 	slider: markerPos = None
22.5513 	EXP 	slider: autoDraw = True
22.5513 	EXP 	next_button: autoDraw = True
22.6182 	EXP 	image: autoDraw = True
22.6285 	DATA 	Mouse: Left button down, pos=(1190,172)
22.6413 	EXP 	New trial (rep=0, index=10): OrderedDict([('stimFile', 'stims\\IMG_0011.jpg'), ('correctAnswer', 2), ('intensity', 2), ('stimuliGender', 1)])
22.6983 	DATA 	Mouse:  Left button up, pos=(1189,173)
22.7184 	EXP 	image: autoDraw = False
22.7184 	EXP 	slider: autoDraw = False
22.7184 	EXP 	next_button: autoDraw = False
22.7184 	EXP 	image: image = 'stims\\IMG_0011.jpg'
22.7184 	EXP 	slider: markerPos = None
22.7184 	EXP 	slider: markerPos = None
22.7184 	EXP 	slider: autoDraw = True
22.7184 	EXP 	next_button: autoDraw = True
22.8018 	EXP 	image: autoDraw = True
22.8129 	DATA 	Mouse: Left button down, pos=(1189,174)
22.8245 	EXP 	New trial (rep=0, index=11): OrderedDict([('stimFile', 'stims\\IMG_0012.jpg'), ('correctAnswer', 3), ('intensity', 1), ('stimuliGender', 1)])
22.8807 	DATA 	Mouse:  Left button up, pos=(1189,174)
22.9019 	EXP 	image: autoDraw = False
22.9019 	EXP 	slider: autoDraw = False
22.9019 	EXP 	next_button: autoDraw = False
22.9019 	EXP 	image: image = 'stims\\IMG_0012.jpg'
22.9019 	EXP 	slider: markerPos = None
22.9019 	EXP 	slider: markerPos = None
22.9019 	EXP 	slider: autoDraw = True
22.9019 	EXP 	next_button: autoDraw = True
22.9684 	EXP 	image: autoDraw = True
22.9791 	DATA 	Mouse: Left button down, pos=(1189,174)
22.9912 	EXP 	New trial (rep=0, index=12): OrderedDict([('stimFile', 'stims\\IMG_0013.jpg'), ('correctAnswer', 2), ('intensity', 1), ('stimuliGender', 2)])
23.0467 	DATA 	Mouse:  Left button up, pos=(1188,175)
23.0686 	EXP 	image: autoDraw = False
23.0686 	EXP 	slider: autoDraw = False
23.0686 	EXP 	next_button: autoDraw = False
23.0686 	EXP 	image: image = 'stims\\IMG_0013.jpg'
23.0686 	EXP 	slider: markerPos = None
23.0686 	EXP 	slider: markerPos = None
23.0686 	EXP 	slider: autoDraw = True
23.0686 	EXP 	next_button: autoDraw = True
23.1352 	EXP 	image: autoDraw = True
23.1458 	DATA 	Mouse: Left button down, pos=(1188,175)
23.1580 	EXP 	New trial (rep=0, index=13): OrderedDict([('stimFile', 'stims\\IMG_0014.jpg'), ('correctAnswer', 2), ('intensity', 1), ('stimuliGender', 2)])
23.2145 	DATA 	Mouse:  Left button up, pos=(1188,175)
23.2353 	EXP 	image: autoDraw = False
23.2353 	EXP 	slider: autoDraw = False
23.2353 	EXP 	next_button: autoDraw = False
23.2353 	EXP 	image: image = 'stims\\IMG_0014.jpg'
23.2353 	EXP 	slider: markerPos = None
23.2353 	EXP 	slider: markerPos = None
23.2353 	EXP 	slider: autoDraw = True
23.2353 	EXP 	next_button: autoDraw = True
23.3190 	EXP 	image: autoDraw = True
23.3195 	DATA 	Mouse: Left button down, pos=(1188,175)
23.3255 	EXP 	New trial (rep=0, index=14): OrderedDict([('stimFile', 'stims\\IMG_0015.jpg'), ('correctAnswer', 3), ('intensity', 2), ('stimuliGender', 2)])
23.3811 	DATA 	Mouse:  Left button up, pos=(1188,175)
23.4021 	EXP 	image: autoDraw = False
23.4021 	EXP 	slider: autoDraw = False
23.4021 	EXP 	next_button: autoDraw = False
23.4021 	EXP 	image: image = 'stims\\IMG_0015.jpg'
23.4021 	EXP 	slider: markerPos = None
23.4021 	EXP 	slider: markerPos = None
23.4021 	EXP 	slider: autoDraw = True
23.4021 	EXP 	next_button: autoDraw = True
23.4689 	EXP 	image: autoDraw = True
23.4799 	DATA 	Mouse: Left button down, pos=(1188,175)
23.4916 	EXP 	New trial (rep=0, index=15): OrderedDict([('stimFile', 'stims\\IMG_0016.jpg'), ('correctAnswer', 4), ('intensity', 1), ('stimuliGender', 2)])
23.5501 	DATA 	Mouse:  Left button up, pos=(1188,175)
23.5690 	EXP 	image: autoDraw = False
23.5690 	EXP 	slider: autoDraw = False
23.5690 	EXP 	next_button: autoDraw = False
23.5690 	EXP 	image: image = 'stims\\IMG_0016.jpg'
23.5690 	EXP 	slider: markerPos = None
23.5690 	EXP 	slider: markerPos = None
23.5690 	EXP 	slider: autoDraw = True
23.5690 	EXP 	next_button: autoDraw = True
23.6527 	EXP 	image: autoDraw = True
23.6535 	DATA 	Mouse: Left button down, pos=(1187,175)
23.6613 	EXP 	New trial (rep=0, index=16): OrderedDict([('stimFile', 'stims\\IMG_0017.jpg'), ('correctAnswer', 2), ('intensity', 1), ('stimuliGender', 2)])
23.7193 	DATA 	Mouse:  Left button up, pos=(1187,175)
23.7358 	EXP 	image: autoDraw = False
23.7358 	EXP 	slider: autoDraw = False
23.7358 	EXP 	next_button: autoDraw = False
23.7358 	EXP 	image: image = 'stims\\IMG_0017.jpg'
23.7358 	EXP 	slider: markerPos = None
23.7358 	EXP 	slider: markerPos = None
23.7358 	EXP 	slider: autoDraw = True
23.7358 	EXP 	next_button: autoDraw = True
23.8160 	DATA 	Mouse: Left button down, pos=(1186,176)
23.8192 	EXP 	image: autoDraw = True
23.8253 	EXP 	New trial (rep=0, index=17): OrderedDict([('stimFile', 'stims\\IMG_0018.jpg'), ('correctAnswer', 2), ('intensity', 2), ('stimuliGender', 2)])
23.8813 	DATA 	Mouse:  Left button up, pos=(1186,177)
23.9028 	EXP 	image: autoDraw = False
23.9028 	EXP 	slider: autoDraw = False
23.9028 	EXP 	next_button: autoDraw = False
23.9028 	EXP 	image: image = 'stims\\IMG_0018.jpg'
23.9028 	EXP 	slider: markerPos = None
23.9028 	EXP 	slider: markerPos = None
23.9028 	EXP 	slider: autoDraw = True
23.9028 	EXP 	next_button: autoDraw = True
23.9693 	EXP 	image: autoDraw = True
23.9795 	DATA 	Mouse: Left button down, pos=(1186,176)
23.9922 	EXP 	New trial (rep=0, index=18): OrderedDict([('stimFile', 'stims\\IMG_0019.jpg'), ('correctAnswer', 4), ('intensity', 2), ('stimuliGender', 2)])
24.0516 	DATA 	Mouse:  Left button up, pos=(1186,176)
24.0693 	EXP 	image: autoDraw = False
24.0693 	EXP 	slider: autoDraw = False
24.0693 	EXP 	next_button: autoDraw = False
24.0693 	EXP 	image: image = 'stims\\IMG_0019.jpg'
24.0693 	EXP 	slider: markerPos = None
24.0693 	EXP 	slider: markerPos = None
24.0693 	EXP 	slider: autoDraw = True
24.0693 	EXP 	next_button: autoDraw = True
24.1528 	EXP 	image: autoDraw = True
24.2032 	DATA 	Mouse: Left button down, pos=(1186,176)
24.2091 	EXP 	New trial (rep=0, index=19): OrderedDict([('stimFile', 'stims\\IMG_0020.jpg'), ('correctAnswer', 3), ('intensity', 1), ('stimuliGender', 2)])
24.2648 	DATA 	Mouse:  Left button up, pos=(1186,176)
24.2864 	EXP 	image: autoDraw = False
24.2864 	EXP 	slider: autoDraw = False
24.2864 	EXP 	next_button: autoDraw = False
24.2864 	EXP 	image: image = 'stims\\IMG_0020.jpg'
24.2864 	EXP 	slider: markerPos = None
24.2864 	EXP 	slider: markerPos = None
24.2864 	EXP 	slider: autoDraw = True
24.2864 	EXP 	next_button: autoDraw = True
24.3490 	DATA 	Mouse: Left button down, pos=(1186,176)
24.3531 	EXP 	image: autoDraw = True
24.3594 	EXP 	New trial (rep=0, index=20): OrderedDict([('stimFile', 'stims\\IMG_0021.jpg'), ('correctAnswer', 4), ('intensity', 2), ('stimuliGender', 2)])
24.4248 	DATA 	Mouse:  Left button up, pos=(1186,176)
24.4364 	EXP 	image: autoDraw = False
24.4364 	EXP 	slider: autoDraw = False
24.4364 	EXP 	next_button: autoDraw = False
24.4364 	EXP 	image: image = 'stims\\IMG_0021.jpg'
24.4364 	EXP 	slider: markerPos = None
24.4364 	EXP 	slider: markerPos = None
24.4364 	EXP 	slider: autoDraw = True
24.4364 	EXP 	next_button: autoDraw = True
24.4872 	DATA 	Mouse: Left button down, pos=(1186,176)
24.4932 	EXP 	New trial (rep=0, index=21): OrderedDict([('stimFile', 'stims\\IMG_0022.jpg'), ('correctAnswer', 3), ('intensity', 2), ('stimuliGender', 2)])
24.5500 	DATA 	Mouse:  Left button up, pos=(1186,176)
24.5699 	EXP 	image: autoDraw = True
24.5699 	EXP 	image: autoDraw = False
24.5699 	EXP 	slider: autoDraw = False
24.5699 	EXP 	next_button: autoDraw = False
24.5699 	EXP 	image: image = 'stims\\IMG_0022.jpg'
24.5699 	EXP 	slider: markerPos = None
24.5699 	EXP 	slider: markerPos = None
24.5699 	EXP 	slider: autoDraw = True
24.5699 	EXP 	next_button: autoDraw = True
24.5870 	DATA 	Mouse: Left button down, pos=(1186,176)
24.5930 	EXP 	New trial (rep=0, index=22): OrderedDict([('stimFile', 'stims\\IMG_0023.jpg'), ('correctAnswer', 1), ('intensity', 2), ('stimuliGender', 2)])
24.6701 	EXP 	image: autoDraw = False
24.6701 	EXP 	slider: autoDraw = False
24.6701 	EXP 	next_button: autoDraw = False
24.6701 	EXP 	image: image = 'stims\\IMG_0023.jpg'
24.6701 	EXP 	slider: markerPos = None
24.6701 	EXP 	slider: markerPos = None
24.6701 	EXP 	slider: autoDraw = True
24.6701 	EXP 	next_button: autoDraw = True
24.6708 	DATA 	Mouse:  Left button up, pos=(1186,176)
24.7235 	DATA 	Mouse: Left button down, pos=(1186,176)
24.7367 	EXP 	image: autoDraw = True
24.7428 	EXP 	New trial (rep=0, index=23): OrderedDict([('stimFile', 'stims\\IMG_0024.jpg'), ('correctAnswer', 1), ('intensity', 2), ('stimuliGender', 2)])
24.7978 	DATA 	Mouse:  Left button up, pos=(1186,176)
24.8202 	EXP 	image: autoDraw = False
24.8202 	EXP 	slider: autoDraw = False
24.8202 	EXP 	next_button: autoDraw = False
24.8202 	EXP 	image: image = 'stims\\IMG_0024.jpg'
24.8202 	EXP 	slider: markerPos = None
24.8202 	EXP 	slider: markerPos = None
24.8202 	EXP 	slider: autoDraw = True
24.8202 	EXP 	next_button: autoDraw = True
24.8637 	DATA 	Mouse: Left button down, pos=(1186,176)
24.8868 	EXP 	image: autoDraw = True
24.8868 	EXP 	image: autoDraw = False
24.8868 	EXP 	slider: autoDraw = False
24.8868 	EXP 	next_button: autoDraw = False
29.9368 	EXP 	window1: mouseVisible = True
