4.4554 	WARNING 	We strongly recommend you activate the PTB sound engine in PsychoPy prefs as the preferred audio engine. Its timing is vastly superior. Your prefs are currently set to use ['sounddevice', 'PTB', 'pyo', 'pygame'] (in that order).
87.1211 	WARNING 	User requested fullscreen with size [1920 1080], but screen is actually [1440, 900]. Using actual size
88.5029 	EXP 	Created window1 = Window(allowGUI=False, allowStencil=False, autoLog=True, backendConf=UNKNOWN, bitsMode=UNKNOWN, blendMode='avg', bpc=(8, 8, 8), color=array([-0.396, -0.396, -0.396]), colorSpace='rgb', depthBits=8, fullscr=<method-wrapper '__getattribute__' of attributeSetter object at 0x000001FD0523D730>, gamma=None, gammaErrorPolicy='raise', lms=UNKNOWN, monitor=<psychopy.monitors.calibTools.Monitor object at 0x000001FD02A188B0>, multiSample=False, name='window1', numSamples=2, pos=(1372, -900), screen=1, size=array([1440,  900]), stencilBits=0, stereo=False, units='norm', useFBO=True, useRetina=False, viewOri=0.0, viewPos=None, viewScale=None, waitBlanking=True, winType='pyglet')
88.5032 	EXP 	window1: mouseVisible = True
88.5033 	EXP 	window1: Attempting to measure frame rate of screen (1) ...
88.5033 	EXP 	window1: recordFrameIntervals = False
88.6685 	EXP 	window1: recordFrameIntervals = True
88.8522 	EXP 	Screen (1) actual frame rate measured at 59.94Hz
88.8522 	EXP 	window1: recordFrameIntervals = False
94.9554 	EXP 	Created Instructions = TextStim(__class__=<class 'psychopy.visual.text.TextStim'>, alignHoriz=method-wrapper(...), alignText='center', alignVert=method-wrapper(...), anchorHoriz='center', anchorVert='center', antialias=True, autoLog=True, bold=False, color=array([1., 1., 1.]), colorSpace='rgb', contrast=1.0, depth=0.0, flipHoriz=False, flipVert=False, font='Arial', fontFiles=[], height=0.1, italic=False, languageStyle='LTR', name='Instructions', opacity=1.0, ori=0, pos=array([0., 0.]), rgb=UNKNOWN, text=str(...), units='norm', win=Window(...), wrapWidth=1)
94.9558 	EXP 	window1: mouseVisible = True
94.9683 	EXP 	Created image = ImageStim(__class__=<class 'psychopy.visual.image.ImageStim'>, anchor=('center', 'center'), autoLog=True, color=array([1., 1., 1.]), colorSpace='rgb', contrast=1.0, depth=0.0, flipHoriz=False, flipVert=False, image='sin', interpolate=True, mask=None, maskParams=None, name='image', opacity=1.0, ori=0.0, pos=array([0., 0.]), size=array([0.6936, 0.4704]), texRes=128, units='height', win=Window(...))
95.0289 	EXP 	window1: mouseVisible = True
95.2753 	WARNING 	Font b'HelveticaBold' was requested. No similar font found.
95.4682 	WARNING 	Font b'HelveticaBold' was requested. No similar font found.
95.6445 	WARNING 	Font b'HelveticaBold' was requested. No similar font found.
95.8282 	WARNING 	Font b'HelveticaBold' was requested. No similar font found.
96.0985 	EXP 	Created slider = Slider(__class__=<class 'psychopy.visual.slider.Slider'>, autoDraw=False, autoLog=True, borderColor=None, color=None, colorSpace='rgb', depth=-1, fillColor=None, flip=False, font='HelveticaBold', granularity=1, labelColor=None, labelHeight=0.05, labelWrapWidth=None, labels=['HAPPY', 'SAD', 'ANGRY', 'FEARFUL'], lineColor=None, markerColor=None, name='slider', opacity=None, ori=0, pos=array([ 0. , -0.6]), readOnly=False, self=UNKNOWN, size=array([1. , 0.1]), startValue=None, style=['rating'], styleTweaks=[], ticks=array([1, 2, 3, 4]), units='norm', win=Window(...))
96.1214 	EXP 	Created next_button = TextStim(__class__=<class 'psychopy.visual.text.TextStim'>, alignHoriz=method-wrapper(...), alignText='center', alignVert=method-wrapper(...), anchorHoriz='center', anchorVert='center', antialias=True, autoLog=True, bold=False, color=array([1., 1., 1.]), colorSpace='rgb', contrast=1.0, depth=-2.0, flipHoriz=False, flipVert=False, font='Arial', fontFiles=[], height=0.1, italic=False, languageStyle='LTR', name='next_button', opacity=1.0, ori=0, pos=array([ 0.7, -0.6]), rgb=UNKNOWN, text='CONTINUE', units='norm', win=Window(...), wrapWidth=1)
96.1219 	EXP 	window1: mouseVisible = True
96.1462 	DATA 	Mouse: Left button down, pos=(771,346)
96.1474 	DATA 	Mouse:  Left button up, pos=(771,346)
96.1763 	EXP 	slider: autoLog = True
96.1763 	EXP 	slider: markerPos = None
96.1763 	EXP 	slider: styleTweaks = []
96.1763 	EXP 	slider: styleTweaks = []
96.1763 	EXP 	slider: styleTweaks = []
96.1763 	EXP 	slider: styleTweaks = []
96.1763 	EXP 	slider: contrast = 1.0
96.1763 	EXP 	slider: autoLog = True
96.1763 	EXP 	Instructions: autoDraw = True
96.6621 	DATA 	Keypress: escape
96.6932 	EXP 	Imported facesBlock.csv as conditions, 24 conditions, 4 params
96.6949 	EXP 	Created sequence: sequential, trialTypes=24, nReps=1, seed=None
96.6963 	EXP 	New trial (rep=0, index=0): OrderedDict([('stimFile', 'stims\\IMG_0001.jpg'), ('correctAnswer', 1), ('intensity', 2), ('stimuliGender', 1)])
96.8261 	EXP 	Instructions: autoDraw = False
96.8261 	EXP 	image: image = 'stims\\IMG_0001.jpg'
96.8261 	EXP 	slider: markerPos = None
96.8261 	EXP 	slider: markerPos = None
96.8261 	EXP 	slider: autoDraw = True
96.8261 	EXP 	next_button: autoDraw = True
98.9695 	EXP 	window1: mouseVisible = True
