2.7570 	WARNING 	We strongly recommend you activate the PTB sound engine in PsychoPy prefs as the preferred audio engine. Its timing is vastly superior. Your prefs are currently set to use ['sounddevice', 'PTB', 'pyo', 'pygame'] (in that order).
12.5538 	WARNING 	User requested fullscreen with size [1920 1080], but screen is actually [1440, 900]. Using actual size
13.7171 	EXP 	Created window1 = Window(allowGUI=False, allowStencil=False, autoLog=True, backendConf=UNKNOWN, bitsMode=UNKNOWN, blendMode='avg', bpc=(8, 8, 8), color=array([-0.396, -0.396, -0.396]), colorSpace='rgb', depthBits=8, fullscr=<method-wrapper '__getattribute__' of attributeSetter object at 0x000002385D7EAD00>, gamma=None, gammaErrorPolicy='raise', lms=UNKNOWN, monitor=<psychopy.monitors.calibTools.Monitor object at 0x0000023837ACC4C0>, multiSample=False, name='window1', numSamples=2, pos=(1372, -900), screen=1, size=array([1440,  900]), stencilBits=0, stereo=False, units='norm', useFBO=True, useRetina=False, viewOri=0.0, viewPos=None, viewScale=None, waitBlanking=True, winType='pyglet')
13.7175 	EXP 	window1: mouseVisible = True
13.7176 	EXP 	window1: Attempting to measure frame rate of screen (1) ...
13.7176 	EXP 	window1: recordFrameIntervals = False
13.8828 	EXP 	window1: recordFrameIntervals = True
14.0665 	EXP 	Screen (1) actual frame rate measured at 59.98Hz
14.0665 	EXP 	window1: recordFrameIntervals = False
17.6733 	EXP 	Created Instructions = TextStim(__class__=<class 'psychopy.visual.text.TextStim'>, alignHoriz=method-wrapper(...), alignText='center', alignVert=method-wrapper(...), anchorHoriz='center', anchorVert='center', antialias=True, autoLog=True, bold=False, color=array([1., 1., 1.]), colorSpace='rgb', contrast=1.0, depth=0.0, flipHoriz=False, flipVert=False, font='Arial', fontFiles=[], height=0.1, italic=False, languageStyle='LTR', name='Instructions', opacity=1.0, ori=0, pos=array([0., 0.]), rgb=UNKNOWN, text=str(...), units='norm', win=Window(...), wrapWidth=1)
17.6734 	EXP 	window1: mouseVisible = True
17.6783 	EXP 	Created image = ImageStim(__class__=<class 'psychopy.visual.image.ImageStim'>, anchor=('center', 'center'), autoLog=True, color=array([1., 1., 1.]), colorSpace='rgb', contrast=1.0, depth=0.0, flipHoriz=False, flipVert=False, image='sin', interpolate=True, mask=None, maskParams=None, name='image', opacity=1.0, ori=0.0, pos=array([0., 0.]), size=array([0.6936, 0.4704]), texRes=128, units='height', win=Window(...))
17.7047 	EXP 	window1: mouseVisible = True
17.8371 	EXP 	Created slider = Slider(__class__=<class 'psychopy.visual.slider.Slider'>, autoDraw=False, autoLog=True, borderColor=None, color=None, colorSpace='rgb', depth=-1, fillColor=None, flip=False, font='Arial', granularity=1, labelColor=None, labelHeight=0.05, labelWrapWidth=None, labels=['HAPPY', 'SAD', 'ANGRY', 'FEARFUL'], lineColor=None, markerColor=None, name='slider', opacity=None, ori=0, pos=array([ 0. , -0.6]), readOnly=False, self=UNKNOWN, size=array([1. , 0.1]), startValue=None, style=['rating'], styleTweaks=[], ticks=array([1, 2, 3, 4]), units='norm', win=Window(...))
17.8474 	EXP 	Created next_button = TextStim(__class__=<class 'psychopy.visual.text.TextStim'>, alignHoriz=method-wrapper(...), alignText='center', alignVert=method-wrapper(...), anchorHoriz='center', anchorVert='center', antialias=True, autoLog=True, bold=False, color=array([1., 1., 1.]), colorSpace='rgb', contrast=1.0, depth=-2.0, flipHoriz=False, flipVert=False, font='Arial', fontFiles=[], height=0.1, italic=False, languageStyle='LTR', name='next_button', opacity=1.0, ori=0, pos=array([ 0.7, -0.6]), rgb=UNKNOWN, text='CONTINUE', units='norm', win=Window(...), wrapWidth=1)
17.8475 	EXP 	window1: mouseVisible = True
17.8483 	DATA 	Mouse: Left button down, pos=(699,302)
17.8688 	EXP 	slider: autoLog = True
17.8688 	EXP 	slider: markerPos = None
17.8688 	EXP 	slider: styleTweaks = []
17.8688 	EXP 	slider: styleTweaks = []
17.8688 	EXP 	slider: styleTweaks = []
17.8688 	EXP 	slider: styleTweaks = []
17.8688 	EXP 	slider: contrast = 1.0
17.8688 	EXP 	slider: autoLog = True
17.8688 	EXP 	Instructions: autoDraw = True
17.9533 	DATA 	Mouse:  Left button up, pos=(699,302)
18.3538 	DATA 	Mouse: Left button down, pos=(699,302)
18.3598 	EXP 	Imported facesBlock.csv as conditions, 24 conditions, 4 params
18.3603 	EXP 	Created sequence: sequential, trialTypes=24, nReps=1, seed=None
18.3606 	EXP 	New trial (rep=0, index=0): OrderedDict([('stimFile', 'stims\\IMG_0001.jpg'), ('correctAnswer', 1), ('intensity', 2), ('stimuliGender', 1)])
18.4197 	DATA 	Mouse:  Left button up, pos=(699,302)
18.4529 	EXP 	Instructions: autoDraw = False
18.4529 	EXP 	image: image = 'stims\\IMG_0001.jpg'
18.4529 	EXP 	slider: markerPos = None
18.4529 	EXP 	slider: markerPos = None
18.4529 	EXP 	slider: autoDraw = True
18.4529 	EXP 	next_button: autoDraw = True
18.5364 	EXP 	image: autoDraw = True
19.2502 	DATA 	Mouse: Left button down, pos=(1079,178)
19.2871 	EXP 	slider: markerPos = 3.9958333333333336
19.3205 	EXP 	slider: markerPos = 3.9958333333333336
19.3210 	DATA 	Mouse:  Left button up, pos=(1079,178)
19.3537 	EXP 	slider: markerPos = 4
19.4996 	DATA 	Mouse: Left button down, pos=(1154,180)
19.5108 	EXP 	New trial (rep=0, index=1): OrderedDict([('stimFile', 'stims\\IMG_0002.jpg'), ('correctAnswer', 4), ('intensity', 1), ('stimuliGender', 1)])
19.5695 	DATA 	Mouse:  Left button up, pos=(1154,180)
19.5874 	EXP 	image: autoDraw = False
19.5874 	EXP 	slider: autoDraw = False
19.5874 	EXP 	next_button: autoDraw = False
19.5874 	EXP 	image: image = 'stims\\IMG_0002.jpg'
19.5874 	EXP 	slider: markerPos = None
19.5874 	EXP 	slider: markerPos = None
19.5874 	EXP 	slider: autoDraw = True
19.5874 	EXP 	next_button: autoDraw = True
19.6875 	EXP 	image: autoDraw = True
19.8715 	DATA 	Mouse: Left button down, pos=(1084,181)
19.9042 	EXP 	slider: markerPos = 4.016666666666667
19.9377 	EXP 	slider: markerPos = 4.016666666666667
19.9545 	DATA 	Mouse:  Left button up, pos=(1086,180)
19.9711 	EXP 	slider: markerPos = 4.016666666666667
20.0044 	EXP 	slider: markerPos = 4
20.1003 	DATA 	Mouse: Left button down, pos=(1147,181)
20.1111 	EXP 	New trial (rep=0, index=2): OrderedDict([('stimFile', 'stims\\IMG_0003.jpg'), ('correctAnswer', 3), ('intensity', 2), ('stimuliGender', 1)])
20.1689 	DATA 	Mouse:  Left button up, pos=(1147,181)
20.1878 	EXP 	image: autoDraw = False
20.1878 	EXP 	slider: autoDraw = False
20.1878 	EXP 	next_button: autoDraw = False
20.1878 	EXP 	image: image = 'stims\\IMG_0003.jpg'
20.1878 	EXP 	slider: markerPos = None
20.1878 	EXP 	slider: markerPos = None
20.1878 	EXP 	slider: autoDraw = True
20.1878 	EXP 	next_button: autoDraw = True
20.2713 	EXP 	image: autoDraw = True
20.4575 	DATA 	Mouse: Left button down, pos=(1081,179)
20.4884 	EXP 	slider: markerPos = 4.004166666666666
20.5217 	EXP 	slider: markerPos = 4.004166666666666
20.5393 	DATA 	Mouse:  Left button up, pos=(1085,179)
20.5562 	EXP 	slider: markerPos = 4.004166666666666
20.5885 	EXP 	slider: markerPos = 4
20.6729 	DATA 	Mouse: Left button down, pos=(1165,183)
20.6818 	EXP 	New trial (rep=0, index=3): OrderedDict([('stimFile', 'stims\\IMG_0004.jpg'), ('correctAnswer', 1), ('intensity', 1), ('stimuliGender', 1)])
20.8825 	DATA 	Mouse:  Left button up, pos=(1165,183)
20.9054 	EXP 	image: autoDraw = False
20.9054 	EXP 	slider: autoDraw = False
20.9054 	EXP 	next_button: autoDraw = False
20.9054 	EXP 	image: image = 'stims\\IMG_0004.jpg'
20.9054 	EXP 	slider: markerPos = None
20.9054 	EXP 	slider: markerPos = None
20.9054 	EXP 	slider: autoDraw = True
20.9054 	EXP 	next_button: autoDraw = True
21.1174 	DATA 	Mouse: Left button down, pos=(1063,183)
21.1220 	EXP 	image: autoDraw = True
21.1554 	EXP 	slider: markerPos = 3.9291666666666667
21.1888 	EXP 	slider: markerPos = 3.9291666666666667
21.2051 	DATA 	Mouse:  Left button up, pos=(1063,183)
21.2222 	EXP 	slider: markerPos = 3.9291666666666667
21.2557 	EXP 	slider: markerPos = 4
21.3998 	DATA 	Mouse: Left button down, pos=(1207,188)
21.4119 	EXP 	New trial (rep=0, index=4): OrderedDict([('stimFile', 'stims\\IMG_0005.jpg'), ('correctAnswer', 3), ('intensity', 1), ('stimuliGender', 1)])
21.4707 	DATA 	Mouse:  Left button up, pos=(1207,189)
21.4890 	EXP 	image: autoDraw = False
21.4890 	EXP 	slider: autoDraw = False
21.4890 	EXP 	next_button: autoDraw = False
21.4890 	EXP 	image: image = 'stims\\IMG_0005.jpg'
21.4890 	EXP 	slider: markerPos = None
21.4890 	EXP 	slider: markerPos = None
21.4890 	EXP 	slider: autoDraw = True
21.4890 	EXP 	next_button: autoDraw = True
21.6393 	EXP 	image: autoDraw = True
21.9244 	DATA 	Mouse: Left button down, pos=(1223,174)
21.9309 	EXP 	New trial (rep=0, index=5): OrderedDict([('stimFile', 'stims\\IMG_0006.jpg'), ('correctAnswer', 2), ('intensity', 2), ('stimuliGender', 1)])
22.1049 	DATA 	Mouse:  Left button up, pos=(1223,174)
22.1052 	DATA 	Mouse: Left button down, pos=(1223,174)
22.1230 	EXP 	image: autoDraw = False
22.1230 	EXP 	slider: autoDraw = False
22.1230 	EXP 	next_button: autoDraw = False
22.1230 	EXP 	image: image = 'stims\\IMG_0006.jpg'
22.1230 	EXP 	slider: markerPos = None
22.1230 	EXP 	slider: markerPos = None
22.1230 	EXP 	slider: autoDraw = True
22.1230 	EXP 	next_button: autoDraw = True
22.1344 	DATA 	Mouse:  Left button up, pos=(1223,174)
22.2565 	EXP 	image: autoDraw = True
22.2572 	DATA 	Mouse: Left button down, pos=(1223,175)
22.2633 	EXP 	New trial (rep=0, index=6): OrderedDict([('stimFile', 'stims\\IMG_0007.jpg'), ('correctAnswer', 1), ('intensity', 1), ('stimuliGender', 1)])
22.3324 	DATA 	Mouse:  Left button up, pos=(1223,175)
22.3399 	EXP 	image: autoDraw = False
22.3399 	EXP 	slider: autoDraw = False
22.3399 	EXP 	next_button: autoDraw = False
22.3399 	EXP 	image: image = 'stims\\IMG_0007.jpg'
22.3399 	EXP 	slider: markerPos = None
22.3399 	EXP 	slider: markerPos = None
22.3399 	EXP 	slider: autoDraw = True
22.3399 	EXP 	next_button: autoDraw = True
22.4716 	DATA 	Mouse: Left button down, pos=(1222,175)
22.4900 	EXP 	image: autoDraw = True
22.4907 	DATA 	Mouse:  Left button up, pos=(1222,175)
22.5910 	DATA 	Mouse: Left button down, pos=(1222,176)
22.5973 	EXP 	New trial (rep=0, index=7): OrderedDict([('stimFile', 'stims\\IMG_0008.jpg'), ('correctAnswer', 4), ('intensity', 1), ('stimuliGender', 1)])
22.6575 	DATA 	Mouse:  Left button up, pos=(1222,176)
22.6735 	EXP 	image: autoDraw = False
22.6735 	EXP 	slider: autoDraw = False
22.6735 	EXP 	next_button: autoDraw = False
22.6735 	EXP 	image: image = 'stims\\IMG_0008.jpg'
22.6735 	EXP 	slider: markerPos = None
22.6735 	EXP 	slider: markerPos = None
22.6735 	EXP 	slider: autoDraw = True
22.6735 	EXP 	next_button: autoDraw = True
22.7544 	DATA 	Mouse: Left button down, pos=(1222,176)
22.7570 	EXP 	image: autoDraw = True
22.7639 	EXP 	New trial (rep=0, index=8): OrderedDict([('stimFile', 'stims\\IMG_0009.jpg'), ('correctAnswer', 4), ('intensity', 2), ('stimuliGender', 1)])
22.8267 	DATA 	Mouse:  Left button up, pos=(1222,176)
22.8403 	EXP 	image: autoDraw = False
22.8403 	EXP 	slider: autoDraw = False
22.8403 	EXP 	next_button: autoDraw = False
22.8403 	EXP 	image: image = 'stims\\IMG_0009.jpg'
22.8403 	EXP 	slider: markerPos = None
22.8403 	EXP 	slider: markerPos = None
22.8403 	EXP 	slider: autoDraw = True
22.8403 	EXP 	next_button: autoDraw = True
22.9198 	DATA 	Mouse: Left button down, pos=(1222,176)
22.9237 	EXP 	image: autoDraw = True
22.9300 	EXP 	New trial (rep=0, index=9): OrderedDict([('stimFile', 'stims\\IMG_0010.jpg'), ('correctAnswer', 1), ('intensity', 1), ('stimuliGender', 1)])
22.9856 	DATA 	Mouse:  Left button up, pos=(1222,177)
23.0072 	EXP 	image: autoDraw = False
23.0072 	EXP 	slider: autoDraw = False
23.0072 	EXP 	next_button: autoDraw = False
23.0072 	EXP 	image: image = 'stims\\IMG_0010.jpg'
23.0072 	EXP 	slider: markerPos = None
23.0072 	EXP 	slider: markerPos = None
23.0072 	EXP 	slider: autoDraw = True
23.0072 	EXP 	next_button: autoDraw = True
23.0739 	EXP 	image: autoDraw = True
23.1094 	DATA 	Mouse: Left button down, pos=(1222,177)
23.1187 	EXP 	New trial (rep=0, index=10): OrderedDict([('stimFile', 'stims\\IMG_0011.jpg'), ('correctAnswer', 2), ('intensity', 2), ('stimuliGender', 1)])
23.1787 	DATA 	Mouse:  Left button up, pos=(1222,178)
23.1907 	EXP 	image: autoDraw = False
23.1907 	EXP 	slider: autoDraw = False
23.1907 	EXP 	next_button: autoDraw = False
23.1907 	EXP 	image: image = 'stims\\IMG_0011.jpg'
23.1907 	EXP 	slider: markerPos = None
23.1907 	EXP 	slider: markerPos = None
23.1907 	EXP 	slider: autoDraw = True
23.1907 	EXP 	next_button: autoDraw = True
23.2741 	EXP 	image: autoDraw = True
23.3512 	DATA 	Mouse: Left button down, pos=(1222,178)
23.3639 	EXP 	New trial (rep=0, index=11): OrderedDict([('stimFile', 'stims\\IMG_0012.jpg'), ('correctAnswer', 3), ('intensity', 1), ('stimuliGender', 1)])
23.4199 	DATA 	Mouse:  Left button up, pos=(1222,178)
23.4408 	EXP 	image: autoDraw = False
23.4408 	EXP 	slider: autoDraw = False
23.4408 	EXP 	next_button: autoDraw = False
23.4408 	EXP 	image: image = 'stims\\IMG_0012.jpg'
23.4408 	EXP 	slider: markerPos = None
23.4408 	EXP 	slider: markerPos = None
23.4408 	EXP 	slider: autoDraw = True
23.4408 	EXP 	next_button: autoDraw = True
23.5076 	EXP 	image: autoDraw = True
23.5853 	DATA 	Mouse: Left button down, pos=(1222,178)
23.5973 	EXP 	New trial (rep=0, index=12): OrderedDict([('stimFile', 'stims\\IMG_0013.jpg'), ('correctAnswer', 2), ('intensity', 1), ('stimuliGender', 2)])
23.6572 	DATA 	Mouse:  Left button up, pos=(1222,179)
23.6747 	EXP 	image: autoDraw = False
23.6747 	EXP 	slider: autoDraw = False
23.6747 	EXP 	next_button: autoDraw = False
23.6747 	EXP 	image: image = 'stims\\IMG_0013.jpg'
23.6747 	EXP 	slider: markerPos = None
23.6747 	EXP 	slider: markerPos = None
23.6747 	EXP 	slider: autoDraw = True
23.6747 	EXP 	next_button: autoDraw = True
23.7748 	EXP 	image: autoDraw = True
23.8089 	DATA 	Mouse: Left button down, pos=(1222,179)
23.8197 	EXP 	New trial (rep=0, index=13): OrderedDict([('stimFile', 'stims\\IMG_0014.jpg'), ('correctAnswer', 2), ('intensity', 1), ('stimuliGender', 2)])
23.9481 	DATA 	Mouse:  Left button up, pos=(1222,179)
23.9750 	EXP 	image: autoDraw = False
23.9750 	EXP 	slider: autoDraw = False
23.9750 	EXP 	next_button: autoDraw = False
23.9750 	EXP 	image: image = 'stims\\IMG_0014.jpg'
23.9750 	EXP 	slider: markerPos = None
23.9750 	EXP 	slider: markerPos = None
23.9750 	EXP 	slider: autoDraw = True
23.9750 	EXP 	next_button: autoDraw = True
24.0417 	EXP 	image: autoDraw = True
24.0698 	DATA 	Mouse: Left button down, pos=(1222,179)
24.0815 	EXP 	New trial (rep=0, index=14): OrderedDict([('stimFile', 'stims\\IMG_0015.jpg'), ('correctAnswer', 3), ('intensity', 2), ('stimuliGender', 2)])
24.1487 	DATA 	Mouse:  Left button up, pos=(1222,179)
24.1752 	EXP 	image: autoDraw = False
24.1752 	EXP 	slider: autoDraw = False
24.1752 	EXP 	next_button: autoDraw = False
24.1752 	EXP 	image: image = 'stims\\IMG_0015.jpg'
24.1752 	EXP 	slider: markerPos = None
24.1752 	EXP 	slider: markerPos = None
24.1752 	EXP 	slider: autoDraw = True
24.1752 	EXP 	next_button: autoDraw = True
24.2586 	EXP 	image: autoDraw = True
24.2926 	DATA 	Mouse: Left button down, pos=(1222,179)
24.2991 	EXP 	New trial (rep=0, index=15): OrderedDict([('stimFile', 'stims\\IMG_0016.jpg'), ('correctAnswer', 4), ('intensity', 1), ('stimuliGender', 2)])
24.3620 	DATA 	Mouse:  Left button up, pos=(1222,180)
24.3752 	EXP 	image: autoDraw = False
24.3752 	EXP 	slider: autoDraw = False
24.3752 	EXP 	next_button: autoDraw = False
24.3752 	EXP 	image: image = 'stims\\IMG_0016.jpg'
24.3752 	EXP 	slider: markerPos = None
24.3752 	EXP 	slider: markerPos = None
24.3752 	EXP 	slider: autoDraw = True
24.3752 	EXP 	next_button: autoDraw = True
24.4550 	DATA 	Mouse: Left button down, pos=(1222,180)
24.4585 	EXP 	image: autoDraw = True
24.4652 	EXP 	New trial (rep=0, index=16): OrderedDict([('stimFile', 'stims\\IMG_0017.jpg'), ('correctAnswer', 2), ('intensity', 1), ('stimuliGender', 2)])
24.5229 	DATA 	Mouse:  Left button up, pos=(1222,180)
24.5420 	EXP 	image: autoDraw = False
24.5420 	EXP 	slider: autoDraw = False
24.5420 	EXP 	next_button: autoDraw = False
24.5420 	EXP 	image: image = 'stims\\IMG_0017.jpg'
24.5420 	EXP 	slider: markerPos = None
24.5420 	EXP 	slider: markerPos = None
24.5420 	EXP 	slider: autoDraw = True
24.5420 	EXP 	next_button: autoDraw = True
24.6254 	EXP 	image: autoDraw = True
24.7201 	DATA 	Mouse: Left button down, pos=(1222,180)
24.7321 	EXP 	New trial (rep=0, index=17): OrderedDict([('stimFile', 'stims\\IMG_0018.jpg'), ('correctAnswer', 2), ('intensity', 2), ('stimuliGender', 2)])
24.7942 	DATA 	Mouse:  Left button up, pos=(1222,180)
24.8092 	EXP 	image: autoDraw = False
24.8092 	EXP 	slider: autoDraw = False
24.8092 	EXP 	next_button: autoDraw = False
24.8092 	EXP 	image: image = 'stims\\IMG_0018.jpg'
24.8092 	EXP 	slider: markerPos = None
24.8092 	EXP 	slider: markerPos = None
24.8092 	EXP 	slider: autoDraw = True
24.8092 	EXP 	next_button: autoDraw = True
24.8595 	DATA 	Mouse: Left button down, pos=(1222,180)
24.8656 	EXP 	New trial (rep=0, index=18): OrderedDict([('stimFile', 'stims\\IMG_0019.jpg'), ('correctAnswer', 4), ('intensity', 2), ('stimuliGender', 2)])
24.9209 	DATA 	Mouse:  Left button up, pos=(1222,180)
24.9423 	EXP 	image: autoDraw = False
24.9423 	EXP 	slider: autoDraw = False
24.9423 	EXP 	next_button: autoDraw = False
24.9423 	EXP 	image: image = 'stims\\IMG_0019.jpg'
24.9423 	EXP 	slider: markerPos = None
24.9423 	EXP 	slider: markerPos = None
24.9423 	EXP 	slider: autoDraw = True
24.9423 	EXP 	next_button: autoDraw = True
24.9931 	DATA 	Mouse: Left button down, pos=(1222,180)
24.9992 	EXP 	New trial (rep=0, index=19): OrderedDict([('stimFile', 'stims\\IMG_0020.jpg'), ('correctAnswer', 3), ('intensity', 1), ('stimuliGender', 2)])
25.0545 	DATA 	Mouse:  Left button up, pos=(1222,180)
25.0757 	EXP 	image: autoDraw = True
25.0757 	EXP 	image: autoDraw = False
25.0757 	EXP 	slider: autoDraw = False
25.0757 	EXP 	next_button: autoDraw = False
25.0757 	EXP 	image: image = 'stims\\IMG_0020.jpg'
25.0757 	EXP 	slider: markerPos = None
25.0757 	EXP 	slider: markerPos = None
25.0757 	EXP 	slider: autoDraw = True
25.0757 	EXP 	next_button: autoDraw = True
25.1197 	DATA 	Mouse: Left button down, pos=(1222,180)
25.1321 	EXP 	New trial (rep=0, index=20): OrderedDict([('stimFile', 'stims\\IMG_0021.jpg'), ('correctAnswer', 4), ('intensity', 2), ('stimuliGender', 2)])
25.1885 	DATA 	Mouse:  Left button up, pos=(1222,180)
25.2093 	EXP 	image: autoDraw = True
25.2093 	EXP 	image: autoDraw = False
25.2093 	EXP 	slider: autoDraw = False
25.2093 	EXP 	next_button: autoDraw = False
25.2093 	EXP 	image: image = 'stims\\IMG_0021.jpg'
25.2093 	EXP 	slider: markerPos = None
25.2093 	EXP 	slider: markerPos = None
25.2093 	EXP 	slider: autoDraw = True
25.2093 	EXP 	next_button: autoDraw = True
25.2760 	EXP 	image: autoDraw = True
25.5771 	DATA 	Mouse: Left button down, pos=(1222,180)
25.6032 	EXP 	New trial (rep=0, index=21): OrderedDict([('stimFile', 'stims\\IMG_0022.jpg'), ('correctAnswer', 3), ('intensity', 2), ('stimuliGender', 2)])
25.6820 	DATA 	Mouse:  Left button up, pos=(1222,180)
25.7099 	EXP 	image: autoDraw = False
25.7099 	EXP 	slider: autoDraw = False
25.7099 	EXP 	next_button: autoDraw = False
25.7099 	EXP 	image: image = 'stims\\IMG_0022.jpg'
25.7099 	EXP 	slider: markerPos = None
25.7099 	EXP 	slider: markerPos = None
25.7099 	EXP 	slider: autoDraw = True
25.7099 	EXP 	next_button: autoDraw = True
25.7934 	EXP 	image: autoDraw = True
25.9108 	DATA 	Mouse: Left button down, pos=(1222,180)
25.9176 	EXP 	New trial (rep=0, index=22): OrderedDict([('stimFile', 'stims\\IMG_0023.jpg'), ('correctAnswer', 1), ('intensity', 2), ('stimuliGender', 2)])
25.9840 	DATA 	Mouse:  Left button up, pos=(1222,181)
26.0102 	EXP 	image: autoDraw = False
26.0102 	EXP 	slider: autoDraw = False
26.0102 	EXP 	next_button: autoDraw = False
26.0102 	EXP 	image: image = 'stims\\IMG_0023.jpg'
26.0102 	EXP 	slider: markerPos = None
26.0102 	EXP 	slider: markerPos = None
26.0102 	EXP 	slider: autoDraw = True
26.0102 	EXP 	next_button: autoDraw = True
26.0767 	EXP 	image: autoDraw = True
26.2728 	DATA 	Mouse: Left button down, pos=(1222,181)
26.2833 	EXP 	New trial (rep=0, index=23): OrderedDict([('stimFile', 'stims\\IMG_0024.jpg'), ('correctAnswer', 1), ('intensity', 2), ('stimuliGender', 2)])
26.3468 	DATA 	Mouse:  Left button up, pos=(1222,181)
26.3604 	EXP 	image: autoDraw = False
26.3604 	EXP 	slider: autoDraw = False
26.3604 	EXP 	next_button: autoDraw = False
26.3604 	EXP 	image: image = 'stims\\IMG_0024.jpg'
26.3604 	EXP 	slider: markerPos = None
26.3604 	EXP 	slider: markerPos = None
26.3604 	EXP 	slider: autoDraw = True
26.3604 	EXP 	next_button: autoDraw = True
26.4437 	EXP 	image: autoDraw = True
27.6292 	DATA 	Mouse: Left button down, pos=(1222,181)
27.6451 	EXP 	image: autoDraw = False
27.6451 	EXP 	slider: autoDraw = False
27.6451 	EXP 	next_button: autoDraw = False
28.6856 	EXP 	window1: mouseVisible = True
