2.5764 	WARNING 	We strongly recommend you activate the PTB sound engine in PsychoPy prefs as the preferred audio engine. Its timing is vastly superior. Your prefs are currently set to use ['sounddevice', 'PTB', 'pyo', 'pygame'] (in that order).
12.8776 	WARNING 	User requested fullscreen with size [1920 1080], but screen is actually [1440, 900]. Using actual size
14.0840 	EXP 	Created window1 = Window(allowGUI=False, allowStencil=False, autoLog=True, backendConf=UNKNOWN, bitsMode=UNKNOWN, blendMode='avg', bpc=(8, 8, 8), color=array([-0.396, -0.396, -0.396]), colorSpace='rgb', depthBits=8, fullscr=<method-wrapper '__getattribute__' of attributeSetter object at 0x00000157F951BD60>, gamma=None, gammaErrorPolicy='raise', lms=UNKNOWN, monitor=<psychopy.monitors.calibTools.Monitor object at 0x00000157D3987460>, multiSample=False, name='window1', numSamples=2, pos=(1372, -900), screen=1, size=array([1440,  900]), stencilBits=0, stereo=False, units='norm', useFBO=True, useRetina=False, viewOri=0.0, viewPos=None, viewScale=None, waitBlanking=True, winType='pyglet')
14.0841 	EXP 	window1: mouseVisible = True
14.0841 	EXP 	window1: Attempting to measure frame rate of screen (1) ...
14.0841 	EXP 	window1: recordFrameIntervals = False
14.2504 	EXP 	window1: recordFrameIntervals = True
14.4342 	EXP 	Screen (1) actual frame rate measured at 59.88Hz
14.4342 	EXP 	window1: recordFrameIntervals = False
18.0218 	EXP 	Created Instructions = TextStim(__class__=<class 'psychopy.visual.text.TextStim'>, alignHoriz=method-wrapper(...), alignText='center', alignVert=method-wrapper(...), anchorHoriz='center', anchorVert='center', antialias=True, autoLog=True, bold=False, color=array([1., 1., 1.]), colorSpace='rgb', contrast=1.0, depth=0.0, flipHoriz=False, flipVert=False, font='Arial', fontFiles=[], height=0.1, italic=False, languageStyle='LTR', name='Instructions', opacity=1.0, ori=0, pos=array([0., 0.]), rgb=UNKNOWN, text=str(...), units='norm', win=Window(...), wrapWidth=1)
18.0219 	EXP 	window1: mouseVisible = True
18.0270 	EXP 	Created image = ImageStim(__class__=<class 'psychopy.visual.image.ImageStim'>, anchor=('center', 'center'), autoLog=True, color=array([1., 1., 1.]), colorSpace='rgb', contrast=1.0, depth=0.0, flipHoriz=False, flipVert=False, image='sin', interpolate=True, mask=None, maskParams=None, name='image', opacity=1.0, ori=0.0, pos=array([0., 0.]), size=array([0.6936, 0.4704]), texRes=128, units='height', win=Window(...))
18.0549 	EXP 	window1: mouseVisible = True
18.2849 	WARNING 	Font b'HelveticaBold' was requested. No similar font found.
18.5128 	WARNING 	Font b'HelveticaBold' was requested. No similar font found.
18.7766 	WARNING 	Font b'HelveticaBold' was requested. No similar font found.
19.6087 	WARNING 	Font b'HelveticaBold' was requested. No similar font found.
19.6786 	EXP 	Created slider = Slider(__class__=<class 'psychopy.visual.slider.Slider'>, autoDraw=False, autoLog=True, borderColor=None, color=None, colorSpace='rgb', depth=-1, fillColor=None, flip=False, font='HelveticaBold', granularity=1, labelColor=None, labelHeight=0.05, labelWrapWidth=None, labels=['HAPPY', 'SAD', 'ANGRY', 'FEARFUL'], lineColor=None, markerColor=None, name='slider', opacity=None, ori=0, pos=array([ 0. , -0.6]), readOnly=False, self=UNKNOWN, size=array([1. , 0.1]), startValue=None, style=['rating'], styleTweaks=[], ticks=array([1, 2, 3, 4]), units='norm', win=Window(...))
19.6875 	EXP 	Created next_button = TextStim(__class__=<class 'psychopy.visual.text.TextStim'>, alignHoriz=method-wrapper(...), alignText='center', alignVert=method-wrapper(...), anchorHoriz='center', anchorVert='center', antialias=True, autoLog=True, bold=False, color=array([1., 1., 1.]), colorSpace='rgb', contrast=1.0, depth=-2.0, flipHoriz=False, flipVert=False, font='Arial', fontFiles=[], height=0.1, italic=False, languageStyle='LTR', name='next_button', opacity=1.0, ori=0, pos=array([ 0.7, -0.6]), rgb=UNKNOWN, text='CONTINUE', units='norm', win=Window(...), wrapWidth=1)
19.6876 	EXP 	window1: mouseVisible = True
19.7344 	EXP 	slider: autoLog = True
19.7344 	EXP 	slider: markerPos = None
19.7344 	EXP 	slider: styleTweaks = []
19.7344 	EXP 	slider: styleTweaks = []
19.7344 	EXP 	slider: styleTweaks = []
19.7344 	EXP 	slider: styleTweaks = []
19.7344 	EXP 	slider: contrast = 1.0
19.7344 	EXP 	slider: autoLog = True
19.7344 	EXP 	Instructions: autoDraw = True
20.6580 	DATA 	Mouse: Left button down, pos=(503,316)
20.6645 	EXP 	Imported facesBlock.csv as conditions, 24 conditions, 4 params
20.6650 	EXP 	Created sequence: sequential, trialTypes=24, nReps=1, seed=None
20.6653 	EXP 	New trial (rep=0, index=0): OrderedDict([('stimFile', 'stims\\IMG_0001.jpg'), ('correctAnswer', 1), ('intensity', 2), ('stimuliGender', 1)])
20.7511 	DATA 	Mouse:  Left button up, pos=(503,316)
20.7569 	EXP 	Instructions: autoDraw = False
20.7569 	EXP 	image: image = 'stims\\IMG_0001.jpg'
20.7569 	EXP 	slider: markerPos = None
20.7569 	EXP 	slider: markerPos = None
20.7569 	EXP 	slider: autoDraw = True
20.7569 	EXP 	next_button: autoDraw = True
20.8402 	EXP 	image: autoDraw = True
21.5412 	DATA 	Mouse: Left button down, pos=(1049,171)
21.5736 	EXP 	slider: markerPos = 3.870833333333333
21.6070 	EXP 	slider: markerPos = 3.870833333333333
21.6404 	EXP 	slider: markerPos = 3.870833333333333
21.6415 	DATA 	Mouse:  Left button up, pos=(1050,171)
21.6737 	EXP 	slider: markerPos = 4
21.8521 	DATA 	Mouse: Left button down, pos=(1199,183)
21.8643 	EXP 	New trial (rep=0, index=1): OrderedDict([('stimFile', 'stims\\IMG_0002.jpg'), ('correctAnswer', 4), ('intensity', 1), ('stimuliGender', 1)])
21.9238 	DATA 	Mouse:  Left button up, pos=(1199,183)
21.9407 	EXP 	image: autoDraw = False
21.9407 	EXP 	slider: autoDraw = False
21.9407 	EXP 	next_button: autoDraw = False
21.9407 	EXP 	image: image = 'stims\\IMG_0002.jpg'
21.9407 	EXP 	slider: markerPos = None
21.9407 	EXP 	slider: markerPos = None
21.9407 	EXP 	slider: autoDraw = True
21.9407 	EXP 	next_button: autoDraw = True
22.0241 	EXP 	image: autoDraw = True
22.2355 	DATA 	Mouse: Left button down, pos=(1071,185)
22.2745 	EXP 	slider: markerPos = 3.9625000000000004
22.3077 	EXP 	slider: markerPos = 3.9625000000000004
22.3086 	DATA 	Mouse:  Left button up, pos=(1073,185)
22.3414 	EXP 	slider: markerPos = 4
22.5040 	DATA 	Mouse: Left button down, pos=(1232,182)
22.5164 	EXP 	New trial (rep=0, index=2): OrderedDict([('stimFile', 'stims\\IMG_0003.jpg'), ('correctAnswer', 3), ('intensity', 2), ('stimuliGender', 1)])
22.5857 	DATA 	Mouse:  Left button up, pos=(1232,182)
22.6082 	EXP 	image: autoDraw = False
22.6082 	EXP 	slider: autoDraw = False
22.6082 	EXP 	next_button: autoDraw = False
22.6082 	EXP 	image: image = 'stims\\IMG_0003.jpg'
22.6082 	EXP 	slider: markerPos = None
22.6082 	EXP 	slider: markerPos = None
22.6082 	EXP 	slider: autoDraw = True
22.6082 	EXP 	next_button: autoDraw = True
22.6747 	EXP 	image: autoDraw = True
22.8595 	DATA 	Mouse: Left button down, pos=(1090,171)
22.8915 	EXP 	slider: markerPos = 4.041666666666666
22.9250 	EXP 	slider: markerPos = 4.041666666666666
22.9265 	DATA 	Mouse:  Left button up, pos=(1090,171)
22.9584 	EXP 	slider: markerPos = 4
23.0926 	DATA 	Mouse: Left button down, pos=(1182,180)
23.1027 	EXP 	New trial (rep=0, index=3): OrderedDict([('stimFile', 'stims\\IMG_0004.jpg'), ('correctAnswer', 1), ('intensity', 1), ('stimuliGender', 1)])
23.3101 	DATA 	Mouse:  Left button up, pos=(1182,180)
23.3255 	EXP 	image: autoDraw = False
23.3255 	EXP 	slider: autoDraw = False
23.3255 	EXP 	next_button: autoDraw = False
23.3255 	EXP 	image: image = 'stims\\IMG_0004.jpg'
23.3255 	EXP 	slider: markerPos = None
23.3255 	EXP 	slider: markerPos = None
23.3255 	EXP 	slider: autoDraw = True
23.3255 	EXP 	next_button: autoDraw = True
23.5364 	DATA 	Mouse: Left button down, pos=(1078,172)
23.5588 	EXP 	image: autoDraw = True
23.5588 	EXP 	slider: markerPos = 3.9916666666666667
23.5924 	EXP 	slider: markerPos = 3.9916666666666667
23.5930 	DATA 	Mouse:  Left button up, pos=(1078,172)
23.6258 	EXP 	slider: markerPos = 4
23.7595 	DATA 	Mouse: Left button down, pos=(1154,187)
23.7657 	EXP 	New trial (rep=0, index=4): OrderedDict([('stimFile', 'stims\\IMG_0005.jpg'), ('correctAnswer', 3), ('intensity', 1), ('stimuliGender', 1)])
23.8346 	DATA 	Mouse:  Left button up, pos=(1154,187)
23.8425 	EXP 	image: autoDraw = False
23.8425 	EXP 	slider: autoDraw = False
23.8425 	EXP 	next_button: autoDraw = False
23.8425 	EXP 	image: image = 'stims\\IMG_0005.jpg'
23.8425 	EXP 	slider: markerPos = None
23.8425 	EXP 	slider: markerPos = None
23.8425 	EXP 	slider: autoDraw = True
23.8425 	EXP 	next_button: autoDraw = True
23.9926 	EXP 	image: autoDraw = True
24.1112 	DATA 	Mouse: Left button down, pos=(1083,170)
24.1427 	EXP 	slider: markerPos = 4.0125
24.1761 	EXP 	slider: markerPos = 4.0125
24.2095 	EXP 	slider: markerPos = 4.0125
24.2100 	DATA 	Mouse:  Left button up, pos=(1083,170)
24.2429 	EXP 	slider: markerPos = 4
24.3714 	DATA 	Mouse: Left button down, pos=(1173,179)
24.3825 	EXP 	New trial (rep=0, index=5): OrderedDict([('stimFile', 'stims\\IMG_0006.jpg'), ('correctAnswer', 2), ('intensity', 2), ('stimuliGender', 1)])
24.5486 	DATA 	Mouse:  Left button up, pos=(1173,179)
24.5765 	EXP 	image: autoDraw = False
24.5765 	EXP 	slider: autoDraw = False
24.5765 	EXP 	next_button: autoDraw = False
24.5765 	EXP 	image: image = 'stims\\IMG_0006.jpg'
24.5765 	EXP 	slider: markerPos = None
24.5765 	EXP 	slider: markerPos = None
24.5765 	EXP 	slider: autoDraw = True
24.5765 	EXP 	next_button: autoDraw = True
24.6933 	EXP 	image: autoDraw = True
24.8381 	DATA 	Mouse: Left button down, pos=(1072,183)
24.8769 	EXP 	slider: markerPos = 3.966666666666667
24.9103 	EXP 	slider: markerPos = 3.966666666666667
24.9270 	DATA 	Mouse:  Left button up, pos=(1073,184)
24.9435 	EXP 	slider: markerPos = 3.966666666666667
24.9769 	EXP 	slider: markerPos = 4
25.1050 	DATA 	Mouse: Left button down, pos=(1185,188)
25.1167 	EXP 	New trial (rep=0, index=6): OrderedDict([('stimFile', 'stims\\IMG_0007.jpg'), ('correctAnswer', 1), ('intensity', 1), ('stimuliGender', 1)])
25.1859 	DATA 	Mouse:  Left button up, pos=(1185,188)
25.1939 	EXP 	image: autoDraw = False
25.1939 	EXP 	slider: autoDraw = False
25.1939 	EXP 	next_button: autoDraw = False
25.1939 	EXP 	image: image = 'stims\\IMG_0007.jpg'
25.1939 	EXP 	slider: markerPos = None
25.1939 	EXP 	slider: markerPos = None
25.1939 	EXP 	slider: autoDraw = True
25.1939 	EXP 	next_button: autoDraw = True
25.3605 	EXP 	image: autoDraw = True
25.4740 	DATA 	Mouse: Left button down, pos=(1080,183)
25.5108 	EXP 	slider: markerPos = 4.0
25.5444 	EXP 	slider: markerPos = 4.0
25.5624 	DATA 	Mouse:  Left button up, pos=(1084,182)
25.5775 	EXP 	slider: markerPos = 4.0
25.6109 	EXP 	slider: markerPos = 4
25.7116 	DATA 	Mouse: Left button down, pos=(1184,178)
25.7179 	EXP 	New trial (rep=0, index=7): OrderedDict([('stimFile', 'stims\\IMG_0008.jpg'), ('correctAnswer', 4), ('intensity', 1), ('stimuliGender', 1)])
25.7848 	DATA 	Mouse:  Left button up, pos=(1180,175)
25.7943 	EXP 	image: autoDraw = False
25.7943 	EXP 	slider: autoDraw = False
25.7943 	EXP 	next_button: autoDraw = False
25.7943 	EXP 	image: image = 'stims\\IMG_0008.jpg'
25.7943 	EXP 	slider: markerPos = None
25.7943 	EXP 	slider: markerPos = None
25.7943 	EXP 	slider: autoDraw = True
25.7943 	EXP 	next_button: autoDraw = True
25.8611 	EXP 	image: autoDraw = True
26.2223 	DATA 	Mouse: Left button down, pos=(1085,170)
26.2614 	EXP 	slider: markerPos = 4.020833333333333
26.2779 	DATA 	Mouse:  Left button up, pos=(1085,170)
26.2950 	EXP 	slider: markerPos = 4.020833333333333
26.3284 	EXP 	slider: markerPos = 4
26.4567 	DATA 	Mouse: Left button down, pos=(1183,179)
26.4679 	EXP 	New trial (rep=0, index=8): OrderedDict([('stimFile', 'stims\\IMG_0009.jpg'), ('correctAnswer', 4), ('intensity', 2), ('stimuliGender', 1)])
26.5296 	DATA 	Mouse:  Left button up, pos=(1182,179)
26.5452 	EXP 	image: autoDraw = False
26.5452 	EXP 	slider: autoDraw = False
26.5452 	EXP 	next_button: autoDraw = False
26.5452 	EXP 	image: image = 'stims\\IMG_0009.jpg'
26.5452 	EXP 	slider: markerPos = None
26.5452 	EXP 	slider: markerPos = None
26.5452 	EXP 	slider: autoDraw = True
26.5452 	EXP 	next_button: autoDraw = True
26.6284 	EXP 	image: autoDraw = True
26.8061 	DATA 	Mouse: Left button down, pos=(1074,177)
26.8452 	EXP 	slider: markerPos = 3.975
26.8615 	DATA 	Mouse:  Left button up, pos=(1074,177)
26.8787 	EXP 	slider: markerPos = 3.975
26.9123 	EXP 	slider: markerPos = 4
27.0314 	DATA 	Mouse: Left button down, pos=(1152,184)
27.0517 	EXP 	New trial (rep=0, index=9): OrderedDict([('stimFile', 'stims\\IMG_0010.jpg'), ('correctAnswer', 1), ('intensity', 1), ('stimuliGender', 1)])
27.1100 	DATA 	Mouse:  Left button up, pos=(1152,185)
27.1290 	EXP 	image: autoDraw = False
27.1290 	EXP 	slider: autoDraw = False
27.1290 	EXP 	next_button: autoDraw = False
27.1290 	EXP 	image: image = 'stims\\IMG_0010.jpg'
27.1290 	EXP 	slider: markerPos = None
27.1290 	EXP 	slider: markerPos = None
27.1290 	EXP 	slider: autoDraw = True
27.1290 	EXP 	next_button: autoDraw = True
27.2123 	EXP 	image: autoDraw = True
27.3652 	DATA 	Mouse: Left button down, pos=(1083,171)
27.3961 	EXP 	slider: markerPos = 4.0125
27.4295 	EXP 	slider: markerPos = 4.0125
27.4574 	DATA 	Mouse:  Left button up, pos=(1083,171)
27.4629 	EXP 	slider: markerPos = 4.0125
27.4962 	EXP 	slider: markerPos = 4
27.6089 	DATA 	Mouse: Left button down, pos=(1152,176)
27.6192 	EXP 	New trial (rep=0, index=10): OrderedDict([('stimFile', 'stims\\IMG_0011.jpg'), ('correctAnswer', 2), ('intensity', 2), ('stimuliGender', 1)])
27.6916 	DATA 	Mouse:  Left button up, pos=(1152,176)
27.7131 	EXP 	image: autoDraw = False
27.7131 	EXP 	slider: autoDraw = False
27.7131 	EXP 	next_button: autoDraw = False
27.7131 	EXP 	image: image = 'stims\\IMG_0011.jpg'
27.7131 	EXP 	slider: markerPos = None
27.7131 	EXP 	slider: markerPos = None
27.7131 	EXP 	slider: autoDraw = True
27.7131 	EXP 	next_button: autoDraw = True
27.7967 	EXP 	image: autoDraw = True
27.9142 	DATA 	Mouse: Left button down, pos=(1079,169)
27.9465 	EXP 	slider: markerPos = 3.9958333333333336
27.9797 	EXP 	slider: markerPos = 3.9958333333333336
28.0132 	EXP 	slider: markerPos = 4.0
28.0147 	DATA 	Mouse:  Left button up, pos=(1082,169)
28.0466 	EXP 	slider: markerPos = 4
28.1661 	DATA 	Mouse: Left button down, pos=(1157,188)
28.1907 	EXP 	New trial (rep=0, index=11): OrderedDict([('stimFile', 'stims\\IMG_0012.jpg'), ('correctAnswer', 3), ('intensity', 1), ('stimuliGender', 1)])
28.2690 	DATA 	Mouse:  Left button up, pos=(1157,188)
28.2971 	EXP 	image: autoDraw = False
28.2971 	EXP 	slider: autoDraw = False
28.2971 	EXP 	next_button: autoDraw = False
28.2971 	EXP 	image: image = 'stims\\IMG_0012.jpg'
28.2971 	EXP 	slider: markerPos = None
28.2971 	EXP 	slider: markerPos = None
28.2971 	EXP 	slider: autoDraw = True
28.2971 	EXP 	next_button: autoDraw = True
28.3803 	EXP 	image: autoDraw = True
28.4810 	DATA 	Mouse: Left button down, pos=(1093,181)
28.5138 	EXP 	slider: markerPos = 4.054166666666667
28.5472 	EXP 	slider: markerPos = 4.054166666666667
28.5478 	DATA 	Mouse:  Left button up, pos=(1093,181)
28.5803 	EXP 	slider: markerPos = 4
28.7092 	DATA 	Mouse: Left button down, pos=(1140,184)
28.7200 	EXP 	New trial (rep=0, index=12): OrderedDict([('stimFile', 'stims\\IMG_0013.jpg'), ('correctAnswer', 2), ('intensity', 1), ('stimuliGender', 2)])
28.7853 	DATA 	Mouse:  Left button up, pos=(1140,184)
28.8140 	EXP 	image: autoDraw = False
28.8140 	EXP 	slider: autoDraw = False
28.8140 	EXP 	next_button: autoDraw = False
28.8140 	EXP 	image: image = 'stims\\IMG_0013.jpg'
28.8140 	EXP 	slider: markerPos = None
28.8140 	EXP 	slider: markerPos = None
28.8140 	EXP 	slider: autoDraw = True
28.8140 	EXP 	next_button: autoDraw = True
28.8973 	EXP 	image: autoDraw = True
29.1423 	DATA 	Mouse: Left button down, pos=(1088,175)
29.1810 	EXP 	slider: markerPos = 4.033333333333333
29.2143 	EXP 	slider: markerPos = 4.033333333333333
29.2151 	DATA 	Mouse:  Left button up, pos=(1088,175)
29.2477 	EXP 	slider: markerPos = 4
29.3828 	DATA 	Mouse: Left button down, pos=(1131,183)
29.3890 	EXP 	New trial (rep=0, index=13): OrderedDict([('stimFile', 'stims\\IMG_0014.jpg'), ('correctAnswer', 2), ('intensity', 1), ('stimuliGender', 2)])
29.4486 	DATA 	Mouse:  Left button up, pos=(1131,183)
29.4646 	EXP 	image: autoDraw = False
29.4646 	EXP 	slider: autoDraw = False
29.4646 	EXP 	next_button: autoDraw = False
29.4646 	EXP 	image: image = 'stims\\IMG_0014.jpg'
29.4646 	EXP 	slider: markerPos = None
29.4646 	EXP 	slider: markerPos = None
29.4646 	EXP 	slider: autoDraw = True
29.4646 	EXP 	next_button: autoDraw = True
29.5480 	EXP 	image: autoDraw = True
29.8087 	DATA 	Mouse: Left button down, pos=(1094,175)
29.8484 	EXP 	slider: markerPos = 4.058333333333334
29.8816 	EXP 	slider: markerPos = 4.058333333333334
29.8824 	DATA 	Mouse:  Left button up, pos=(1094,175)
29.9150 	EXP 	slider: markerPos = 4
30.0426 	DATA 	Mouse: Left button down, pos=(1125,175)
30.0559 	EXP 	New trial (rep=0, index=14): OrderedDict([('stimFile', 'stims\\IMG_0015.jpg'), ('correctAnswer', 3), ('intensity', 2), ('stimuliGender', 2)])
30.1334 	DATA 	Mouse:  Left button up, pos=(1125,175)
30.1485 	EXP 	image: autoDraw = False
30.1485 	EXP 	slider: autoDraw = False
30.1485 	EXP 	next_button: autoDraw = False
30.1485 	EXP 	image: image = 'stims\\IMG_0015.jpg'
30.1485 	EXP 	slider: markerPos = None
30.1485 	EXP 	slider: markerPos = None
30.1485 	EXP 	slider: autoDraw = True
30.1485 	EXP 	next_button: autoDraw = True
30.2152 	EXP 	image: autoDraw = True
30.4099 	DATA 	Mouse: Left button down, pos=(1091,171)
30.4488 	EXP 	slider: markerPos = 4.045833333333333
30.4822 	EXP 	slider: markerPos = 4.045833333333333
30.4840 	DATA 	Mouse:  Left button up, pos=(1091,171)
30.5158 	EXP 	slider: markerPos = 4
30.6829 	DATA 	Mouse: Left button down, pos=(1115,174)
30.6891 	EXP 	New trial (rep=0, index=15): OrderedDict([('stimFile', 'stims\\IMG_0016.jpg'), ('correctAnswer', 4), ('intensity', 1), ('stimuliGender', 2)])
30.7825 	EXP 	image: autoDraw = False
30.7825 	EXP 	slider: autoDraw = False
30.7825 	EXP 	next_button: autoDraw = False
30.7825 	EXP 	image: image = 'stims\\IMG_0016.jpg'
30.7825 	EXP 	slider: markerPos = None
30.7825 	EXP 	slider: markerPos = None
30.7825 	EXP 	slider: autoDraw = True
30.7825 	EXP 	next_button: autoDraw = True
30.7825 	EXP 	slider: markerPos = 4.145833333333334
30.7834 	DATA 	Mouse:  Left button up, pos=(1114,174)
30.8159 	EXP 	slider: markerPos = 4
30.8492 	EXP 	image: autoDraw = True
31.0271 	DATA 	Mouse: Left button down, pos=(1084,168)
31.0662 	EXP 	slider: markerPos = 4.016666666666667
31.0995 	EXP 	slider: markerPos = 4.016666666666667
31.1163 	DATA 	Mouse:  Left button up, pos=(1084,168)
31.1328 	EXP 	slider: markerPos = 4.016666666666667
31.1662 	EXP 	slider: markerPos = 4
31.2835 	DATA 	Mouse: Left button down, pos=(1142,180)
31.2897 	EXP 	New trial (rep=0, index=16): OrderedDict([('stimFile', 'stims\\IMG_0017.jpg'), ('correctAnswer', 2), ('intensity', 1), ('stimuliGender', 2)])
31.3591 	DATA 	Mouse:  Left button up, pos=(1140,180)
31.3664 	EXP 	image: autoDraw = False
31.3664 	EXP 	slider: autoDraw = False
31.3664 	EXP 	next_button: autoDraw = False
31.3664 	EXP 	image: image = 'stims\\IMG_0017.jpg'
31.3664 	EXP 	slider: markerPos = None
31.3664 	EXP 	slider: markerPos = None
31.3664 	EXP 	slider: autoDraw = True
31.3664 	EXP 	next_button: autoDraw = True
31.4665 	EXP 	image: autoDraw = True
31.5669 	DATA 	Mouse: Left button down, pos=(1082,172)
31.5998 	EXP 	slider: markerPos = 4.008333333333333
31.6335 	EXP 	slider: markerPos = 4.008333333333333
31.6506 	DATA 	Mouse:  Left button up, pos=(1083,172)
31.6666 	EXP 	slider: markerPos = 4.0125
31.7002 	EXP 	slider: markerPos = 4
31.8288 	DATA 	Mouse: Left button down, pos=(1128,174)
31.8398 	EXP 	New trial (rep=0, index=17): OrderedDict([('stimFile', 'stims\\IMG_0018.jpg'), ('correctAnswer', 2), ('intensity', 2), ('stimuliGender', 2)])
31.9168 	EXP 	image: autoDraw = False
31.9168 	EXP 	slider: autoDraw = False
31.9168 	EXP 	next_button: autoDraw = False
31.9168 	EXP 	image: image = 'stims\\IMG_0018.jpg'
31.9168 	EXP 	slider: markerPos = None
31.9168 	EXP 	slider: markerPos = None
31.9168 	EXP 	slider: autoDraw = True
31.9168 	EXP 	next_button: autoDraw = True
31.9178 	DATA 	Mouse:  Left button up, pos=(1127,174)
32.0005 	EXP 	image: autoDraw = True
32.1795 	DATA 	Mouse: Left button down, pos=(1089,171)
32.2174 	EXP 	slider: markerPos = 4.0375
32.2505 	EXP 	slider: markerPos = 4.0375
32.2667 	DATA 	Mouse:  Left button up, pos=(1090,171)
32.2839 	EXP 	slider: markerPos = 4.0375
32.3173 	EXP 	slider: markerPos = 4
32.4686 	DATA 	Mouse: Left button down, pos=(1116,174)
32.4759 	EXP 	New trial (rep=0, index=18): OrderedDict([('stimFile', 'stims\\IMG_0019.jpg'), ('correctAnswer', 4), ('intensity', 2), ('stimuliGender', 2)])
32.5596 	DATA 	Mouse:  Left button up, pos=(1115,175)
32.5843 	EXP 	image: autoDraw = False
32.5843 	EXP 	slider: autoDraw = False
32.5843 	EXP 	next_button: autoDraw = False
32.5843 	EXP 	image: image = 'stims\\IMG_0019.jpg'
32.5843 	EXP 	slider: markerPos = None
32.5843 	EXP 	slider: markerPos = None
32.5843 	EXP 	slider: autoDraw = True
32.5843 	EXP 	next_button: autoDraw = True
32.6678 	EXP 	image: autoDraw = True
32.7980 	DATA 	Mouse: Left button down, pos=(1093,175)
32.8343 	EXP 	slider: markerPos = 4.054166666666667
32.8678 	EXP 	slider: markerPos = 4.054166666666667
32.8693 	DATA 	Mouse:  Left button up, pos=(1095,175)
32.9011 	EXP 	slider: markerPos = 4
33.0812 	DATA 	Mouse: Left button down, pos=(1114,177)
33.0921 	EXP 	New trial (rep=0, index=19): OrderedDict([('stimFile', 'stims\\IMG_0020.jpg'), ('correctAnswer', 3), ('intensity', 1), ('stimuliGender', 2)])
33.1898 	DATA 	Mouse:  Left button up, pos=(1112,177)
33.2016 	EXP 	image: autoDraw = False
33.2016 	EXP 	slider: autoDraw = False
33.2016 	EXP 	next_button: autoDraw = False
33.2016 	EXP 	image: image = 'stims\\IMG_0020.jpg'
33.2016 	EXP 	slider: markerPos = None
33.2016 	EXP 	slider: markerPos = None
33.2016 	EXP 	slider: autoDraw = True
33.2016 	EXP 	next_button: autoDraw = True
33.2016 	EXP 	slider: markerPos = 4.1375
33.2350 	EXP 	slider: markerPos = 4
33.2685 	EXP 	image: autoDraw = True
33.4365 	DATA 	Mouse: Left button down, pos=(1075,172)
33.4685 	EXP 	slider: markerPos = 3.979166666666667
33.5019 	EXP 	slider: markerPos = 3.979166666666667
33.5213 	DATA 	Mouse:  Left button up, pos=(1076,172)
33.5352 	EXP 	slider: markerPos = 3.9833333333333334
33.5684 	EXP 	slider: markerPos = 4
33.7023 	DATA 	Mouse: Left button down, pos=(1128,183)
33.7084 	EXP 	New trial (rep=0, index=20): OrderedDict([('stimFile', 'stims\\IMG_0021.jpg'), ('correctAnswer', 4), ('intensity', 2), ('stimuliGender', 2)])
33.7852 	EXP 	image: autoDraw = False
33.7852 	EXP 	slider: autoDraw = False
33.7852 	EXP 	next_button: autoDraw = False
33.7852 	EXP 	image: image = 'stims\\IMG_0021.jpg'
33.7852 	EXP 	slider: markerPos = None
33.7852 	EXP 	slider: markerPos = None
33.7852 	EXP 	slider: autoDraw = True
33.7852 	EXP 	next_button: autoDraw = True
33.7965 	DATA 	Mouse:  Left button up, pos=(1128,183)
33.8689 	EXP 	image: autoDraw = True
34.0483 	DATA 	Mouse: Left button down, pos=(1076,177)
34.0868 	EXP 	slider: markerPos = 3.9833333333333334
34.1189 	EXP 	slider: markerPos = 3.9833333333333334
34.1523 	EXP 	slider: markerPos = 3.9875
34.1537 	DATA 	Mouse:  Left button up, pos=(1080,176)
34.1857 	EXP 	slider: markerPos = 4
34.3029 	DATA 	Mouse: Left button down, pos=(1144,179)
34.3091 	EXP 	New trial (rep=0, index=21): OrderedDict([('stimFile', 'stims\\IMG_0022.jpg'), ('correctAnswer', 3), ('intensity', 2), ('stimuliGender', 2)])
34.3859 	EXP 	image: autoDraw = False
34.3859 	EXP 	slider: autoDraw = False
34.3859 	EXP 	next_button: autoDraw = False
34.3859 	EXP 	image: image = 'stims\\IMG_0022.jpg'
34.3859 	EXP 	slider: markerPos = None
34.3859 	EXP 	slider: markerPos = None
34.3859 	EXP 	slider: autoDraw = True
34.3859 	EXP 	next_button: autoDraw = True
34.3867 	DATA 	Mouse:  Left button up, pos=(1142,179)
34.4694 	EXP 	image: autoDraw = True
34.6473 	DATA 	Mouse: Left button down, pos=(1081,179)
34.6862 	EXP 	slider: markerPos = 4.008333333333333
34.7197 	EXP 	slider: markerPos = 4.008333333333333
34.7375 	DATA 	Mouse:  Left button up, pos=(1083,180)
34.7529 	EXP 	slider: markerPos = 4.008333333333333
34.7863 	EXP 	slider: markerPos = 4
34.9037 	DATA 	Mouse: Left button down, pos=(1138,190)
34.9100 	EXP 	New trial (rep=0, index=22): OrderedDict([('stimFile', 'stims\\IMG_0023.jpg'), ('correctAnswer', 1), ('intensity', 2), ('stimuliGender', 2)])
34.9865 	EXP 	image: autoDraw = False
34.9865 	EXP 	slider: autoDraw = False
34.9865 	EXP 	next_button: autoDraw = False
34.9865 	EXP 	image: image = 'stims\\IMG_0023.jpg'
34.9865 	EXP 	slider: markerPos = None
34.9865 	EXP 	slider: markerPos = None
34.9865 	EXP 	slider: autoDraw = True
34.9865 	EXP 	next_button: autoDraw = True
35.0210 	DATA 	Mouse:  Left button up, pos=(1139,190)
35.0532 	EXP 	image: autoDraw = True
35.4540 	DATA 	Mouse: Left button down, pos=(1087,183)
35.4869 	EXP 	slider: markerPos = 4.029166666666667
35.5204 	EXP 	slider: markerPos = 4.029166666666667
35.5385 	DATA 	Mouse:  Left button up, pos=(1087,183)
35.5537 	EXP 	slider: markerPos = 4.029166666666667
35.5872 	EXP 	slider: markerPos = 4
35.7209 	DATA 	Mouse: Left button down, pos=(1136,184)
35.7272 	EXP 	New trial (rep=0, index=23): OrderedDict([('stimFile', 'stims\\IMG_0024.jpg'), ('correctAnswer', 1), ('intensity', 2), ('stimuliGender', 2)])
35.8039 	EXP 	image: autoDraw = False
35.8039 	EXP 	slider: autoDraw = False
35.8039 	EXP 	next_button: autoDraw = False
35.8039 	EXP 	image: image = 'stims\\IMG_0024.jpg'
35.8039 	EXP 	slider: markerPos = None
35.8039 	EXP 	slider: markerPos = None
35.8039 	EXP 	slider: autoDraw = True
35.8039 	EXP 	next_button: autoDraw = True
35.8314 	DATA 	Mouse:  Left button up, pos=(1136,184)
35.8708 	EXP 	image: autoDraw = True
36.2982 	DATA 	Mouse: Left button down, pos=(1092,175)
36.3377 	EXP 	slider: markerPos = 4.05
36.3712 	EXP 	slider: markerPos = 4.05
36.4046 	EXP 	slider: markerPos = 4.05
36.4051 	DATA 	Mouse:  Left button up, pos=(1092,175)
36.4379 	EXP 	slider: markerPos = 4
36.8397 	DATA 	Mouse: Left button down, pos=(1145,181)
37.4524 	DATA 	Mouse:  Left button up, pos=(1145,181)
37.4724 	EXP 	image: autoDraw = False
37.4724 	EXP 	slider: autoDraw = False
37.4724 	EXP 	next_button: autoDraw = False
42.8063 	EXP 	window1: mouseVisible = True
