2.6780 	WARNING 	We strongly recommend you activate the PTB sound engine in PsychoPy prefs as the preferred audio engine. Its timing is vastly superior. Your prefs are currently set to use ['sounddevice', 'PTB', 'pyo', 'pygame'] (in that order).
13.8332 	WARNING 	User requested fullscreen with size [1920 1080], but screen is actually [1440, 900]. Using actual size
15.1855 	EXP 	Created window1 = Window(allowGUI=False, allowStencil=False, autoLog=True, backendConf=UNKNOWN, bitsMode=UNKNOWN, blendMode='avg', bpc=(8, 8, 8), color=array([-0.396, -0.396, -0.396]), colorSpace='rgb', depthBits=8, fullscr=<method-wrapper '__getattribute__' of attributeSetter object at 0x000001BE0B1ADD00>, gamma=None, gammaErrorPolicy='raise', lms=UNKNOWN, monitor=<psychopy.monitors.calibTools.Monitor object at 0x000001BE08B78EB0>, multiSample=False, name='window1', numSamples=2, pos=(1372, -900), screen=1, size=array([1440,  900]), stencilBits=0, stereo=False, units='norm', useFBO=True, useRetina=False, viewOri=0.0, viewPos=None, viewScale=None, waitBlanking=True, winType='pyglet')
15.1861 	EXP 	window1: mouseVisible = True
15.1861 	EXP 	window1: Attempting to measure frame rate of screen (1) ...
15.1861 	EXP 	window1: recordFrameIntervals = False
15.3512 	EXP 	window1: recordFrameIntervals = True
15.5352 	EXP 	Screen (1) actual frame rate measured at 59.78Hz
15.5352 	EXP 	window1: recordFrameIntervals = False
19.0748 	EXP 	Created Instructions = TextStim(__class__=<class 'psychopy.visual.text.TextStim'>, alignHoriz=method-wrapper(...), alignText='center', alignVert=method-wrapper(...), anchorHoriz='center', anchorVert='center', antialias=True, autoLog=True, bold=False, color=array([1., 1., 1.]), colorSpace='rgb', contrast=1.0, depth=0.0, flipHoriz=False, flipVert=False, font='Arial', fontFiles=[], height=0.1, italic=False, languageStyle='LTR', name='Instructions', opacity=1.0, ori=0, pos=array([0., 0.]), rgb=UNKNOWN, text=str(...), units='norm', win=Window(...), wrapWidth=1)
19.0750 	EXP 	window1: mouseVisible = True
19.0809 	EXP 	Created image = ImageStim(__class__=<class 'psychopy.visual.image.ImageStim'>, anchor=('center', 'center'), autoLog=True, color=array([1., 1., 1.]), colorSpace='rgb', contrast=1.0, depth=0.0, flipHoriz=False, flipVert=False, image='sin', interpolate=True, mask=None, maskParams=None, name='image', opacity=1.0, ori=0.0, pos=array([0., 0.]), size=array([0.6936, 0.4704]), texRes=128, units='height', win=Window(...))
19.1164 	EXP 	window1: mouseVisible = True
19.3569 	WARNING 	Font b'HelveticaBold' was requested. No similar font found.
19.5729 	WARNING 	Font b'HelveticaBold' was requested. No similar font found.
19.7651 	WARNING 	Font b'HelveticaBold' was requested. No similar font found.
19.9824 	WARNING 	Font b'HelveticaBold' was requested. No similar font found.
20.0794 	EXP 	Created slider = Slider(__class__=<class 'psychopy.visual.slider.Slider'>, autoDraw=False, autoLog=True, borderColor=None, color=None, colorSpace='rgb', depth=-1, fillColor=None, flip=False, font='HelveticaBold', granularity=1, labelColor=None, labelHeight=0.05, labelWrapWidth=None, labels=['HAPPY', 'SAD', 'ANGRY', 'FEARFUL'], lineColor=None, markerColor=None, name='slider', opacity=None, ori=0, pos=array([ 0. , -0.6]), readOnly=False, self=UNKNOWN, size=array([1. , 0.1]), startValue=None, style=['rating'], styleTweaks=[], ticks=array([1, 2, 3, 4]), units='norm', win=Window(...))
20.0895 	EXP 	Created next_button = TextStim(__class__=<class 'psychopy.visual.text.TextStim'>, alignHoriz=method-wrapper(...), alignText='center', alignVert=method-wrapper(...), anchorHoriz='center', anchorVert='center', antialias=True, autoLog=True, bold=False, color=array([1., 1., 1.]), colorSpace='rgb', contrast=1.0, depth=-2.0, flipHoriz=False, flipVert=False, font='Arial', fontFiles=[], height=0.1, italic=False, languageStyle='LTR', name='next_button', opacity=1.0, ori=0, pos=array([ 0.7, -0.6]), rgb=UNKNOWN, text='CONTINUE', units='norm', win=Window(...), wrapWidth=1)
20.0896 	EXP 	window1: mouseVisible = True
20.1050 	EXP 	slider: autoLog = True
20.1050 	EXP 	slider: markerPos = None
20.1050 	EXP 	slider: styleTweaks = []
20.1050 	EXP 	slider: styleTweaks = []
20.1050 	EXP 	slider: styleTweaks = []
20.1050 	EXP 	slider: styleTweaks = []
20.1050 	EXP 	slider: contrast = 1.0
20.1050 	EXP 	slider: autoLog = True
20.1050 	EXP 	Instructions: autoDraw = True
20.4748 	DATA 	Mouse: Left button down, pos=(690,343)
20.4975 	EXP 	Imported facesBlock.csv as conditions, 24 conditions, 4 params
20.4982 	EXP 	Created sequence: sequential, trialTypes=24, nReps=1, seed=None
20.4987 	EXP 	New trial (rep=0, index=0): OrderedDict([('stimFile', 'stims\\IMG_0001.jpg'), ('correctAnswer', 1), ('intensity', 2), ('stimuliGender', 1)])
20.5645 	DATA 	Mouse:  Left button up, pos=(690,343)
20.5885 	EXP 	Instructions: autoDraw = False
20.5885 	EXP 	image: image = 'stims\\IMG_0001.jpg'
20.5885 	EXP 	slider: markerPos = None
20.5885 	EXP 	slider: markerPos = None
20.5885 	EXP 	slider: autoDraw = True
20.5885 	EXP 	next_button: autoDraw = True
20.6719 	EXP 	image: autoDraw = True
21.2730 	DATA 	Mouse: Left button down, pos=(1055,186)
21.3058 	EXP 	slider: markerPos = 3.8958333333333335
21.3393 	EXP 	slider: markerPos = 3.8958333333333335
21.3553 	DATA 	Mouse:  Left button up, pos=(1055,186)
21.3726 	EXP 	slider: markerPos = 3.8958333333333335
21.4060 	EXP 	slider: markerPos = 4
21.6898 	DATA 	Mouse: Left button down, pos=(1151,184)
21.7133 	EXP 	New trial (rep=0, index=1): OrderedDict([('stimFile', 'stims\\IMG_0002.jpg'), ('correctAnswer', 4), ('intensity', 1), ('stimuliGender', 1)])
21.7733 	DATA 	Mouse:  Left button up, pos=(1151,184)
21.7898 	EXP 	image: autoDraw = False
21.7898 	EXP 	slider: autoDraw = False
21.7898 	EXP 	next_button: autoDraw = False
21.7898 	EXP 	image: image = 'stims\\IMG_0002.jpg'
21.7898 	EXP 	slider: markerPos = None
21.7898 	EXP 	slider: markerPos = None
21.7898 	EXP 	slider: autoDraw = True
21.7898 	EXP 	next_button: autoDraw = True
21.8730 	EXP 	image: autoDraw = True
22.1843 	DATA 	Mouse: Left button down, pos=(1086,180)
22.2237 	EXP 	slider: markerPos = 4.025
22.2569 	EXP 	slider: markerPos = 4.025
22.2575 	DATA 	Mouse:  Left button up, pos=(1086,180)
22.2903 	EXP 	slider: markerPos = 4
22.4875 	DATA 	Mouse: Left button down, pos=(1154,187)
22.4971 	EXP 	New trial (rep=0, index=2): OrderedDict([('stimFile', 'stims\\IMG_0003.jpg'), ('correctAnswer', 3), ('intensity', 2), ('stimuliGender', 1)])
22.5570 	DATA 	Mouse:  Left button up, pos=(1154,188)
22.5739 	EXP 	image: autoDraw = False
22.5739 	EXP 	slider: autoDraw = False
22.5739 	EXP 	next_button: autoDraw = False
22.5739 	EXP 	image: image = 'stims\\IMG_0003.jpg'
22.5739 	EXP 	slider: markerPos = None
22.5739 	EXP 	slider: markerPos = None
22.5739 	EXP 	slider: autoDraw = True
22.5739 	EXP 	next_button: autoDraw = True
22.6741 	EXP 	image: autoDraw = True
23.0181 	DATA 	Mouse: Left button down, pos=(1089,179)
23.0575 	EXP 	slider: markerPos = 4.0375
23.0739 	DATA 	Mouse:  Left button up, pos=(1089,179)
23.0909 	EXP 	slider: markerPos = 4.0375
23.1243 	EXP 	slider: markerPos = 4
23.3253 	DATA 	Mouse: Left button down, pos=(1135,183)
23.3321 	EXP 	New trial (rep=0, index=3): OrderedDict([('stimFile', 'stims\\IMG_0004.jpg'), ('correctAnswer', 1), ('intensity', 1), ('stimuliGender', 1)])
23.5172 	DATA 	Mouse:  Left button up, pos=(1135,183)
23.5414 	EXP 	image: autoDraw = False
23.5414 	EXP 	slider: autoDraw = False
23.5414 	EXP 	next_button: autoDraw = False
23.5414 	EXP 	image: image = 'stims\\IMG_0004.jpg'
23.5414 	EXP 	slider: markerPos = None
23.5414 	EXP 	slider: markerPos = None
23.5414 	EXP 	slider: autoDraw = True
23.5414 	EXP 	next_button: autoDraw = True
23.7750 	EXP 	image: autoDraw = True
23.8428 	DATA 	Mouse: Left button down, pos=(1085,182)
23.8919 	EXP 	slider: markerPos = 4.020833333333333
23.9162 	DATA 	Mouse:  Left button up, pos=(1085,182)
23.9253 	EXP 	slider: markerPos = 4.020833333333333
23.9587 	EXP 	slider: markerPos = 4
24.1225 	DATA 	Mouse: Left button down, pos=(1166,181)
24.1343 	EXP 	New trial (rep=0, index=4): OrderedDict([('stimFile', 'stims\\IMG_0005.jpg'), ('correctAnswer', 3), ('intensity', 1), ('stimuliGender', 1)])
24.2101 	DATA 	Mouse:  Left button up, pos=(1166,181)
24.2255 	EXP 	image: autoDraw = False
24.2255 	EXP 	slider: autoDraw = False
24.2255 	EXP 	next_button: autoDraw = False
24.2255 	EXP 	image: image = 'stims\\IMG_0005.jpg'
24.2255 	EXP 	slider: markerPos = None
24.2255 	EXP 	slider: markerPos = None
24.2255 	EXP 	slider: autoDraw = True
24.2255 	EXP 	next_button: autoDraw = True
24.3756 	EXP 	image: autoDraw = True
24.6097 	DATA 	Mouse: Left button down, pos=(1091,176)
24.6424 	EXP 	slider: markerPos = 4.045833333333333
24.6758 	EXP 	slider: markerPos = 4.045833333333333
24.6942 	DATA 	Mouse:  Left button up, pos=(1091,176)
24.7093 	EXP 	slider: markerPos = 4.045833333333333
24.7427 	EXP 	slider: markerPos = 4
24.9270 	DATA 	Mouse: Left button down, pos=(1162,190)
24.9372 	EXP 	New trial (rep=0, index=5): OrderedDict([('stimFile', 'stims\\IMG_0006.jpg'), ('correctAnswer', 2), ('intensity', 2), ('stimuliGender', 1)])
25.2786 	DATA 	Mouse:  Left button up, pos=(1162,190)
25.3099 	EXP 	image: autoDraw = False
25.3099 	EXP 	slider: autoDraw = False
25.3099 	EXP 	next_button: autoDraw = False
25.3099 	EXP 	image: image = 'stims\\IMG_0006.jpg'
25.3099 	EXP 	slider: markerPos = None
25.3099 	EXP 	slider: markerPos = None
25.3099 	EXP 	slider: autoDraw = True
25.3099 	EXP 	next_button: autoDraw = True
25.4099 	EXP 	image: autoDraw = True
25.5238 	DATA 	Mouse: Left button down, pos=(1082,180)
25.5602 	EXP 	slider: markerPos = 4.008333333333333
25.5935 	EXP 	slider: markerPos = 4.008333333333333
25.6107 	DATA 	Mouse:  Left button up, pos=(1082,180)
25.6269 	EXP 	slider: markerPos = 4.008333333333333
25.6603 	EXP 	slider: markerPos = 4
25.9293 	DATA 	Mouse: Left button down, pos=(1138,180)
25.9692 	EXP 	New trial (rep=0, index=6): OrderedDict([('stimFile', 'stims\\IMG_0007.jpg'), ('correctAnswer', 1), ('intensity', 1), ('stimuliGender', 1)])
26.0379 	DATA 	Mouse:  Left button up, pos=(1138,180)
26.0605 	EXP 	image: autoDraw = False
26.0605 	EXP 	slider: autoDraw = False
26.0605 	EXP 	next_button: autoDraw = False
26.0605 	EXP 	image: image = 'stims\\IMG_0007.jpg'
26.0605 	EXP 	slider: markerPos = None
26.0605 	EXP 	slider: markerPos = None
26.0605 	EXP 	slider: autoDraw = True
26.0605 	EXP 	next_button: autoDraw = True
26.1939 	EXP 	image: autoDraw = True
26.3567 	DATA 	Mouse: Left button down, pos=(1084,175)
26.3940 	EXP 	slider: markerPos = 4.016666666666667
26.4276 	EXP 	slider: markerPos = 4.016666666666667
26.4294 	DATA 	Mouse:  Left button up, pos=(1084,176)
26.4609 	EXP 	slider: markerPos = 4
26.6553 	DATA 	Mouse: Left button down, pos=(1171,177)
26.6689 	EXP 	New trial (rep=0, index=7): OrderedDict([('stimFile', 'stims\\IMG_0008.jpg'), ('correctAnswer', 4), ('intensity', 1), ('stimuliGender', 1)])
26.7313 	DATA 	Mouse:  Left button up, pos=(1171,177)
26.7611 	EXP 	image: autoDraw = False
26.7611 	EXP 	slider: autoDraw = False
26.7611 	EXP 	next_button: autoDraw = False
26.7611 	EXP 	image: image = 'stims\\IMG_0008.jpg'
26.7611 	EXP 	slider: markerPos = None
26.7611 	EXP 	slider: markerPos = None
26.7611 	EXP 	slider: autoDraw = True
26.7611 	EXP 	next_button: autoDraw = True
26.8447 	EXP 	image: autoDraw = True
27.0788 	DATA 	Mouse: Left button down, pos=(1076,190)
27.1114 	EXP 	slider: markerPos = 3.9833333333333334
27.1448 	EXP 	slider: markerPos = 3.9833333333333334
27.1616 	DATA 	Mouse:  Left button up, pos=(1076,190)
27.1783 	EXP 	slider: markerPos = 3.9833333333333334
27.2117 	EXP 	slider: markerPos = 4
27.3789 	DATA 	Mouse: Left button down, pos=(1160,183)
27.3851 	EXP 	New trial (rep=0, index=8): OrderedDict([('stimFile', 'stims\\IMG_0009.jpg'), ('correctAnswer', 4), ('intensity', 2), ('stimuliGender', 1)])
27.4538 	DATA 	Mouse:  Left button up, pos=(1160,183)
27.4786 	EXP 	image: autoDraw = False
27.4786 	EXP 	slider: autoDraw = False
27.4786 	EXP 	next_button: autoDraw = False
27.4786 	EXP 	image: image = 'stims\\IMG_0009.jpg'
27.4786 	EXP 	slider: markerPos = None
27.4786 	EXP 	slider: markerPos = None
27.4786 	EXP 	slider: autoDraw = True
27.4786 	EXP 	next_button: autoDraw = True
27.5453 	EXP 	image: autoDraw = True
27.8235 	DATA 	Mouse: Left button down, pos=(1082,177)
27.8621 	EXP 	slider: markerPos = 4.008333333333333
27.8957 	EXP 	slider: markerPos = 4.008333333333333
27.9143 	DATA 	Mouse:  Left button up, pos=(1082,177)
27.9290 	EXP 	slider: markerPos = 4.008333333333333
27.9622 	EXP 	slider: markerPos = 4
28.2593 	DATA 	Mouse: Left button down, pos=(1153,172)
28.2697 	EXP 	New trial (rep=0, index=9): OrderedDict([('stimFile', 'stims\\IMG_0010.jpg'), ('correctAnswer', 1), ('intensity', 1), ('stimuliGender', 1)])
28.3353 	DATA 	Mouse:  Left button up, pos=(1153,173)
28.3625 	EXP 	image: autoDraw = False
28.3625 	EXP 	slider: autoDraw = False
28.3625 	EXP 	next_button: autoDraw = False
28.3625 	EXP 	image: image = 'stims\\IMG_0010.jpg'
28.3625 	EXP 	slider: markerPos = None
28.3625 	EXP 	slider: markerPos = None
28.3625 	EXP 	slider: autoDraw = True
28.3625 	EXP 	next_button: autoDraw = True
28.4293 	EXP 	image: autoDraw = True
28.7250 	DATA 	Mouse: Left button down, pos=(1062,183)
28.7632 	EXP 	slider: markerPos = 3.925
28.7834 	DATA 	Mouse:  Left button up, pos=(1062,183)
28.7967 	EXP 	slider: markerPos = 3.925
28.8301 	EXP 	slider: markerPos = 4
29.0161 	DATA 	Mouse: Left button down, pos=(1150,186)
29.0531 	EXP 	New trial (rep=0, index=10): OrderedDict([('stimFile', 'stims\\IMG_0011.jpg'), ('correctAnswer', 2), ('intensity', 2), ('stimuliGender', 1)])
29.1116 	DATA 	Mouse:  Left button up, pos=(1150,187)
29.1302 	EXP 	image: autoDraw = False
29.1302 	EXP 	slider: autoDraw = False
29.1302 	EXP 	next_button: autoDraw = False
29.1302 	EXP 	image: image = 'stims\\IMG_0011.jpg'
29.1302 	EXP 	slider: markerPos = None
29.1302 	EXP 	slider: markerPos = None
29.1302 	EXP 	slider: autoDraw = True
29.1302 	EXP 	next_button: autoDraw = True
29.2134 	EXP 	image: autoDraw = True
29.4410 	DATA 	Mouse: Left button down, pos=(1083,175)
29.4803 	EXP 	slider: markerPos = 4.0125
29.5139 	EXP 	slider: markerPos = 4.0125
29.5150 	DATA 	Mouse:  Left button up, pos=(1083,175)
29.5471 	EXP 	slider: markerPos = 4
29.7250 	DATA 	Mouse: Left button down, pos=(1166,171)
29.7369 	EXP 	New trial (rep=0, index=11): OrderedDict([('stimFile', 'stims\\IMG_0012.jpg'), ('correctAnswer', 3), ('intensity', 1), ('stimuliGender', 1)])
29.7984 	DATA 	Mouse:  Left button up, pos=(1166,171)
29.8140 	EXP 	image: autoDraw = False
29.8140 	EXP 	slider: autoDraw = False
29.8140 	EXP 	next_button: autoDraw = False
29.8140 	EXP 	image: image = 'stims\\IMG_0012.jpg'
29.8140 	EXP 	slider: markerPos = None
29.8140 	EXP 	slider: markerPos = None
29.8140 	EXP 	slider: autoDraw = True
29.8140 	EXP 	next_button: autoDraw = True
29.9311 	EXP 	image: autoDraw = True
30.1179 	DATA 	Mouse: Left button down, pos=(1081,180)
30.1813 	EXP 	slider: markerPos = 4.004166666666666
30.2095 	DATA 	Mouse:  Left button up, pos=(1081,181)
30.2147 	EXP 	slider: markerPos = 4.004166666666666
30.2479 	EXP 	slider: markerPos = 4
30.4001 	DATA 	Mouse: Left button down, pos=(1145,189)
30.4212 	EXP 	New trial (rep=0, index=12): OrderedDict([('stimFile', 'stims\\IMG_0013.jpg'), ('correctAnswer', 2), ('intensity', 1), ('stimuliGender', 2)])
30.4825 	DATA 	Mouse:  Left button up, pos=(1145,189)
30.4981 	EXP 	image: autoDraw = False
30.4981 	EXP 	slider: autoDraw = False
30.4981 	EXP 	next_button: autoDraw = False
30.4981 	EXP 	image: image = 'stims\\IMG_0013.jpg'
30.4981 	EXP 	slider: markerPos = None
30.4981 	EXP 	slider: markerPos = None
30.4981 	EXP 	slider: autoDraw = True
30.4981 	EXP 	next_button: autoDraw = True
30.5981 	EXP 	image: autoDraw = True
30.7825 	DATA 	Mouse: Left button down, pos=(1067,186)
30.8150 	EXP 	slider: markerPos = 3.9458333333333337
30.8484 	EXP 	slider: markerPos = 3.9458333333333337
30.8817 	EXP 	slider: markerPos = 3.9458333333333337
30.8831 	DATA 	Mouse:  Left button up, pos=(1067,186)
30.9153 	EXP 	slider: markerPos = 4
31.0991 	DATA 	Mouse: Left button down, pos=(1167,177)
31.1057 	EXP 	New trial (rep=0, index=13): OrderedDict([('stimFile', 'stims\\IMG_0014.jpg'), ('correctAnswer', 2), ('intensity', 1), ('stimuliGender', 2)])
31.1715 	DATA 	Mouse:  Left button up, pos=(1167,177)
31.1819 	EXP 	image: autoDraw = False
31.1819 	EXP 	slider: autoDraw = False
31.1819 	EXP 	next_button: autoDraw = False
31.1819 	EXP 	image: image = 'stims\\IMG_0014.jpg'
31.1819 	EXP 	slider: markerPos = None
31.1819 	EXP 	slider: markerPos = None
31.1819 	EXP 	slider: autoDraw = True
31.1819 	EXP 	next_button: autoDraw = True
31.2487 	EXP 	image: autoDraw = True
31.5264 	DATA 	Mouse: Left button down, pos=(1085,183)
31.5656 	EXP 	slider: markerPos = 4.020833333333333
31.5991 	EXP 	slider: markerPos = 4.020833333333333
31.5996 	DATA 	Mouse:  Left button up, pos=(1085,183)
31.6324 	EXP 	slider: markerPos = 4
31.8271 	DATA 	Mouse: Left button down, pos=(1130,182)
31.8386 	EXP 	New trial (rep=0, index=14): OrderedDict([('stimFile', 'stims\\IMG_0015.jpg'), ('correctAnswer', 3), ('intensity', 2), ('stimuliGender', 2)])
31.9162 	EXP 	image: autoDraw = False
31.9162 	EXP 	slider: autoDraw = False
31.9162 	EXP 	next_button: autoDraw = False
31.9162 	EXP 	image: image = 'stims\\IMG_0015.jpg'
31.9162 	EXP 	slider: markerPos = None
31.9162 	EXP 	slider: markerPos = None
31.9162 	EXP 	slider: autoDraw = True
31.9162 	EXP 	next_button: autoDraw = True
31.9167 	DATA 	Mouse:  Left button up, pos=(1130,182)
31.9995 	EXP 	image: autoDraw = True
32.3025 	DATA 	Mouse: Left button down, pos=(1071,179)
32.3331 	EXP 	slider: markerPos = 3.9625000000000004
32.3664 	EXP 	slider: markerPos = 3.9625000000000004
32.3672 	DATA 	Mouse:  Left button up, pos=(1071,179)
32.3999 	EXP 	slider: markerPos = 4
32.5611 	DATA 	Mouse: Left button down, pos=(1154,178)
32.5728 	EXP 	New trial (rep=0, index=15): OrderedDict([('stimFile', 'stims\\IMG_0016.jpg'), ('correctAnswer', 4), ('intensity', 1), ('stimuliGender', 2)])
32.6409 	DATA 	Mouse:  Left button up, pos=(1154,178)
32.6500 	EXP 	image: autoDraw = False
32.6500 	EXP 	slider: autoDraw = False
32.6500 	EXP 	next_button: autoDraw = False
32.6500 	EXP 	image: image = 'stims\\IMG_0016.jpg'
32.6500 	EXP 	slider: markerPos = None
32.6500 	EXP 	slider: markerPos = None
32.6500 	EXP 	slider: autoDraw = True
32.6500 	EXP 	next_button: autoDraw = True
32.7335 	EXP 	image: autoDraw = True
33.0186 	DATA 	Mouse: Left button down, pos=(1081,182)
33.0503 	EXP 	slider: markerPos = 4.004166666666666
33.0838 	EXP 	slider: markerPos = 4.004166666666666
33.0995 	DATA 	Mouse:  Left button up, pos=(1081,182)
33.1171 	EXP 	slider: markerPos = 4.004166666666666
33.1505 	EXP 	slider: markerPos = 4
33.2677 	DATA 	Mouse: Left button down, pos=(1136,186)
33.2737 	EXP 	New trial (rep=0, index=16): OrderedDict([('stimFile', 'stims\\IMG_0017.jpg'), ('correctAnswer', 2), ('intensity', 1), ('stimuliGender', 2)])
33.3507 	EXP 	image: autoDraw = False
33.3507 	EXP 	slider: autoDraw = False
33.3507 	EXP 	next_button: autoDraw = False
33.3507 	EXP 	image: image = 'stims\\IMG_0017.jpg'
33.3507 	EXP 	slider: markerPos = None
33.3507 	EXP 	slider: markerPos = None
33.3507 	EXP 	slider: autoDraw = True
33.3507 	EXP 	next_button: autoDraw = True
33.3615 	DATA 	Mouse:  Left button up, pos=(1136,186)
33.4341 	EXP 	image: autoDraw = True
33.7167 	DATA 	Mouse: Left button down, pos=(1078,185)
33.7680 	EXP 	slider: markerPos = 3.9916666666666667
33.7954 	DATA 	Mouse:  Left button up, pos=(1078,185)
33.8014 	EXP 	slider: markerPos = 3.9916666666666667
33.8347 	EXP 	slider: markerPos = 4
34.0022 	DATA 	Mouse: Left button down, pos=(1153,181)
34.0126 	EXP 	New trial (rep=0, index=17): OrderedDict([('stimFile', 'stims\\IMG_0018.jpg'), ('correctAnswer', 2), ('intensity', 2), ('stimuliGender', 2)])
34.1001 	DATA 	Mouse:  Left button up, pos=(1153,181)
34.1184 	EXP 	image: autoDraw = False
34.1184 	EXP 	slider: autoDraw = False
34.1184 	EXP 	next_button: autoDraw = False
34.1184 	EXP 	image: image = 'stims\\IMG_0018.jpg'
34.1184 	EXP 	slider: markerPos = None
34.1184 	EXP 	slider: markerPos = None
34.1184 	EXP 	slider: autoDraw = True
34.1184 	EXP 	next_button: autoDraw = True
34.2016 	EXP 	image: autoDraw = True
34.5024 	DATA 	Mouse: Left button down, pos=(1085,177)
34.5351 	EXP 	slider: markerPos = 4.020833333333333
34.5685 	EXP 	slider: markerPos = 4.020833333333333
34.6022 	EXP 	slider: markerPos = 4.020833333333333
34.6027 	DATA 	Mouse:  Left button up, pos=(1085,177)
34.6352 	EXP 	slider: markerPos = 4
34.7632 	DATA 	Mouse: Left button down, pos=(1157,180)
34.7749 	EXP 	New trial (rep=0, index=18): OrderedDict([('stimFile', 'stims\\IMG_0019.jpg'), ('correctAnswer', 4), ('intensity', 2), ('stimuliGender', 2)])
34.8521 	EXP 	image: autoDraw = False
34.8521 	EXP 	slider: autoDraw = False
34.8521 	EXP 	next_button: autoDraw = False
34.8521 	EXP 	image: image = 'stims\\IMG_0019.jpg'
34.8521 	EXP 	slider: markerPos = None
34.8521 	EXP 	slider: markerPos = None
34.8521 	EXP 	slider: autoDraw = True
34.8521 	EXP 	next_button: autoDraw = True
34.8630 	DATA 	Mouse:  Left button up, pos=(1157,180)
34.9524 	EXP 	image: autoDraw = True
35.2135 	DATA 	Mouse: Left button down, pos=(1073,178)
35.2527 	EXP 	slider: markerPos = 3.970833333333333
35.2860 	EXP 	slider: markerPos = 3.970833333333333
35.3193 	EXP 	slider: markerPos = 3.970833333333333
35.3198 	DATA 	Mouse:  Left button up, pos=(1073,178)
35.3528 	EXP 	slider: markerPos = 4
35.4808 	DATA 	Mouse: Left button down, pos=(1154,176)
35.4925 	EXP 	New trial (rep=0, index=19): OrderedDict([('stimFile', 'stims\\IMG_0020.jpg'), ('correctAnswer', 3), ('intensity', 1), ('stimuliGender', 2)])
35.5862 	EXP 	image: autoDraw = False
35.5862 	EXP 	slider: autoDraw = False
35.5862 	EXP 	next_button: autoDraw = False
35.5862 	EXP 	image: image = 'stims\\IMG_0020.jpg'
35.5862 	EXP 	slider: markerPos = None
35.5862 	EXP 	slider: markerPos = None
35.5862 	EXP 	slider: autoDraw = True
35.5862 	EXP 	next_button: autoDraw = True
35.5969 	DATA 	Mouse:  Left button up, pos=(1154,176)
35.6529 	EXP 	image: autoDraw = True
35.9475 	DATA 	Mouse: Left button down, pos=(1084,184)
35.9868 	EXP 	slider: markerPos = 4.016666666666667
36.0200 	EXP 	slider: markerPos = 4.016666666666667
36.0206 	DATA 	Mouse:  Left button up, pos=(1084,184)
36.0533 	EXP 	slider: markerPos = 4
36.2483 	DATA 	Mouse: Left button down, pos=(1155,181)
36.2596 	EXP 	New trial (rep=0, index=20): OrderedDict([('stimFile', 'stims\\IMG_0021.jpg'), ('correctAnswer', 4), ('intensity', 2), ('stimuliGender', 2)])
36.3290 	DATA 	Mouse:  Left button up, pos=(1155,181)
36.3370 	EXP 	image: autoDraw = False
36.3370 	EXP 	slider: autoDraw = False
36.3370 	EXP 	next_button: autoDraw = False
36.3370 	EXP 	image: image = 'stims\\IMG_0021.jpg'
36.3370 	EXP 	slider: markerPos = None
36.3370 	EXP 	slider: markerPos = None
36.3370 	EXP 	slider: autoDraw = True
36.3370 	EXP 	next_button: autoDraw = True
36.4036 	EXP 	image: autoDraw = True
36.6985 	DATA 	Mouse: Left button down, pos=(1081,177)
36.7372 	EXP 	slider: markerPos = 4.004166666666666
36.7707 	EXP 	slider: markerPos = 4.004166666666666
36.7883 	DATA 	Mouse:  Left button up, pos=(1081,177)
36.8040 	EXP 	slider: markerPos = 4.004166666666666
36.8373 	EXP 	slider: markerPos = 4
37.0215 	DATA 	Mouse: Left button down, pos=(1132,185)
37.0275 	EXP 	New trial (rep=0, index=21): OrderedDict([('stimFile', 'stims\\IMG_0022.jpg'), ('correctAnswer', 3), ('intensity', 2), ('stimuliGender', 2)])
37.1043 	EXP 	image: autoDraw = False
37.1043 	EXP 	slider: autoDraw = False
37.1043 	EXP 	next_button: autoDraw = False
37.1043 	EXP 	image: image = 'stims\\IMG_0022.jpg'
37.1043 	EXP 	slider: markerPos = None
37.1043 	EXP 	slider: markerPos = None
37.1043 	EXP 	slider: autoDraw = True
37.1043 	EXP 	next_button: autoDraw = True
37.1049 	DATA 	Mouse:  Left button up, pos=(1132,185)
37.1710 	EXP 	image: autoDraw = True
37.4232 	DATA 	Mouse: Left button down, pos=(1064,183)
37.4546 	EXP 	slider: markerPos = 3.9333333333333336
37.4880 	EXP 	slider: markerPos = 3.9333333333333336
37.5214 	EXP 	slider: markerPos = 3.9333333333333336
37.5223 	DATA 	Mouse:  Left button up, pos=(1064,184)
37.5549 	EXP 	slider: markerPos = 4
37.7223 	DATA 	Mouse: Left button down, pos=(1154,170)
37.7283 	EXP 	New trial (rep=0, index=22): OrderedDict([('stimFile', 'stims\\IMG_0023.jpg'), ('correctAnswer', 1), ('intensity', 2), ('stimuliGender', 2)])
37.8217 	EXP 	image: autoDraw = False
37.8217 	EXP 	slider: autoDraw = False
37.8217 	EXP 	next_button: autoDraw = False
37.8217 	EXP 	image: image = 'stims\\IMG_0023.jpg'
37.8217 	EXP 	slider: markerPos = None
37.8217 	EXP 	slider: markerPos = None
37.8217 	EXP 	slider: autoDraw = True
37.8217 	EXP 	next_button: autoDraw = True
37.8224 	DATA 	Mouse:  Left button up, pos=(1154,170)
37.8883 	EXP 	image: autoDraw = True
38.1490 	DATA 	Mouse: Left button down, pos=(1079,176)
38.1886 	EXP 	slider: markerPos = 3.9958333333333336
38.2221 	EXP 	slider: markerPos = 3.9958333333333336
38.2553 	EXP 	slider: markerPos = 3.9958333333333336
38.2558 	DATA 	Mouse:  Left button up, pos=(1079,176)
38.2888 	EXP 	slider: markerPos = 4
38.4233 	DATA 	Mouse: Left button down, pos=(1145,181)
38.4295 	EXP 	New trial (rep=0, index=23): OrderedDict([('stimFile', 'stims\\IMG_0024.jpg'), ('correctAnswer', 1), ('intensity', 2), ('stimuliGender', 2)])
38.5057 	EXP 	image: autoDraw = False
38.5057 	EXP 	slider: autoDraw = False
38.5057 	EXP 	next_button: autoDraw = False
38.5057 	EXP 	image: image = 'stims\\IMG_0024.jpg'
38.5057 	EXP 	slider: markerPos = None
38.5057 	EXP 	slider: markerPos = None
38.5057 	EXP 	slider: autoDraw = True
38.5057 	EXP 	next_button: autoDraw = True
38.5063 	DATA 	Mouse:  Left button up, pos=(1145,181)
38.5890 	EXP 	image: autoDraw = True
38.9248 	DATA 	Mouse: Left button down, pos=(1068,180)
38.9729 	EXP 	slider: markerPos = 3.95
39.0064 	EXP 	slider: markerPos = 3.95
39.0081 	DATA 	Mouse:  Left button up, pos=(1068,180)
39.0396 	EXP 	slider: markerPos = 4
39.2022 	DATA 	Mouse: Left button down, pos=(1145,175)
39.6920 	DATA 	Mouse:  Left button up, pos=(1145,175)
39.7070 	EXP 	image: autoDraw = False
39.7070 	EXP 	slider: autoDraw = False
39.7070 	EXP 	next_button: autoDraw = False
40.2031 	EXP 	window1: mouseVisible = True
