3.1257 	WARNING 	We strongly recommend you activate the PTB sound engine in PsychoPy prefs as the preferred audio engine. Its timing is vastly superior. Your prefs are currently set to use ['sounddevice', 'PTB', 'pyo', 'pygame'] (in that order).
14.5456 	WARNING 	User requested fullscreen with size [1920 1080], but screen is actually [1440, 900]. Using actual size
15.7893 	EXP 	Created window1 = Window(allowGUI=False, allowStencil=False, autoLog=True, backendConf=UNKNOWN, bitsMode=UNKNOWN, blendMode='avg', bpc=(8, 8, 8), color=array([-0.396, -0.396, -0.396]), colorSpace='rgb', depthBits=8, fullscr=<method-wrapper '__getattribute__' of attributeSetter object at 0x000002C44D4F3D90>, gamma=None, gammaErrorPolicy='raise', lms=UNKNOWN, monitor=<psychopy.monitors.calibTools.Monitor object at 0x000002C4269EB520>, multiSample=False, name='window1', numSamples=2, pos=(1372, -900), screen=1, size=array([1440,  900]), stencilBits=0, stereo=False, units='norm', useFBO=True, useRetina=False, viewOri=0.0, viewPos=None, viewScale=None, waitBlanking=True, winType='pyglet')
15.7894 	EXP 	window1: mouseVisible = True
15.7894 	EXP 	window1: Attempting to measure frame rate of screen (1) ...
15.7895 	EXP 	window1: recordFrameIntervals = False
15.9551 	EXP 	window1: recordFrameIntervals = True
16.1387 	EXP 	Screen (1) actual frame rate measured at 59.94Hz
16.1387 	EXP 	window1: recordFrameIntervals = False
19.6536 	EXP 	Created Instructions = TextStim(__class__=<class 'psychopy.visual.text.TextStim'>, alignHoriz=method-wrapper(...), alignText='center', alignVert=method-wrapper(...), anchorHoriz='center', anchorVert='center', antialias=True, autoLog=True, bold=False, color=array([1., 1., 1.]), colorSpace='rgb', contrast=1.0, depth=0.0, flipHoriz=False, flipVert=False, font='Arial', fontFiles=[], height=0.1, italic=False, languageStyle='LTR', name='Instructions', opacity=1.0, ori=0, pos=array([0., 0.]), rgb=UNKNOWN, text=str(...), units='norm', win=Window(...), wrapWidth=1)
19.6537 	EXP 	window1: mouseVisible = True
19.6597 	EXP 	Created image = ImageStim(__class__=<class 'psychopy.visual.image.ImageStim'>, anchor=('center', 'center'), autoLog=True, color=array([1., 1., 1.]), colorSpace='rgb', contrast=1.0, depth=0.0, flipHoriz=False, flipVert=False, image='sin', interpolate=True, mask=None, maskParams=None, name='image', opacity=1.0, ori=0.0, pos=array([0., 0.]), size=array([0.6936, 0.4704]), texRes=128, units='height', win=Window(...))
19.6861 	EXP 	window1: mouseVisible = True
19.8427 	EXP 	Created slider = Slider(__class__=<class 'psychopy.visual.slider.Slider'>, autoDraw=False, autoLog=True, borderColor=None, color=None, colorSpace='rgb', depth=-1, fillColor=None, flip=False, font='Arial', granularity=1, labelColor=None, labelHeight=0.05, labelWrapWidth=None, labels=['HAPPY', 'SAD', 'ANGRY', 'FEARFUL'], lineColor=None, markerColor=None, name='slider', opacity=None, ori=0, pos=array([ 0. , -0.6]), readOnly=False, self=UNKNOWN, size=array([1. , 0.1]), startValue=None, style=['rating'], styleTweaks=[], ticks=array([1, 2, 3, 4]), units='norm', win=Window(...))
19.8517 	EXP 	Created next_button = TextStim(__class__=<class 'psychopy.visual.text.TextStim'>, alignHoriz=method-wrapper(...), alignText='center', alignVert=method-wrapper(...), anchorHoriz='center', anchorVert='center', antialias=True, autoLog=True, bold=False, color=array([1., 1., 1.]), colorSpace='rgb', contrast=1.0, depth=-2.0, flipHoriz=False, flipVert=False, font='Arial', fontFiles=[], height=0.1, italic=False, languageStyle='LTR', name='next_button', opacity=1.0, ori=0, pos=array([ 0.7, -0.6]), rgb=UNKNOWN, text='CONTINUE', units='norm', win=Window(...), wrapWidth=1)
19.8518 	EXP 	window1: mouseVisible = True
19.8595 	EXP 	slider: autoLog = True
19.8595 	EXP 	slider: markerPos = None
19.8595 	EXP 	slider: styleTweaks = []
19.8595 	EXP 	slider: styleTweaks = []
19.8595 	EXP 	slider: styleTweaks = []
19.8595 	EXP 	slider: styleTweaks = []
19.8595 	EXP 	slider: contrast = 1.0
19.8595 	EXP 	slider: autoLog = True
19.8595 	EXP 	Instructions: autoDraw = True
41.7974 	DATA 	Mouse: Left button down, pos=(510,325)
41.8036 	EXP 	Imported facesBlock.csv as conditions, 24 conditions, 4 params
41.8041 	EXP 	Created sequence: sequential, trialTypes=24, nReps=1, seed=None
41.8044 	EXP 	New trial (rep=0, index=0): OrderedDict([('stimFile', 'stims\\IMG_0001.jpg'), ('correctAnswer', 1), ('intensity', 2), ('stimuliGender', 1)])
41.8962 	EXP 	Instructions: autoDraw = False
41.8962 	EXP 	image: image = 'stims\\IMG_0001.jpg'
41.8962 	EXP 	slider: markerPos = None
41.8962 	EXP 	slider: markerPos = None
41.8962 	EXP 	slider: autoDraw = True
41.8962 	EXP 	next_button: autoDraw = True
41.9073 	DATA 	Mouse:  Left button up, pos=(510,325)
41.9798 	EXP 	image: autoDraw = True
42.8413 	DATA 	Mouse: Left button down, pos=(1082,176)
42.8807 	EXP 	slider: markerPos = 4.008333333333333
42.9139 	EXP 	slider: markerPos = 4.008333333333333
42.9307 	DATA 	Mouse:  Left button up, pos=(1083,177)
42.9475 	EXP 	slider: markerPos = 4.0125
42.9807 	EXP 	slider: markerPos = 4
43.0819 	DATA 	Mouse: Left button down, pos=(1143,188)
43.0889 	EXP 	New trial (rep=0, index=1): OrderedDict([('stimFile', 'stims\\IMG_0002.jpg'), ('correctAnswer', 4), ('intensity', 1), ('stimuliGender', 1)])
43.1640 	EXP 	image: autoDraw = False
43.1640 	EXP 	slider: autoDraw = False
43.1640 	EXP 	next_button: autoDraw = False
43.1640 	EXP 	image: image = 'stims\\IMG_0002.jpg'
43.1640 	EXP 	slider: markerPos = None
43.1640 	EXP 	slider: markerPos = None
43.1640 	EXP 	slider: autoDraw = True
43.1640 	EXP 	next_button: autoDraw = True
43.1754 	DATA 	Mouse:  Left button up, pos=(1143,188)
43.2474 	EXP 	image: autoDraw = True
43.5435 	DATA 	Mouse: Left button down, pos=(1089,180)
43.5811 	EXP 	slider: markerPos = 4.0375
43.6145 	EXP 	slider: markerPos = 4.0375
43.6317 	DATA 	Mouse:  Left button up, pos=(1091,180)
43.6479 	EXP 	slider: markerPos = 4.041666666666666
43.6812 	EXP 	slider: markerPos = 4
43.7774 	DATA 	Mouse: Left button down, pos=(1145,186)
43.7881 	EXP 	New trial (rep=0, index=2): OrderedDict([('stimFile', 'stims\\IMG_0003.jpg'), ('correctAnswer', 3), ('intensity', 2), ('stimuliGender', 1)])
43.8625 	DATA 	Mouse:  Left button up, pos=(1146,186)
43.8814 	EXP 	image: autoDraw = False
43.8814 	EXP 	slider: autoDraw = False
43.8814 	EXP 	next_button: autoDraw = False
43.8814 	EXP 	image: image = 'stims\\IMG_0003.jpg'
43.8814 	EXP 	slider: markerPos = None
43.8814 	EXP 	slider: markerPos = None
43.8814 	EXP 	slider: autoDraw = True
43.8814 	EXP 	next_button: autoDraw = True
43.9481 	EXP 	image: autoDraw = True
44.2597 	DATA 	Mouse: Left button down, pos=(1090,176)
44.2986 	EXP 	slider: markerPos = 4.041666666666666
44.3318 	EXP 	slider: markerPos = 4.041666666666666
44.3335 	DATA 	Mouse:  Left button up, pos=(1091,176)
44.3654 	EXP 	slider: markerPos = 4
44.5435 	DATA 	Mouse: Left button down, pos=(1151,186)
44.5551 	EXP 	New trial (rep=0, index=3): OrderedDict([('stimFile', 'stims\\IMG_0004.jpg'), ('correctAnswer', 1), ('intensity', 1), ('stimuliGender', 1)])
44.7216 	DATA 	Mouse:  Left button up, pos=(1151,187)
44.7489 	EXP 	image: autoDraw = False
44.7489 	EXP 	slider: autoDraw = False
44.7489 	EXP 	next_button: autoDraw = False
44.7489 	EXP 	image: image = 'stims\\IMG_0004.jpg'
44.7489 	EXP 	slider: markerPos = None
44.7489 	EXP 	slider: markerPos = None
44.7489 	EXP 	slider: autoDraw = True
44.7489 	EXP 	next_button: autoDraw = True
44.9824 	EXP 	image: autoDraw = True
45.1467 	DATA 	Mouse: Left button down, pos=(1073,176)
45.1828 	EXP 	slider: markerPos = 3.970833333333333
45.2161 	EXP 	slider: markerPos = 3.970833333333333
45.2352 	DATA 	Mouse:  Left button up, pos=(1076,177)
45.2495 	EXP 	slider: markerPos = 3.975
45.2830 	EXP 	slider: markerPos = 4
45.4501 	DATA 	Mouse: Left button down, pos=(1161,196)
45.4564 	EXP 	New trial (rep=0, index=4): OrderedDict([('stimFile', 'stims\\IMG_0005.jpg'), ('correctAnswer', 3), ('intensity', 1), ('stimuliGender', 1)])
45.5330 	EXP 	image: autoDraw = False
45.5330 	EXP 	slider: autoDraw = False
45.5330 	EXP 	next_button: autoDraw = False
45.5330 	EXP 	image: image = 'stims\\IMG_0005.jpg'
45.5330 	EXP 	slider: markerPos = None
45.5330 	EXP 	slider: markerPos = None
45.5330 	EXP 	slider: autoDraw = True
45.5330 	EXP 	next_button: autoDraw = True
45.5501 	DATA 	Mouse:  Left button up, pos=(1162,196)
45.6832 	EXP 	image: autoDraw = True
45.8504 	DATA 	Mouse: Left button down, pos=(1185,192)
45.8567 	EXP 	New trial (rep=0, index=5): OrderedDict([('stimFile', 'stims\\IMG_0006.jpg'), ('correctAnswer', 2), ('intensity', 2), ('stimuliGender', 1)])
46.0294 	DATA 	Mouse:  Left button up, pos=(1185,193)
46.0403 	DATA 	Mouse: Left button down, pos=(1185,193)
46.0503 	EXP 	image: autoDraw = False
46.0503 	EXP 	slider: autoDraw = False
46.0503 	EXP 	next_button: autoDraw = False
46.0503 	EXP 	image: image = 'stims\\IMG_0006.jpg'
46.0503 	EXP 	slider: markerPos = None
46.0503 	EXP 	slider: markerPos = None
46.0503 	EXP 	slider: autoDraw = True
46.0503 	EXP 	next_button: autoDraw = True
46.0571 	EXP 	New trial (rep=0, index=6): OrderedDict([('stimFile', 'stims\\IMG_0007.jpg'), ('correctAnswer', 1), ('intensity', 1), ('stimuliGender', 1)])
46.1288 	DATA 	Mouse:  Left button up, pos=(1185,194)
46.1335 	EXP 	image: autoDraw = False
46.1335 	EXP 	slider: autoDraw = False
46.1335 	EXP 	next_button: autoDraw = False
46.1335 	EXP 	image: image = 'stims\\IMG_0007.jpg'
46.1335 	EXP 	slider: markerPos = None
46.1335 	EXP 	slider: markerPos = None
46.1335 	EXP 	slider: autoDraw = True
46.1335 	EXP 	next_button: autoDraw = True
46.2168 	EXP 	image: autoDraw = True
46.2845 	DATA 	Mouse: Left button down, pos=(1185,195)
46.3066 	EXP 	New trial (rep=0, index=7): OrderedDict([('stimFile', 'stims\\IMG_0008.jpg'), ('correctAnswer', 4), ('intensity', 1), ('stimuliGender', 1)])
46.3674 	DATA 	Mouse:  Left button up, pos=(1185,195)
46.3836 	EXP 	image: autoDraw = False
46.3836 	EXP 	slider: autoDraw = False
46.3836 	EXP 	next_button: autoDraw = False
46.3836 	EXP 	image: image = 'stims\\IMG_0008.jpg'
46.3836 	EXP 	slider: markerPos = None
46.3836 	EXP 	slider: markerPos = None
46.3836 	EXP 	slider: autoDraw = True
46.3836 	EXP 	next_button: autoDraw = True
46.4671 	EXP 	image: autoDraw = True
46.4948 	DATA 	Mouse: Left button down, pos=(1185,195)
46.5070 	EXP 	New trial (rep=0, index=8): OrderedDict([('stimFile', 'stims\\IMG_0009.jpg'), ('correctAnswer', 4), ('intensity', 2), ('stimuliGender', 1)])
46.5840 	EXP 	image: autoDraw = False
46.5840 	EXP 	slider: autoDraw = False
46.5840 	EXP 	next_button: autoDraw = False
46.5840 	EXP 	image: image = 'stims\\IMG_0009.jpg'
46.5840 	EXP 	slider: markerPos = None
46.5840 	EXP 	slider: markerPos = None
46.5840 	EXP 	slider: autoDraw = True
46.5840 	EXP 	next_button: autoDraw = True
46.5847 	DATA 	Mouse:  Left button up, pos=(1185,196)
46.6674 	EXP 	image: autoDraw = True
46.7348 	DATA 	Mouse: Left button down, pos=(1185,196)
46.7409 	EXP 	New trial (rep=0, index=9): OrderedDict([('stimFile', 'stims\\IMG_0010.jpg'), ('correctAnswer', 1), ('intensity', 1), ('stimuliGender', 1)])
46.8175 	EXP 	image: autoDraw = False
46.8175 	EXP 	slider: autoDraw = False
46.8175 	EXP 	next_button: autoDraw = False
46.8175 	EXP 	image: image = 'stims\\IMG_0010.jpg'
46.8175 	EXP 	slider: markerPos = None
46.8175 	EXP 	slider: markerPos = None
46.8175 	EXP 	slider: autoDraw = True
46.8175 	EXP 	next_button: autoDraw = True
46.8182 	DATA 	Mouse:  Left button up, pos=(1185,197)
46.9010 	EXP 	image: autoDraw = True
46.9641 	DATA 	Mouse: Left button down, pos=(1185,197)
46.9749 	EXP 	New trial (rep=0, index=10): OrderedDict([('stimFile', 'stims\\IMG_0011.jpg'), ('correctAnswer', 2), ('intensity', 2), ('stimuliGender', 1)])
47.0519 	DATA 	Mouse:  Left button up, pos=(1185,198)
47.0680 	EXP 	image: autoDraw = False
47.0680 	EXP 	slider: autoDraw = False
47.0680 	EXP 	next_button: autoDraw = False
47.0680 	EXP 	image: image = 'stims\\IMG_0011.jpg'
47.0680 	EXP 	slider: markerPos = None
47.0680 	EXP 	slider: markerPos = None
47.0680 	EXP 	slider: autoDraw = True
47.0680 	EXP 	next_button: autoDraw = True
47.1848 	EXP 	image: autoDraw = True
47.1856 	DATA 	Mouse: Left button down, pos=(1185,198)
47.1923 	EXP 	New trial (rep=0, index=11): OrderedDict([('stimFile', 'stims\\IMG_0012.jpg'), ('correctAnswer', 3), ('intensity', 1), ('stimuliGender', 1)])
47.2849 	EXP 	image: autoDraw = False
47.2849 	EXP 	slider: autoDraw = False
47.2849 	EXP 	next_button: autoDraw = False
47.2849 	EXP 	image: image = 'stims\\IMG_0012.jpg'
47.2849 	EXP 	slider: markerPos = None
47.2849 	EXP 	slider: markerPos = None
47.2849 	EXP 	slider: autoDraw = True
47.2849 	EXP 	next_button: autoDraw = True
47.2963 	DATA 	Mouse:  Left button up, pos=(1185,198)
47.3683 	EXP 	image: autoDraw = True
47.4505 	DATA 	Mouse: Left button down, pos=(1185,198)
47.4754 	EXP 	New trial (rep=0, index=12): OrderedDict([('stimFile', 'stims\\IMG_0013.jpg'), ('correctAnswer', 2), ('intensity', 1), ('stimuliGender', 2)])
47.5422 	DATA 	Mouse:  Left button up, pos=(1185,198)
47.5515 	EXP 	image: autoDraw = False
47.5515 	EXP 	slider: autoDraw = False
47.5515 	EXP 	next_button: autoDraw = False
47.5515 	EXP 	image: image = 'stims\\IMG_0013.jpg'
47.5515 	EXP 	slider: markerPos = None
47.5515 	EXP 	slider: markerPos = None
47.5515 	EXP 	slider: autoDraw = True
47.5515 	EXP 	next_button: autoDraw = True
47.6350 	EXP 	image: autoDraw = True
47.6959 	DATA 	Mouse: Left button down, pos=(1185,198)
47.7080 	EXP 	New trial (rep=0, index=13): OrderedDict([('stimFile', 'stims\\IMG_0014.jpg'), ('correctAnswer', 2), ('intensity', 1), ('stimuliGender', 2)])
47.7851 	EXP 	image: autoDraw = False
47.7851 	EXP 	slider: autoDraw = False
47.7851 	EXP 	next_button: autoDraw = False
47.7851 	EXP 	image: image = 'stims\\IMG_0014.jpg'
47.7851 	EXP 	slider: markerPos = None
47.7851 	EXP 	slider: markerPos = None
47.7851 	EXP 	slider: autoDraw = True
47.7851 	EXP 	next_button: autoDraw = True
47.8125 	DATA 	Mouse:  Left button up, pos=(1185,198)
47.8518 	EXP 	image: autoDraw = True
47.9793 	DATA 	Mouse: Left button down, pos=(1185,198)
47.9915 	EXP 	New trial (rep=0, index=14): OrderedDict([('stimFile', 'stims\\IMG_0015.jpg'), ('correctAnswer', 3), ('intensity', 2), ('stimuliGender', 2)])
48.0687 	EXP 	image: autoDraw = False
48.0687 	EXP 	slider: autoDraw = False
48.0687 	EXP 	next_button: autoDraw = False
48.0687 	EXP 	image: image = 'stims\\IMG_0015.jpg'
48.0687 	EXP 	slider: markerPos = None
48.0687 	EXP 	slider: markerPos = None
48.0687 	EXP 	slider: autoDraw = True
48.0687 	EXP 	next_button: autoDraw = True
48.0795 	DATA 	Mouse:  Left button up, pos=(1185,198)
48.1521 	EXP 	image: autoDraw = True
48.2294 	DATA 	Mouse: Left button down, pos=(1185,198)
48.2422 	EXP 	New trial (rep=0, index=15): OrderedDict([('stimFile', 'stims\\IMG_0016.jpg'), ('correctAnswer', 4), ('intensity', 1), ('stimuliGender', 2)])
48.3054 	DATA 	Mouse:  Left button up, pos=(1185,199)
48.3189 	EXP 	image: autoDraw = False
48.3189 	EXP 	slider: autoDraw = False
48.3189 	EXP 	next_button: autoDraw = False
48.3189 	EXP 	image: image = 'stims\\IMG_0016.jpg'
48.3189 	EXP 	slider: markerPos = None
48.3189 	EXP 	slider: markerPos = None
48.3189 	EXP 	slider: autoDraw = True
48.3189 	EXP 	next_button: autoDraw = True
48.4023 	EXP 	image: autoDraw = True
48.4471 	DATA 	Mouse: Left button down, pos=(1185,199)
48.4588 	EXP 	New trial (rep=0, index=16): OrderedDict([('stimFile', 'stims\\IMG_0017.jpg'), ('correctAnswer', 2), ('intensity', 1), ('stimuliGender', 2)])
48.5359 	EXP 	image: autoDraw = False
48.5359 	EXP 	slider: autoDraw = False
48.5359 	EXP 	next_button: autoDraw = False
48.5359 	EXP 	image: image = 'stims\\IMG_0017.jpg'
48.5359 	EXP 	slider: markerPos = None
48.5359 	EXP 	slider: markerPos = None
48.5359 	EXP 	slider: autoDraw = True
48.5359 	EXP 	next_button: autoDraw = True
48.5364 	DATA 	Mouse:  Left button up, pos=(1185,199)
48.6191 	EXP 	image: autoDraw = True
48.6635 	DATA 	Mouse: Left button down, pos=(1185,199)
48.6757 	EXP 	New trial (rep=0, index=17): OrderedDict([('stimFile', 'stims\\IMG_0018.jpg'), ('correctAnswer', 2), ('intensity', 2), ('stimuliGender', 2)])
48.7424 	DATA 	Mouse:  Left button up, pos=(1185,199)
48.7527 	EXP 	image: autoDraw = False
48.7527 	EXP 	slider: autoDraw = False
48.7527 	EXP 	next_button: autoDraw = False
48.7527 	EXP 	image: image = 'stims\\IMG_0018.jpg'
48.7527 	EXP 	slider: markerPos = None
48.7527 	EXP 	slider: markerPos = None
48.7527 	EXP 	slider: autoDraw = True
48.7527 	EXP 	next_button: autoDraw = True
48.8193 	EXP 	image: autoDraw = True
48.8803 	DATA 	Mouse: Left button down, pos=(1185,199)
48.8922 	EXP 	New trial (rep=0, index=18): OrderedDict([('stimFile', 'stims\\IMG_0019.jpg'), ('correctAnswer', 4), ('intensity', 2), ('stimuliGender', 2)])
48.9486 	DATA 	Mouse:  Left button up, pos=(1185,199)
48.9695 	EXP 	image: autoDraw = False
48.9695 	EXP 	slider: autoDraw = False
48.9695 	EXP 	next_button: autoDraw = False
48.9695 	EXP 	image: image = 'stims\\IMG_0019.jpg'
48.9695 	EXP 	slider: markerPos = None
48.9695 	EXP 	slider: markerPos = None
48.9695 	EXP 	slider: autoDraw = True
48.9695 	EXP 	next_button: autoDraw = True
49.0363 	EXP 	image: autoDraw = True
49.1803 	DATA 	Mouse: Left button down, pos=(1185,199)
49.1926 	EXP 	New trial (rep=0, index=19): OrderedDict([('stimFile', 'stims\\IMG_0020.jpg'), ('correctAnswer', 3), ('intensity', 1), ('stimuliGender', 2)])
49.2700 	EXP 	image: autoDraw = False
49.2700 	EXP 	slider: autoDraw = False
49.2700 	EXP 	next_button: autoDraw = False
49.2700 	EXP 	image: image = 'stims\\IMG_0020.jpg'
49.2700 	EXP 	slider: markerPos = None
49.2700 	EXP 	slider: markerPos = None
49.2700 	EXP 	slider: autoDraw = True
49.2700 	EXP 	next_button: autoDraw = True
49.2707 	DATA 	Mouse:  Left button up, pos=(1185,199)
49.3365 	EXP 	image: autoDraw = True
49.4970 	DATA 	Mouse: Left button down, pos=(1185,199)
49.5097 	EXP 	New trial (rep=0, index=20): OrderedDict([('stimFile', 'stims\\IMG_0021.jpg'), ('correctAnswer', 4), ('intensity', 2), ('stimuliGender', 2)])
49.5868 	EXP 	image: autoDraw = False
49.5868 	EXP 	slider: autoDraw = False
49.5868 	EXP 	next_button: autoDraw = False
49.5868 	EXP 	image: image = 'stims\\IMG_0021.jpg'
49.5868 	EXP 	slider: markerPos = None
49.5868 	EXP 	slider: markerPos = None
49.5868 	EXP 	slider: autoDraw = True
49.5868 	EXP 	next_button: autoDraw = True
49.5978 	DATA 	Mouse:  Left button up, pos=(1185,199)
49.6535 	EXP 	image: autoDraw = True
49.8655 	DATA 	Mouse: Left button down, pos=(1185,199)
49.8771 	EXP 	New trial (rep=0, index=21): OrderedDict([('stimFile', 'stims\\IMG_0022.jpg'), ('correctAnswer', 3), ('intensity', 2), ('stimuliGender', 2)])
49.9538 	EXP 	image: autoDraw = False
49.9538 	EXP 	slider: autoDraw = False
49.9538 	EXP 	next_button: autoDraw = False
49.9538 	EXP 	image: image = 'stims\\IMG_0022.jpg'
49.9538 	EXP 	slider: markerPos = None
49.9538 	EXP 	slider: markerPos = None
49.9538 	EXP 	slider: autoDraw = True
49.9538 	EXP 	next_button: autoDraw = True
49.9810 	DATA 	Mouse:  Left button up, pos=(1185,199)
50.0372 	EXP 	image: autoDraw = True
50.2549 	DATA 	Mouse: Left button down, pos=(1185,199)
50.2658 	EXP 	New trial (rep=0, index=22): OrderedDict([('stimFile', 'stims\\IMG_0023.jpg'), ('correctAnswer', 1), ('intensity', 2), ('stimuliGender', 2)])
50.3856 	DATA 	Mouse:  Left button up, pos=(1185,199)
50.4212 	EXP 	image: autoDraw = False
50.4212 	EXP 	slider: autoDraw = False
50.4212 	EXP 	next_button: autoDraw = False
50.4212 	EXP 	image: image = 'stims\\IMG_0023.jpg'
50.4212 	EXP 	slider: markerPos = None
50.4212 	EXP 	slider: markerPos = None
50.4212 	EXP 	slider: autoDraw = True
50.4212 	EXP 	next_button: autoDraw = True
50.4879 	EXP 	image: autoDraw = True
50.6218 	DATA 	Mouse: Left button down, pos=(1185,199)
50.6280 	EXP 	New trial (rep=0, index=23): OrderedDict([('stimFile', 'stims\\IMG_0024.jpg'), ('correctAnswer', 1), ('intensity', 2), ('stimuliGender', 2)])
50.7047 	EXP 	image: autoDraw = False
50.7047 	EXP 	slider: autoDraw = False
50.7047 	EXP 	next_button: autoDraw = False
50.7047 	EXP 	image: image = 'stims\\IMG_0024.jpg'
50.7047 	EXP 	slider: markerPos = None
50.7047 	EXP 	slider: markerPos = None
50.7047 	EXP 	slider: autoDraw = True
50.7047 	EXP 	next_button: autoDraw = True
50.7383 	DATA 	Mouse:  Left button up, pos=(1185,199)
50.7880 	EXP 	image: autoDraw = True
50.9657 	DATA 	Mouse: Left button down, pos=(1185,199)
50.9882 	EXP 	image: autoDraw = False
50.9882 	EXP 	slider: autoDraw = False
50.9882 	EXP 	next_button: autoDraw = False
56.3833 	EXP 	window1: mouseVisible = True
