6.6868 	WARNING 	We strongly recommend you activate the PTB sound engine in PsychoPy prefs as the preferred audio engine. Its timing is vastly superior. Your prefs are currently set to use ['sounddevice', 'PTB', 'pyo', 'pygame'] (in that order).
43.2895 	WARNING 	Requested an unavailable screen number - using first available.
43.2997 	WARNING 	User requested fullscreen with size [1920 1080], but screen is actually [1920, 1280]. Using actual size
47.6972 	EXP 	Created window1 = Window(allowGUI=False, allowStencil=False, autoLog=True, backendConf=UNKNOWN, bitsMode=UNKNOWN, blendMode='avg', bpc=(8, 8, 8), color=array([-0.396, -0.396, -0.396]), colorSpace='rgb', depthBits=8, fullscr=<method-wrapper '__getattribute__' of attributeSetter object at 0x0000023AF252C070>, gamma=None, gammaErrorPolicy='raise', lms=UNKNOWN, monitor=<psychopy.monitors.calibTools.Monitor object at 0x0000023AF761B970>, multiSample=False, name='window1', numSamples=2, pos=(0, 0), screen=1, size=array([1920, 1280]), stencilBits=0, stereo=False, units='norm', useFBO=True, useRetina=False, viewOri=0.0, viewPos=None, viewScale=None, waitBlanking=True, winType='pyglet')
47.6978 	EXP 	window1: mouseVisible = True
47.6979 	EXP 	window1: Attempting to measure frame rate of screen (1) ...
47.6979 	EXP 	window1: recordFrameIntervals = False
47.8604 	EXP 	window1: recordFrameIntervals = True
48.0445 	EXP 	Screen (1) actual frame rate measured at 59.95Hz
48.0446 	EXP 	window1: recordFrameIntervals = False
54.0067 	EXP 	Created Instructions = TextStim(__class__=<class 'psychopy.visual.text.TextStim'>, alignHoriz=method-wrapper(...), alignText='center', alignVert=method-wrapper(...), anchorHoriz='center', anchorVert='center', antialias=True, autoDraw=False, autoLog=True, bold=False, color=array([1, 1, 1]), colorSpace='rgb', contrast=1.0, depth=0.0, flipHoriz=False, flipVert=False, font='Arial', fontFiles=[], height=0.1, italic=False, languageStyle='LTR', name='Instructions', opacity=1.0, ori=0, pos=array([0., 0.]), rgb=UNKNOWN, text=str(...), units='norm', win=Window(...), wrapWidth=1)
54.0068 	EXP 	window1: mouseVisible = True
54.0290 	EXP 	Created image = ImageStim(__class__=<class 'psychopy.visual.image.ImageStim'>, anchor=('center', 'center'), autoLog=True, color=array([1, 1, 1]), colorSpace='rgb', contrast=1.0, depth=0.0, flipHoriz=False, flipVert=False, image='sin', interpolate=True, mask=None, maskParams=None, name='image', opacity=1.0, ori=0.0, pos=array([0., 0.]), size=array([0.6936, 0.4704]), texRes=128, units='height', win=Window(...))
54.0418 	EXP 	window1: mouseVisible = True
54.3619 	EXP 	Created slider = Slider(__class__=<class 'psychopy.visual.slider.Slider'>, autoDraw=False, autoLog=True, borderColor=None, color=None, colorSpace='rgb', depth=-1, fillColor=None, flip=False, font='Arial', granularity=1, labelColor=None, labelHeight=0.05, labelWrapWidth=None, labels=['HAPPY', 'SAD', 'ANGRY', 'FEARFUL'], lineColor=None, markerColor=None, name='slider', opacity=None, ori=0, pos=array([ 0. , -0.6]), readOnly=False, self=UNKNOWN, size=array([1. , 0.1]), startValue=None, style=['rating'], styleTweaks=[], ticks=array([1, 2, 3, 4]), units='norm', win=Window(...))
54.3794 	EXP 	Created next_button = TextStim(__class__=<class 'psychopy.visual.text.TextStim'>, alignHoriz=method-wrapper(...), alignText='center', alignVert=method-wrapper(...), anchorHoriz='center', anchorVert='center', antialias=True, autoDraw=False, autoLog=True, bold=False, color=array([1, 1, 1]), colorSpace='rgb', contrast=1.0, depth=-2.0, flipHoriz=False, flipVert=False, font='Arial', fontFiles=[], height=0.1, italic=False, languageStyle='LTR', name='next_button', opacity=1.0, ori=0, pos=array([ 0.7, -0.6]), rgb=UNKNOWN, text='CONTINUE', units='norm', win=Window(...), wrapWidth=1)
54.3795 	EXP 	window1: mouseVisible = True
54.3981 	EXP 	slider: autoLog = True
54.3981 	EXP 	slider: markerPos = None
54.3981 	EXP 	slider: styleTweaks = []
54.3981 	EXP 	slider: styleTweaks = []
54.3981 	EXP 	slider: styleTweaks = []
54.3981 	EXP 	slider: styleTweaks = []
54.3981 	EXP 	slider: contrast = 1.0
54.3981 	EXP 	slider: autoLog = True
54.3981 	EXP 	Instructions: autoDraw = True
55.2790 	DATA 	Mouse: Left button down, pos=(878,310)
55.3131 	EXP 	Imported facesBlock.csv as conditions, 24 conditions, 4 params
55.3155 	EXP 	Created sequence: sequential, trialTypes=24, nReps=1, seed=None
55.3161 	EXP 	New trial (rep=0, index=0): OrderedDict([('stimFile', 'stims\\IMG_0001.jpg'), ('correctAnswer', 1), ('intensity', 2), ('stimuliGender', 1)])
55.5208 	DATA 	Mouse:  Left button up, pos=(878,310)
55.5275 	EXP 	Instructions: autoDraw = False
55.5275 	EXP 	image: image = 'stims\\IMG_0001.jpg'
55.5275 	EXP 	slider: markerPos = None
55.5275 	EXP 	slider: markerPos = None
55.5275 	EXP 	slider: autoDraw = True
55.5275 	EXP 	next_button: autoDraw = True
55.5851 	EXP 	image: autoDraw = True
57.6221 	EXP 	image: autoDraw = False
57.9078 	DATA 	Mouse: Left button down, pos=(490,256)
57.9397 	EXP 	slider: markerPos = 1.03125
57.9678 	EXP 	slider: markerPos = 1.03125
57.9939 	EXP 	slider: markerPos = 1.03125
58.0213 	EXP 	slider: markerPos = 1.03125
58.0464 	EXP 	slider: markerPos = 1.03125
58.0677 	DATA 	Mouse:  Left button up, pos=(490,256)
58.0744 	EXP 	slider: markerPos = 1.03125
58.0987 	EXP 	slider: markerPos = 1
59.3468 	DATA 	Mouse: Left button down, pos=(1549,255)
59.3645 	EXP 	New trial (rep=0, index=1): OrderedDict([('stimFile', 'stims\\IMG_0002.jpg'), ('correctAnswer', 4), ('intensity', 1), ('stimuliGender', 1)])
59.5077 	DATA 	Mouse:  Left button up, pos=(1549,255)
59.5141 	EXP 	image: autoDraw = False
59.5141 	EXP 	slider: autoDraw = False
59.5141 	EXP 	next_button: autoDraw = False
59.5141 	EXP 	image: image = 'stims\\IMG_0002.jpg'
59.5141 	EXP 	slider: markerPos = None
59.5141 	EXP 	slider: markerPos = None
59.5141 	EXP 	slider: autoDraw = True
59.5141 	EXP 	next_button: autoDraw = True
59.5829 	EXP 	image: autoDraw = True
61.0551 	DATA 	Mouse: Left button down, pos=(823,262)
61.0886 	EXP 	slider: markerPos = 2.071875
61.1154 	EXP 	slider: markerPos = 2.071875
61.1478 	EXP 	slider: markerPos = 2.071875
61.1744 	EXP 	slider: markerPos = 2.071875
61.2030 	EXP 	slider: markerPos = 2.071875
61.2247 	DATA 	Mouse:  Left button up, pos=(823,262)
61.2308 	EXP 	slider: markerPos = 2.071875
61.2595 	EXP 	slider: markerPos = 2
61.6138 	EXP 	image: autoDraw = False
62.2316 	DATA 	Mouse: Left button down, pos=(1571,262)
62.2431 	EXP 	New trial (rep=0, index=2): OrderedDict([('stimFile', 'stims\\IMG_0003.jpg'), ('correctAnswer', 3), ('intensity', 2), ('stimuliGender', 1)])
62.3486 	EXP 	image: autoDraw = False
62.3486 	EXP 	slider: autoDraw = False
62.3486 	EXP 	next_button: autoDraw = False
62.3486 	EXP 	image: image = 'stims\\IMG_0003.jpg'
62.3486 	EXP 	slider: markerPos = None
62.3486 	EXP 	slider: markerPos = None
62.3486 	EXP 	slider: autoDraw = True
62.3486 	EXP 	next_button: autoDraw = True
62.3868 	DATA 	Mouse:  Left button up, pos=(1571,262)
62.4192 	EXP 	image: autoDraw = True
64.4378 	EXP 	image: autoDraw = False
64.6533 	DATA 	Mouse: Left button down, pos=(1418,251)
64.6869 	EXP 	slider: markerPos = 3.93125
64.7122 	EXP 	slider: markerPos = 3.93125
64.7371 	EXP 	slider: markerPos = 3.93125
64.7635 	EXP 	slider: markerPos = 3.93125
64.7885 	EXP 	slider: markerPos = 3.93125
64.8088 	DATA 	Mouse:  Left button up, pos=(1418,251)
64.8153 	EXP 	slider: markerPos = 3.93125
64.8407 	EXP 	slider: markerPos = 4
65.2392 	DATA 	Mouse: Left button down, pos=(1565,257)
65.2438 	EXP 	New trial (rep=0, index=3): OrderedDict([('stimFile', 'stims\\IMG_0004.jpg'), ('correctAnswer', 1), ('intensity', 1), ('stimuliGender', 2)])
65.3988 	DATA 	Mouse:  Left button up, pos=(1565,257)
65.4225 	EXP 	image: autoDraw = False
65.4225 	EXP 	slider: autoDraw = False
65.4225 	EXP 	next_button: autoDraw = False
65.4225 	EXP 	image: image = 'stims\\IMG_0004.jpg'
65.4225 	EXP 	slider: markerPos = None
65.4225 	EXP 	slider: markerPos = None
65.4225 	EXP 	slider: autoDraw = True
65.4225 	EXP 	next_button: autoDraw = True
65.5140 	EXP 	image: autoDraw = True
67.5370 	EXP 	image: autoDraw = False
68.0796 	DATA 	Mouse: Left button down, pos=(1110,235)
68.1129 	EXP 	slider: markerPos = 2.96875
68.1408 	EXP 	slider: markerPos = 2.96875
68.1662 	EXP 	slider: markerPos = 2.96875
68.1916 	EXP 	slider: markerPos = 2.96875
68.2167 	EXP 	slider: markerPos = 2.96875
68.2363 	DATA 	Mouse:  Left button up, pos=(1110,235)
68.2427 	EXP 	slider: markerPos = 2.96875
68.2672 	EXP 	slider: markerPos = 3
68.8210 	DATA 	Mouse: Left button down, pos=(1631,239)
68.8488 	EXP 	New trial (rep=0, index=4): OrderedDict([('stimFile', 'stims\\IMG_0005.jpg'), ('correctAnswer', 3), ('intensity', 1), ('stimuliGender', 2)])
68.9547 	EXP 	image: autoDraw = False
68.9547 	EXP 	slider: autoDraw = False
68.9547 	EXP 	next_button: autoDraw = False
68.9547 	EXP 	image: image = 'stims\\IMG_0005.jpg'
68.9547 	EXP 	slider: markerPos = None
68.9547 	EXP 	slider: markerPos = None
68.9547 	EXP 	slider: autoDraw = True
68.9547 	EXP 	next_button: autoDraw = True
68.9752 	DATA 	Mouse:  Left button up, pos=(1631,239)
69.0395 	EXP 	image: autoDraw = True
70.5055 	DATA 	Mouse: Left button down, pos=(804,255)
70.5490 	EXP 	slider: markerPos = 2.0125
70.5852 	EXP 	slider: markerPos = 2.0125
70.6187 	EXP 	slider: markerPos = 2.0125
70.6510 	EXP 	slider: markerPos = 2.0125
70.6759 	DATA 	Mouse:  Left button up, pos=(804,255)
70.6822 	EXP 	slider: markerPos = 2.0125
70.7146 	EXP 	slider: markerPos = 2
71.0606 	EXP 	image: autoDraw = False
71.4541 	DATA 	Mouse: Left button down, pos=(1555,263)
71.4661 	EXP 	New trial (rep=0, index=5): OrderedDict([('stimFile', 'stims\\IMG_0006.jpg'), ('correctAnswer', 2), ('intensity', 2), ('stimuliGender', 1)])
71.7456 	DATA 	Mouse:  Left button up, pos=(1555,263)
71.7676 	EXP 	image: autoDraw = False
71.7676 	EXP 	slider: autoDraw = False
71.7676 	EXP 	next_button: autoDraw = False
71.7676 	EXP 	image: image = 'stims\\IMG_0006.jpg'
71.7676 	EXP 	slider: markerPos = None
71.7676 	EXP 	slider: markerPos = None
71.7676 	EXP 	slider: autoDraw = True
71.7676 	EXP 	next_button: autoDraw = True
71.8555 	EXP 	image: autoDraw = True
73.4026 	DATA 	Mouse: Left button down, pos=(779,267)
73.4326 	EXP 	slider: markerPos = 1.934375
73.4563 	EXP 	slider: markerPos = 1.934375
73.4794 	EXP 	slider: markerPos = 1.934375
73.5046 	EXP 	slider: markerPos = 1.934375
73.5359 	EXP 	slider: markerPos = 1.934375
73.5617 	DATA 	Mouse:  Left button up, pos=(779,267)
73.5679 	EXP 	slider: markerPos = 1.934375
73.5988 	EXP 	slider: markerPos = 2
73.8675 	EXP 	image: autoDraw = False
74.2417 	DATA 	Mouse: Left button down, pos=(1526,267)
74.2531 	EXP 	New trial (rep=0, index=6): OrderedDict([('stimFile', 'stims\\IMG_0007.jpg'), ('correctAnswer', 1), ('intensity', 1), ('stimuliGender', 1)])
74.3454 	EXP 	image: autoDraw = False
74.3454 	EXP 	slider: autoDraw = False
74.3454 	EXP 	next_button: autoDraw = False
74.3454 	EXP 	image: image = 'stims\\IMG_0007.jpg'
74.3454 	EXP 	slider: markerPos = None
74.3454 	EXP 	slider: markerPos = None
74.3454 	EXP 	slider: autoDraw = True
74.3454 	EXP 	next_button: autoDraw = True
74.3601 	DATA 	Mouse:  Left button up, pos=(1526,267)
74.4388 	EXP 	image: autoDraw = True
76.1483 	DATA 	Mouse: Left button down, pos=(795,246)
76.1823 	EXP 	slider: markerPos = 1.984375
76.2112 	EXP 	slider: markerPos = 1.984375
76.2365 	EXP 	slider: markerPos = 1.984375
76.2629 	EXP 	slider: markerPos = 1.984375
76.2952 	EXP 	slider: markerPos = 1.984375
76.3292 	EXP 	slider: markerPos = 1.984375
76.3313 	DATA 	Mouse:  Left button up, pos=(795,246)
76.3566 	EXP 	slider: markerPos = 2
76.4622 	EXP 	image: autoDraw = False
77.0164 	DATA 	Mouse: Left button down, pos=(1627,247)
77.0277 	EXP 	New trial (rep=0, index=7): OrderedDict([('stimFile', 'stims\\IMG_0008.jpg'), ('correctAnswer', 4), ('intensity', 1), ('stimuliGender', 2)])
77.1309 	DATA 	Mouse:  Left button up, pos=(1627,247)
77.1373 	EXP 	image: autoDraw = False
77.1373 	EXP 	slider: autoDraw = False
77.1373 	EXP 	next_button: autoDraw = False
77.1373 	EXP 	image: image = 'stims\\IMG_0008.jpg'
77.1373 	EXP 	slider: markerPos = None
77.1373 	EXP 	slider: markerPos = None
77.1373 	EXP 	slider: autoDraw = True
77.1373 	EXP 	next_button: autoDraw = True
77.2052 	EXP 	image: autoDraw = True
79.2215 	EXP 	image: autoDraw = False
79.8024 	DATA 	Mouse: Left button down, pos=(477,239)
79.8384 	EXP 	slider: markerPos = 0.9906249999999999
79.8692 	EXP 	slider: markerPos = 0.9906249999999999
79.8985 	EXP 	slider: markerPos = 0.9906249999999999
79.9314 	EXP 	slider: markerPos = 0.9906249999999999
79.9642 	EXP 	slider: markerPos = 0.9906249999999999
79.9672 	DATA 	Mouse:  Left button up, pos=(477,239)
79.9982 	EXP 	slider: markerPos = 1
80.9463 	DATA 	Mouse: Left button down, pos=(1631,252)
80.9594 	EXP 	New trial (rep=0, index=8): OrderedDict([('stimFile', 'stims\\IMG_0009.jpg'), ('correctAnswer', 4), ('intensity', 2), ('stimuliGender', 1)])
81.0745 	EXP 	image: autoDraw = False
81.0745 	EXP 	slider: autoDraw = False
81.0745 	EXP 	next_button: autoDraw = False
81.0745 	EXP 	image: image = 'stims\\IMG_0009.jpg'
81.0745 	EXP 	slider: markerPos = None
81.0745 	EXP 	slider: markerPos = None
81.0745 	EXP 	slider: autoDraw = True
81.0745 	EXP 	next_button: autoDraw = True
81.0763 	DATA 	Mouse:  Left button up, pos=(1631,252)
81.1591 	EXP 	image: autoDraw = True
82.6081 	DATA 	Mouse: Left button down, pos=(1422,247)
82.6454 	EXP 	slider: markerPos = 3.9437499999999996
82.6742 	EXP 	slider: markerPos = 3.9437499999999996
82.7059 	EXP 	slider: markerPos = 3.9437499999999996
82.7354 	EXP 	slider: markerPos = 3.9437499999999996
82.7650 	EXP 	slider: markerPos = 3.9437499999999996
82.7920 	DATA 	Mouse:  Left button up, pos=(1422,247)
82.7980 	EXP 	slider: markerPos = 3.9437499999999996
82.8273 	EXP 	slider: markerPos = 4
83.1703 	EXP 	image: autoDraw = False
83.1956 	DATA 	Mouse: Left button down, pos=(1592,247)
83.2032 	EXP 	New trial (rep=0, index=9): OrderedDict([('stimFile', 'stims\\IMG_0010.jpg'), ('correctAnswer', 1), ('intensity', 1), ('stimuliGender', 1)])
83.3477 	DATA 	Mouse:  Left button up, pos=(1592,247)
83.3538 	EXP 	image: autoDraw = False
83.3538 	EXP 	slider: autoDraw = False
83.3538 	EXP 	next_button: autoDraw = False
83.3538 	EXP 	image: image = 'stims\\IMG_0010.jpg'
83.3538 	EXP 	slider: markerPos = None
83.3538 	EXP 	slider: markerPos = None
83.3538 	EXP 	slider: autoDraw = True
83.3538 	EXP 	next_button: autoDraw = True
83.4423 	EXP 	image: autoDraw = True
85.3669 	DATA 	Mouse: Left button down, pos=(774,261)
85.3942 	EXP 	slider: markerPos = 1.9187500000000002
85.4286 	EXP 	slider: markerPos = 1.9187500000000002
85.4518 	EXP 	image: autoDraw = False
85.4518 	EXP 	slider: markerPos = 1.9187500000000002
85.4848 	EXP 	slider: markerPos = 1.9187500000000002
85.5092 	DATA 	Mouse:  Left button up, pos=(774,261)
85.5156 	EXP 	slider: markerPos = 1.9187500000000002
85.5442 	EXP 	slider: markerPos = 2
86.2055 	DATA 	Mouse: Left button down, pos=(1544,257)
86.2176 	EXP 	New trial (rep=0, index=10): OrderedDict([('stimFile', 'stims\\IMG_0011.jpg'), ('correctAnswer', 2), ('intensity', 2), ('stimuliGender', 1)])
86.3246 	EXP 	image: autoDraw = False
86.3246 	EXP 	slider: autoDraw = False
86.3246 	EXP 	next_button: autoDraw = False
86.3246 	EXP 	image: image = 'stims\\IMG_0011.jpg'
86.3246 	EXP 	slider: markerPos = None
86.3246 	EXP 	slider: markerPos = None
86.3246 	EXP 	slider: autoDraw = True
86.3246 	EXP 	next_button: autoDraw = True
86.3255 	DATA 	Mouse:  Left button up, pos=(1544,257)
86.3951 	EXP 	image: autoDraw = True
88.4129 	EXP 	image: autoDraw = False
90.8692 	DATA 	Mouse: Left button down, pos=(1130,256)
90.9017 	EXP 	slider: markerPos = 3.03125
90.9285 	EXP 	slider: markerPos = 3.03125
90.9550 	EXP 	slider: markerPos = 3.03125
90.9791 	EXP 	slider: markerPos = 3.03125
91.0050 	EXP 	slider: markerPos = 3.03125
91.0058 	DATA 	Mouse:  Left button up, pos=(1130,256)
91.0305 	EXP 	slider: markerPos = 3
91.8684 	DATA 	Mouse: Left button down, pos=(1566,265)
91.8734 	EXP 	New trial (rep=0, index=11): OrderedDict([('stimFile', 'stims\\IMG_0012.jpg'), ('correctAnswer', 3), ('intensity', 1), ('stimuliGender', 1)])
91.9880 	EXP 	image: autoDraw = False
91.9880 	EXP 	slider: autoDraw = False
91.9880 	EXP 	next_button: autoDraw = False
91.9880 	EXP 	image: image = 'stims\\IMG_0012.jpg'
91.9880 	EXP 	slider: markerPos = None
91.9880 	EXP 	slider: markerPos = None
91.9880 	EXP 	slider: autoDraw = True
91.9880 	EXP 	next_button: autoDraw = True
92.0277 	DATA 	Mouse:  Left button up, pos=(1566,265)
92.0837 	EXP 	image: autoDraw = True
94.1003 	EXP 	image: autoDraw = False
95.9320 	DATA 	Mouse: Left button down, pos=(464,239)
95.9676 	EXP 	slider: markerPos = 0.9499999999999998
95.9941 	EXP 	slider: markerPos = 0.9499999999999998
96.0190 	EXP 	slider: markerPos = 0.9499999999999998
96.0432 	EXP 	slider: markerPos = 0.9499999999999998
96.0679 	EXP 	slider: markerPos = 0.9499999999999998
96.0928 	EXP 	slider: markerPos = 0.9499999999999998
96.1138 	DATA 	Mouse:  Left button up, pos=(464,239)
96.1205 	EXP 	slider: markerPos = 0.9499999999999998
96.1471 	EXP 	slider: markerPos = 1
96.9189 	DATA 	Mouse: Left button down, pos=(1609,255)
96.9304 	EXP 	New trial (rep=0, index=12): OrderedDict([('stimFile', 'stims\\IMG_0013.jpg'), ('correctAnswer', 2), ('intensity', 1), ('stimuliGender', 2)])
97.0402 	EXP 	image: autoDraw = False
97.0402 	EXP 	slider: autoDraw = False
97.0402 	EXP 	next_button: autoDraw = False
97.0402 	EXP 	image: image = 'stims\\IMG_0013.jpg'
97.0402 	EXP 	slider: markerPos = None
97.0402 	EXP 	slider: markerPos = None
97.0402 	EXP 	slider: autoDraw = True
97.0402 	EXP 	next_button: autoDraw = True
97.0564 	DATA 	Mouse:  Left button up, pos=(1609,255)
97.1317 	EXP 	image: autoDraw = True
98.6529 	DATA 	Mouse: Left button down, pos=(846,260)
98.6804 	EXP 	slider: markerPos = 2.14375
98.7064 	EXP 	slider: markerPos = 2.14375
98.7325 	EXP 	slider: markerPos = 2.14375
98.7629 	EXP 	slider: markerPos = 2.14375
98.7893 	EXP 	slider: markerPos = 2.14375
98.8153 	EXP 	slider: markerPos = 2.14375
98.8361 	DATA 	Mouse:  Left button up, pos=(846,260)
98.8422 	EXP 	slider: markerPos = 2.14375
98.8688 	EXP 	slider: markerPos = 2
99.1407 	EXP 	image: autoDraw = False
99.4549 	DATA 	Mouse: Left button down, pos=(1531,276)
99.4829 	EXP 	New trial (rep=0, index=13): OrderedDict([('stimFile', 'stims\\IMG_0014.jpg'), ('correctAnswer', 2), ('intensity', 1), ('stimuliGender', 1)])
99.5921 	EXP 	image: autoDraw = False
99.5921 	EXP 	slider: autoDraw = False
99.5921 	EXP 	next_button: autoDraw = False
99.5921 	EXP 	image: image = 'stims\\IMG_0014.jpg'
99.5921 	EXP 	slider: markerPos = None
99.5921 	EXP 	slider: markerPos = None
99.5921 	EXP 	slider: autoDraw = True
99.5921 	EXP 	next_button: autoDraw = True
99.6113 	DATA 	Mouse:  Left button up, pos=(1531,276)
99.6879 	EXP 	image: autoDraw = True
101.1619 	DATA 	Mouse: Left button down, pos=(854,257)
101.1953 	EXP 	slider: markerPos = 2.16875
101.2215 	EXP 	slider: markerPos = 2.16875
101.2475 	EXP 	slider: markerPos = 2.16875
101.2733 	EXP 	slider: markerPos = 2.16875
101.2957 	DATA 	Mouse:  Left button up, pos=(854,257)
101.3020 	EXP 	slider: markerPos = 2.16875
101.3286 	EXP 	slider: markerPos = 2
101.7005 	EXP 	image: autoDraw = False
101.9392 	DATA 	Mouse: Left button down, pos=(1577,282)
101.9505 	EXP 	New trial (rep=0, index=14): OrderedDict([('stimFile', 'stims\\IMG_0015.jpg'), ('correctAnswer', 3), ('intensity', 2), ('stimuliGender', 1)])
102.0577 	EXP 	image: autoDraw = False
102.0577 	EXP 	slider: autoDraw = False
102.0577 	EXP 	next_button: autoDraw = False
102.0577 	EXP 	image: image = 'stims\\IMG_0015.jpg'
102.0577 	EXP 	slider: markerPos = None
102.0577 	EXP 	slider: markerPos = None
102.0577 	EXP 	slider: autoDraw = True
102.0577 	EXP 	next_button: autoDraw = True
102.0748 	DATA 	Mouse:  Left button up, pos=(1577,282)
102.1535 	EXP 	image: autoDraw = True
103.3697 	DATA 	Mouse: Left button down, pos=(1122,264)
103.4124 	EXP 	slider: markerPos = 3.0062499999999996
103.4383 	EXP 	slider: markerPos = 3.0062499999999996
103.4660 	EXP 	slider: markerPos = 3.0062499999999996
103.4925 	EXP 	slider: markerPos = 3.0062499999999996
103.5153 	DATA 	Mouse:  Left button up, pos=(1122,264)
103.5216 	EXP 	slider: markerPos = 3.0062499999999996
103.5487 	EXP 	slider: markerPos = 3
104.0414 	DATA 	Mouse: Left button down, pos=(1638,274)
104.0462 	EXP 	New trial (rep=0, index=15): OrderedDict([('stimFile', 'stims\\IMG_0016.jpg'), ('correctAnswer', 4), ('intensity', 1), ('stimuliGender', 1)])
104.1603 	EXP 	image: autoDraw = False
104.1603 	EXP 	slider: autoDraw = False
104.1603 	EXP 	next_button: autoDraw = False
104.1603 	EXP 	image: image = 'stims\\IMG_0016.jpg'
104.1603 	EXP 	slider: markerPos = None
104.1603 	EXP 	slider: markerPos = None
104.1603 	EXP 	slider: autoDraw = True
104.1603 	EXP 	next_button: autoDraw = True
104.1840 	DATA 	Mouse:  Left button up, pos=(1638,274)
104.2591 	EXP 	image: autoDraw = True
106.0091 	DATA 	Mouse: Left button down, pos=(1432,242)
106.0465 	EXP 	slider: markerPos = 3.975
106.0745 	EXP 	slider: markerPos = 3.975
106.1054 	EXP 	slider: markerPos = 3.975
106.1360 	EXP 	slider: markerPos = 3.975
106.1612 	DATA 	Mouse:  Left button up, pos=(1432,242)
106.1673 	EXP 	slider: markerPos = 3.975
106.1960 	EXP 	slider: markerPos = 4
106.2890 	EXP 	image: autoDraw = False
106.8505 	DATA 	Mouse: Left button down, pos=(1657,252)
106.8781 	EXP 	New trial (rep=0, index=16): OrderedDict([('stimFile', 'stims\\IMG_0017.jpg'), ('correctAnswer', 2), ('intensity', 1), ('stimuliGender', 1)])
106.9865 	EXP 	image: autoDraw = False
106.9865 	EXP 	slider: autoDraw = False
106.9865 	EXP 	next_button: autoDraw = False
106.9865 	EXP 	image: image = 'stims\\IMG_0017.jpg'
106.9865 	EXP 	slider: markerPos = None
106.9865 	EXP 	slider: markerPos = None
106.9865 	EXP 	slider: autoDraw = True
106.9865 	EXP 	next_button: autoDraw = True
107.0027 	DATA 	Mouse:  Left button up, pos=(1657,252)
107.0795 	EXP 	image: autoDraw = True
109.1023 	EXP 	image: autoDraw = False
111.1769 	DATA 	Mouse: Left button down, pos=(464,267)
111.2022 	EXP 	slider: markerPos = 0.9499999999999998
111.2282 	EXP 	slider: markerPos = 0.9499999999999998
111.2529 	EXP 	slider: markerPos = 0.9499999999999998
111.2785 	EXP 	slider: markerPos = 0.9499999999999998
111.3034 	EXP 	slider: markerPos = 0.9499999999999998
111.3288 	EXP 	slider: markerPos = 0.9499999999999998
111.3297 	DATA 	Mouse:  Left button up, pos=(464,267)
111.3548 	EXP 	slider: markerPos = 1
112.0188 	DATA 	Mouse: Left button down, pos=(1606,247)
112.0308 	EXP 	New trial (rep=0, index=17): OrderedDict([('stimFile', 'stims\\IMG_0018.jpg'), ('correctAnswer', 2), ('intensity', 2), ('stimuliGender', 2)])
112.1415 	EXP 	image: autoDraw = False
112.1415 	EXP 	slider: autoDraw = False
112.1415 	EXP 	next_button: autoDraw = False
112.1415 	EXP 	image: image = 'stims\\IMG_0018.jpg'
112.1415 	EXP 	slider: markerPos = None
112.1415 	EXP 	slider: markerPos = None
112.1415 	EXP 	slider: autoDraw = True
112.1415 	EXP 	next_button: autoDraw = True
112.1691 	DATA 	Mouse:  Left button up, pos=(1606,247)
112.2235 	EXP 	image: autoDraw = True
114.2473 	EXP 	image: autoDraw = False
114.7518 	DATA 	Mouse: Left button down, pos=(824,242)
114.7765 	EXP 	slider: markerPos = 2.075
114.8017 	EXP 	slider: markerPos = 2.075
114.8267 	EXP 	slider: markerPos = 2.075
114.8518 	EXP 	slider: markerPos = 2.075
114.8762 	EXP 	slider: markerPos = 2.075
114.9019 	EXP 	slider: markerPos = 2.075
114.9254 	EXP 	slider: markerPos = 2.075
114.9498 	EXP 	slider: markerPos = 2.075
114.9692 	DATA 	Mouse:  Left button up, pos=(828,242)
114.9758 	EXP 	slider: markerPos = 2.075
115.0151 	EXP 	slider: markerPos = 2
115.5325 	DATA 	Mouse: Left button down, pos=(1563,231)
115.5438 	EXP 	New trial (rep=0, index=18): OrderedDict([('stimFile', 'stims\\IMG_0019.jpg'), ('correctAnswer', 4), ('intensity', 2), ('stimuliGender', 2)])
115.6555 	EXP 	image: autoDraw = False
115.6555 	EXP 	slider: autoDraw = False
115.6555 	EXP 	next_button: autoDraw = False
115.6555 	EXP 	image: image = 'stims\\IMG_0019.jpg'
115.6555 	EXP 	slider: markerPos = None
115.6555 	EXP 	slider: markerPos = None
115.6555 	EXP 	slider: autoDraw = True
115.6555 	EXP 	next_button: autoDraw = True
115.7504 	EXP 	image: autoDraw = True
115.7743 	DATA 	Mouse:  Left button up, pos=(1563,231)
116.8729 	DATA 	Mouse: Left button down, pos=(1426,264)
116.9145 	EXP 	slider: markerPos = 3.95625
116.9477 	EXP 	slider: markerPos = 3.95625
116.9813 	EXP 	slider: markerPos = 3.95625
117.0166 	EXP 	slider: markerPos = 3.95625
117.0472 	EXP 	slider: markerPos = 3.95625
117.0773 	DATA 	Mouse:  Left button up, pos=(1426,264)
117.0836 	EXP 	slider: markerPos = 3.95625
117.1211 	EXP 	slider: markerPos = 4
117.7606 	EXP 	image: autoDraw = False
117.8858 	DATA 	Mouse: Left button down, pos=(1570,250)
117.8969 	EXP 	New trial (rep=0, index=19): OrderedDict([('stimFile', 'stims\\IMG_0020.jpg'), ('correctAnswer', 3), ('intensity', 1), ('stimuliGender', 1)])
117.9998 	EXP 	image: autoDraw = False
117.9998 	EXP 	slider: autoDraw = False
117.9998 	EXP 	next_button: autoDraw = False
117.9998 	EXP 	image: image = 'stims\\IMG_0020.jpg'
117.9998 	EXP 	slider: markerPos = None
117.9998 	EXP 	slider: markerPos = None
117.9998 	EXP 	slider: autoDraw = True
117.9998 	EXP 	next_button: autoDraw = True
118.0371 	DATA 	Mouse:  Left button up, pos=(1570,250)
118.0936 	EXP 	image: autoDraw = True
119.9269 	DATA 	Mouse: Left button down, pos=(1121,268)
119.9619 	EXP 	slider: markerPos = 3.003125
119.9873 	EXP 	slider: markerPos = 3.003125
120.0151 	EXP 	slider: markerPos = 3.003125
120.0404 	EXP 	slider: markerPos = 3.003125
120.0673 	EXP 	slider: markerPos = 3.003125
120.0693 	DATA 	Mouse:  Left button up, pos=(1121,268)
120.0935 	EXP 	slider: markerPos = 3
120.1175 	EXP 	image: autoDraw = False
120.6917 	DATA 	Mouse: Left button down, pos=(1647,261)
120.7032 	EXP 	New trial (rep=0, index=20): OrderedDict([('stimFile', 'stims\\IMG_0021.jpg'), ('correctAnswer', 4), ('intensity', 2), ('stimuliGender', 2)])
120.8088 	EXP 	image: autoDraw = False
120.8088 	EXP 	slider: autoDraw = False
120.8088 	EXP 	next_button: autoDraw = False
120.8088 	EXP 	image: image = 'stims\\IMG_0021.jpg'
120.8088 	EXP 	slider: markerPos = None
120.8088 	EXP 	slider: markerPos = None
120.8088 	EXP 	slider: autoDraw = True
120.8088 	EXP 	next_button: autoDraw = True
120.8107 	DATA 	Mouse:  Left button up, pos=(1647,261)
120.8988 	EXP 	image: autoDraw = True
122.9247 	EXP 	image: autoDraw = False
123.5976 	DATA 	Mouse: Left button down, pos=(487,268)
123.6224 	EXP 	slider: markerPos = 1.0218749999999999
123.6473 	EXP 	slider: markerPos = 1.0218749999999999
123.6717 	EXP 	slider: markerPos = 1.0218749999999999
123.6973 	EXP 	slider: markerPos = 1.0218749999999999
123.7241 	EXP 	slider: markerPos = 1.0218749999999999
123.7453 	DATA 	Mouse:  Left button up, pos=(487,268)
123.7520 	EXP 	slider: markerPos = 1.0218749999999999
123.7763 	EXP 	slider: markerPos = 1
125.7513 	DATA 	Mouse: Left button down, pos=(780,253)
125.7833 	EXP 	slider: markerPos = 1.9375
125.8088 	EXP 	slider: markerPos = 1.9375
125.8354 	EXP 	slider: markerPos = 1.9375
125.8609 	EXP 	slider: markerPos = 1.9375
125.8862 	EXP 	slider: markerPos = 1.9375
125.9096 	DATA 	Mouse:  Left button up, pos=(780,253)
125.9161 	EXP 	slider: markerPos = 1.9375
125.9427 	EXP 	slider: markerPos = 2
126.6936 	DATA 	Mouse: Left button down, pos=(1550,257)
126.7057 	EXP 	New trial (rep=0, index=21): OrderedDict([('stimFile', 'stims\\IMG_0022.jpg'), ('correctAnswer', 3), ('intensity', 2), ('stimuliGender', 2)])
126.8162 	EXP 	image: autoDraw = False
126.8162 	EXP 	slider: autoDraw = False
126.8162 	EXP 	next_button: autoDraw = False
126.8162 	EXP 	image: image = 'stims\\IMG_0022.jpg'
126.8162 	EXP 	slider: markerPos = None
126.8162 	EXP 	slider: markerPos = None
126.8162 	EXP 	slider: autoDraw = True
126.8162 	EXP 	next_button: autoDraw = True
126.8326 	DATA 	Mouse:  Left button up, pos=(1550,257)
126.9110 	EXP 	image: autoDraw = True
128.7174 	DATA 	Mouse: Left button down, pos=(472,267)
128.7500 	EXP 	slider: markerPos = 0.9750000000000001
128.7784 	EXP 	slider: markerPos = 0.9750000000000001
128.8060 	EXP 	slider: markerPos = 0.9750000000000001
128.8315 	EXP 	slider: markerPos = 0.9750000000000001
128.8521 	DATA 	Mouse:  Left button up, pos=(472,267)
128.8582 	EXP 	slider: markerPos = 0.9750000000000001
128.8838 	EXP 	slider: markerPos = 1
128.9288 	EXP 	image: autoDraw = False
129.8252 	DATA 	Mouse: Left button down, pos=(1535,251)
129.8296 	EXP 	New trial (rep=0, index=22): OrderedDict([('stimFile', 'stims\\IMG_0023.jpg'), ('correctAnswer', 1), ('intensity', 2), ('stimuliGender', 2)])
129.9377 	EXP 	image: autoDraw = False
129.9377 	EXP 	slider: autoDraw = False
129.9377 	EXP 	next_button: autoDraw = False
129.9377 	EXP 	image: image = 'stims\\IMG_0023.jpg'
129.9377 	EXP 	slider: markerPos = None
129.9377 	EXP 	slider: markerPos = None
129.9377 	EXP 	slider: autoDraw = True
129.9377 	EXP 	next_button: autoDraw = True
129.9595 	DATA 	Mouse:  Left button up, pos=(1535,251)
130.0384 	EXP 	image: autoDraw = True
131.6152 	DATA 	Mouse: Left button down, pos=(499,265)
131.6492 	EXP 	slider: markerPos = 1.059375
131.6746 	EXP 	slider: markerPos = 1.059375
131.7007 	EXP 	slider: markerPos = 1.059375
131.7308 	EXP 	slider: markerPos = 1.059375
131.7556 	DATA 	Mouse:  Left button up, pos=(499,265)
131.7617 	EXP 	slider: markerPos = 1.059375
131.7877 	EXP 	slider: markerPos = 1
132.0510 	EXP 	image: autoDraw = False
135.4028 	DATA 	Mouse: Left button down, pos=(438,259)
135.4417 	EXP 	slider: markerPos = 0.8687500000000001
135.4661 	EXP 	slider: markerPos = 0.8687500000000001
135.4910 	EXP 	slider: markerPos = 0.8687500000000001
135.5164 	EXP 	slider: markerPos = 0.8687500000000001
135.5172 	DATA 	Mouse:  Left button up, pos=(438,259)
135.5420 	EXP 	slider: markerPos = 1
136.1336 	DATA 	Mouse: Left button down, pos=(439,258)
136.1601 	EXP 	slider: markerPos = 0.871875
136.1858 	EXP 	slider: markerPos = 0.871875
136.2104 	EXP 	slider: markerPos = 0.871875
136.2371 	EXP 	slider: markerPos = 0.871875
136.2577 	DATA 	Mouse:  Left button up, pos=(439,258)
136.2642 	EXP 	slider: markerPos = 0.871875
136.2884 	EXP 	slider: markerPos = 1
136.7402 	DATA 	Mouse: Left button down, pos=(502,265)
136.7712 	EXP 	slider: markerPos = 1.0687499999999999
136.7958 	EXP 	slider: markerPos = 1.0687499999999999
136.8220 	EXP 	slider: markerPos = 1.0687499999999999
136.8460 	EXP 	slider: markerPos = 1.0687499999999999
136.8739 	EXP 	slider: markerPos = 1.0687499999999999
136.8936 	DATA 	Mouse:  Left button up, pos=(502,265)
136.9002 	EXP 	slider: markerPos = 1.0687499999999999
136.9255 	EXP 	slider: markerPos = 1
139.4371 	DATA 	Mouse: Left button down, pos=(1570,253)
139.4483 	EXP 	New trial (rep=0, index=23): OrderedDict([('stimFile', 'stims\\IMG_0024.jpg'), ('correctAnswer', 1), ('intensity', 2), ('stimuliGender', 2)])
139.5807 	EXP 	image: autoDraw = False
139.5807 	EXP 	slider: autoDraw = False
139.5807 	EXP 	next_button: autoDraw = False
139.5807 	EXP 	image: image = 'stims\\IMG_0024.jpg'
139.5807 	EXP 	slider: markerPos = None
139.5807 	EXP 	slider: markerPos = None
139.5807 	EXP 	slider: autoDraw = True
139.5807 	EXP 	next_button: autoDraw = True
139.5967 	DATA 	Mouse:  Left button up, pos=(1570,253)
139.6852 	EXP 	image: autoDraw = True
141.5748 	DATA 	Mouse: Left button down, pos=(1125,263)
141.5752 	DATA 	Mouse:  Left button up, pos=(1125,263)
141.7014 	EXP 	image: autoDraw = False
143.1257 	DATA 	Mouse: Left button down, pos=(1108,256)
143.1261 	DATA 	Mouse:  Left button up, pos=(1108,256)
143.6152 	DATA 	Mouse: Left button down, pos=(826,218)
143.6159 	DATA 	Mouse:  Left button up, pos=(826,218)
144.1050 	DATA 	Mouse: Left button down, pos=(454,234)
144.1054 	DATA 	Mouse:  Left button up, pos=(454,234)
144.5297 	DATA 	Mouse: Left button down, pos=(769,264)
144.5305 	DATA 	Mouse:  Left button up, pos=(769,264)
144.8252 	DATA 	Mouse: Left button down, pos=(1094,249)
144.8258 	DATA 	Mouse:  Left button up, pos=(1094,249)
145.2080 	DATA 	Mouse: Left button down, pos=(1374,257)
145.2084 	DATA 	Mouse:  Left button up, pos=(1374,257)
150.6269 	DATA 	Mouse: Left button down, pos=(504,243)
150.6562 	EXP 	slider: markerPos = 1.0750000000000002
150.6813 	EXP 	slider: markerPos = 1.0750000000000002
150.7154 	EXP 	slider: markerPos = 1.0750000000000002
150.7398 	EXP 	slider: markerPos = 1.0750000000000002
150.7715 	EXP 	slider: markerPos = 1.0750000000000002
150.7957 	EXP 	slider: markerPos = 1.0750000000000002
150.8143 	DATA 	Mouse:  Left button up, pos=(504,243)
150.8209 	EXP 	slider: markerPos = 1.0750000000000002
150.8449 	EXP 	slider: markerPos = 1
151.7864 	DATA 	Mouse: Left button down, pos=(1723,271)
151.8303 	EXP 	image: autoDraw = False
151.8303 	EXP 	slider: autoDraw = False
151.8303 	EXP 	next_button: autoDraw = False
155.6335 	EXP 	window1: mouseVisible = True
