3.2498 	WARNING 	We strongly recommend you activate the PTB sound engine in PsychoPy prefs as the preferred audio engine. Its timing is vastly superior. Your prefs are currently set to use ['sounddevice', 'PTB', 'pyo', 'pygame'] (in that order).
9.5494 	WARNING 	Requested an unavailable screen number - using first available.
9.5522 	WARNING 	User requested fullscreen with size [1920 1080], but screen is actually [1920, 1280]. Using actual size
12.2271 	EXP 	Created window1 = Window(allowGUI=False, allowStencil=False, autoLog=True, backendConf=UNKNOWN, bitsMode=UNKNOWN, blendMode='avg', bpc=(8, 8, 8), color=array([-0.396, -0.396, -0.396]), colorSpace='rgb', depthBits=8, fullscr=<method-wrapper '__getattribute__' of attributeSetter object at 0x0000016C463EB040>, gamma=None, gammaErrorPolicy='raise', lms=UNKNOWN, monitor=<psychopy.monitors.calibTools.Monitor object at 0x0000016C4B219940>, multiSample=False, name='window1', numSamples=2, pos=(0, 0), screen=1, size=array([1920, 1280]), stencilBits=0, stereo=False, units='norm', useFBO=True, useRetina=False, viewOri=0.0, viewPos=None, viewScale=None, waitBlanking=True, winType='pyglet')
12.2278 	EXP 	window1: mouseVisible = True
12.2278 	EXP 	window1: Attempting to measure frame rate of screen (1) ...
12.2279 	EXP 	window1: recordFrameIntervals = False
12.3922 	EXP 	window1: recordFrameIntervals = True
12.5759 	EXP 	Screen (1) actual frame rate measured at 60.02Hz
12.5760 	EXP 	window1: recordFrameIntervals = False
15.6559 	EXP 	Created Instructions = TextStim(__class__=<class 'psychopy.visual.text.TextStim'>, alignHoriz=method-wrapper(...), alignText='center', alignVert=method-wrapper(...), anchorHoriz='center', anchorVert='center', antialias=True, autoDraw=False, autoLog=True, bold=False, color=array([1, 1, 1]), colorSpace='rgb', contrast=1.0, depth=0.0, flipHoriz=False, flipVert=False, font='Arial', fontFiles=[], height=0.1, italic=False, languageStyle='LTR', name='Instructions', opacity=1.0, ori=0, pos=array([0., 0.]), rgb=UNKNOWN, text=str(...), units='norm', win=Window(...), wrapWidth=1)
15.6560 	EXP 	window1: mouseVisible = True
15.6662 	EXP 	Created image = ImageStim(__class__=<class 'psychopy.visual.image.ImageStim'>, anchor=('center', 'center'), autoLog=True, color=array([1, 1, 1]), colorSpace='rgb', contrast=1.0, depth=0.0, flipHoriz=False, flipVert=False, image='sin', interpolate=True, mask=None, maskParams=None, name='image', opacity=1.0, ori=0.0, pos=array([0., 0.]), size=array([0.6936, 0.4704]), texRes=128, units='height', win=Window(...))
15.6752 	EXP 	window1: mouseVisible = True
15.8579 	WARNING 	Font b'HelveticaBold' was requested. No similar font found.
16.0539 	WARNING 	Font b'HelveticaBold' was requested. No similar font found.
16.2336 	WARNING 	Font b'HelveticaBold' was requested. No similar font found.
16.4234 	WARNING 	Font b'HelveticaBold' was requested. No similar font found.
16.4837 	EXP 	Created slider = Slider(__class__=<class 'psychopy.visual.slider.Slider'>, autoDraw=False, autoLog=True, borderColor=None, color=None, colorSpace='rgb', depth=-1, fillColor=None, flip=False, font='HelveticaBold', granularity=1, labelColor=None, labelHeight=0.05, labelWrapWidth=None, labels=['HAPPY', 'SAD', 'ANGRY', 'FEARFUL'], lineColor=None, markerColor=None, name='slider', opacity=None, ori=0, pos=array([ 0. , -0.6]), readOnly=False, self=UNKNOWN, size=array([1. , 0.1]), startValue=None, style=['rating'], styleTweaks=[], ticks=array([1, 2, 3, 4]), units='norm', win=Window(...))
16.4974 	EXP 	Created next_button = TextStim(__class__=<class 'psychopy.visual.text.TextStim'>, alignHoriz=method-wrapper(...), alignText='center', alignVert=method-wrapper(...), anchorHoriz='center', anchorVert='center', antialias=True, autoDraw=False, autoLog=True, bold=False, color=array([1, 1, 1]), colorSpace='rgb', contrast=1.0, depth=-2.0, flipHoriz=False, flipVert=False, font='Arial', fontFiles=[], height=0.1, italic=False, languageStyle='LTR', name='next_button', opacity=1.0, ori=0, pos=array([ 0.7, -0.6]), rgb=UNKNOWN, text='CONTINUE', units='norm', win=Window(...), wrapWidth=1)
16.4974 	EXP 	window1: mouseVisible = True
16.5073 	EXP 	slider: autoLog = True
16.5073 	EXP 	slider: markerPos = None
16.5073 	EXP 	slider: styleTweaks = []
16.5073 	EXP 	slider: styleTweaks = []
16.5073 	EXP 	slider: styleTweaks = []
16.5073 	EXP 	slider: styleTweaks = []
16.5073 	EXP 	slider: contrast = 1.0
16.5073 	EXP 	slider: autoLog = True
16.5073 	EXP 	Instructions: autoDraw = True
17.1929 	DATA 	Mouse: Left button down, pos=(1001,441)
18.5185 	EXP 	window1: mouseVisible = True
