10.5305 	WARNING 	We strongly recommend you activate the PTB sound engine in PsychoPy prefs as the preferred audio engine. Its timing is vastly superior. Your prefs are currently set to use ['sounddevice', 'PTB', 'pyo', 'pygame'] (in that order).
23.2242 	WARNING 	Requested an unavailable screen number - using first available.
23.2292 	WARNING 	User requested fullscreen with size [1920 1080], but screen is actually [1920, 1280]. Using actual size
26.3579 	EXP 	Created window1 = Window(allowGUI=False, allowStencil=False, autoLog=True, backendConf=UNKNOWN, bitsMode=UNKNOWN, blendMode='avg', bpc=(8, 8, 8), color=array([-0.396, -0.396, -0.396]), colorSpace='rgb', depthBits=8, fullscr=<method-wrapper '__getattribute__' of attributeSetter object at 0x0000028CE79CB070>, gamma=None, gammaErrorPolicy='raise', lms=UNKNOWN, monitor=<psychopy.monitors.calibTools.Monitor object at 0x0000028CEC9F9A00>, multiSample=False, name='window1', numSamples=2, pos=(0, 0), screen=1, size=array([1920, 1280]), stencilBits=0, stereo=False, units='norm', useFBO=True, useRetina=False, viewOri=0.0, viewPos=None, viewScale=None, waitBlanking=True, winType='pyglet')
26.3588 	EXP 	window1: mouseVisible = True
26.3588 	EXP 	window1: Attempting to measure frame rate of screen (1) ...
26.3589 	EXP 	window1: recordFrameIntervals = False
26.5159 	EXP 	window1: recordFrameIntervals = True
26.6987 	EXP 	Screen (1) actual frame rate measured at 60.15Hz
26.6987 	EXP 	window1: recordFrameIntervals = False
30.7258 	EXP 	Created Instructions = TextStim(__class__=<class 'psychopy.visual.text.TextStim'>, alignHoriz=method-wrapper(...), alignText='center', alignVert=method-wrapper(...), anchorHoriz='center', anchorVert='center', antialias=True, autoDraw=False, autoLog=True, bold=False, color=array([1, 1, 1]), colorSpace='rgb', contrast=1.0, depth=0.0, flipHoriz=False, flipVert=False, font='Arial', fontFiles=[], height=0.1, italic=False, languageStyle='LTR', name='Instructions', opacity=1.0, ori=0, pos=array([0., 0.]), rgb=UNKNOWN, text=str(...), units='norm', win=Window(...), wrapWidth=1)
30.7260 	EXP 	window1: mouseVisible = True
30.7434 	EXP 	Created image = ImageStim(__class__=<class 'psychopy.visual.image.ImageStim'>, anchor=('center', 'center'), autoLog=True, color=array([1, 1, 1]), colorSpace='rgb', contrast=1.0, depth=0.0, flipHoriz=False, flipVert=False, image='sin', interpolate=True, mask=None, maskParams=None, name='image', opacity=1.0, ori=0.0, pos=array([0., 0.]), size=array([0.6936, 0.4704]), texRes=128, units='height', win=Window(...))
30.7528 	EXP 	window1: mouseVisible = True
30.9715 	WARNING 	Font b'HelveticaBold' was requested. No similar font found.
31.1677 	WARNING 	Font b'HelveticaBold' was requested. No similar font found.
31.3499 	WARNING 	Font b'HelveticaBold' was requested. No similar font found.
31.5472 	WARNING 	Font b'HelveticaBold' was requested. No similar font found.
31.6119 	EXP 	Created slider = Slider(__class__=<class 'psychopy.visual.slider.Slider'>, autoDraw=False, autoLog=True, borderColor=None, color=None, colorSpace='rgb', depth=-1, fillColor=None, flip=False, font='HelveticaBold', granularity=1, labelColor=None, labelHeight=0.05, labelWrapWidth=None, labels=['HAPPY', 'SAD', 'ANGRY', 'FEARFUL'], lineColor=None, markerColor=None, name='slider', opacity=None, ori=0, pos=array([ 0. , -0.6]), readOnly=False, self=UNKNOWN, size=array([1. , 0.1]), startValue=None, style=['rating'], styleTweaks=[], ticks=array([1, 2, 3, 4]), units='norm', win=Window(...))
31.6301 	EXP 	Created next_button = TextStim(__class__=<class 'psychopy.visual.text.TextStim'>, alignHoriz=method-wrapper(...), alignText='center', alignVert=method-wrapper(...), anchorHoriz='center', anchorVert='center', antialias=True, autoDraw=False, autoLog=True, bold=False, color=array([1, 1, 1]), colorSpace='rgb', contrast=1.0, depth=-2.0, flipHoriz=False, flipVert=False, font='Arial', fontFiles=[], height=0.1, italic=False, languageStyle='LTR', name='next_button', opacity=1.0, ori=0, pos=array([ 0.7, -0.6]), rgb=UNKNOWN, text='CONTINUE', units='norm', win=Window(...), wrapWidth=1)
31.6302 	EXP 	window1: mouseVisible = True
31.6433 	EXP 	slider: autoLog = True
31.6433 	EXP 	slider: markerPos = None
31.6433 	EXP 	slider: styleTweaks = []
31.6433 	EXP 	slider: styleTweaks = []
31.6433 	EXP 	slider: styleTweaks = []
31.6433 	EXP 	slider: styleTweaks = []
31.6433 	EXP 	slider: contrast = 1.0
31.6433 	EXP 	slider: autoLog = True
31.6433 	EXP 	Instructions: autoDraw = True
32.0856 	DATA 	Mouse: Left button down, pos=(960,640)
33.6093 	EXP 	window1: mouseVisible = True
